<?xml version="1.0" encoding="utf-8"?>
<test-run id="2" testcasecount="116" result="Failed(Child)" total="116" passed="107" failed="7" inconclusive="2" skipped="0" asserts="0" engine-version="3.5.0.0" clr-version="4.0.30319.42000" start-time="2026-06-21 19:23:06Z" end-time="2026-06-21 19:23:27Z" duration="20.3882268">
  <test-suite type="TestSuite" id="1133" name="Kismeta AGY" fullname="Kismeta AGY" runstate="Runnable" testcasecount="116" result="Failed" site="Child" start-time="2026-06-21 19:23:06Z" end-time="2026-06-21 19:23:27Z" duration="20.388227" total="116" passed="107" failed="7" inconclusive="2" skipped="0" asserts="0">
    <properties>
      <property name="platform" value="EditMode" />
    </properties>
    <failure>
      <message><![CDATA[One or more child tests had errors]]></message>
    </failure>
    <test-suite type="Assembly" id="1124" name="Kismeta.Core.Tests.dll" fullname="D:/Unity/KismetaAGY/Library/ScriptAssemblies/Kismeta.Core.Tests.dll" runstate="Runnable" testcasecount="116" result="Failed" site="Child" start-time="2026-06-21 19:23:06Z" end-time="2026-06-21 19:23:27Z" duration="20.378474" total="116" passed="107" failed="7" inconclusive="2" skipped="0" asserts="0">
      <properties>
        <property name="_PID" value="34428" />
        <property name="_APPDOMAIN" value="Unity Child Domain" />
        <property name="platform" value="EditMode" />
        <property name="EditorOnly" value="True" />
      </properties>
      <failure>
        <message><![CDATA[One or more child tests had errors]]></message>
      </failure>
      <test-suite type="TestSuite" id="1125" name="Kismeta" fullname="Kismeta" runstate="Runnable" testcasecount="116" result="Failed" site="Child" start-time="2026-06-21 19:23:06Z" end-time="2026-06-21 19:23:27Z" duration="20.377553" total="116" passed="107" failed="7" inconclusive="2" skipped="0" asserts="0">
        <properties />
        <failure>
          <message><![CDATA[One or more child tests had errors]]></message>
        </failure>
        <test-suite type="TestSuite" id="1126" name="Core" fullname="Kismeta.Core" runstate="Runnable" testcasecount="116" result="Failed" site="Child" start-time="2026-06-21 19:23:06Z" end-time="2026-06-21 19:23:27Z" duration="20.377354" total="116" passed="107" failed="7" inconclusive="2" skipped="0" asserts="0">
          <properties />
          <failure>
            <message><![CDATA[One or more child tests had errors]]></message>
          </failure>
          <test-suite type="TestSuite" id="1127" name="Tests" fullname="Kismeta.Core.Tests" runstate="Runnable" testcasecount="116" result="Failed" site="Child" start-time="2026-06-21 19:23:06Z" end-time="2026-06-21 19:23:27Z" duration="20.377098" total="116" passed="107" failed="7" inconclusive="2" skipped="0" asserts="0">
            <properties />
            <failure>
              <message><![CDATA[One or more child tests had errors]]></message>
            </failure>
            <test-suite type="TestFixture" id="1001" name="CardDatabase_Tests" fullname="Kismeta.Core.Tests.CardDatabase_Tests" classname="Kismeta.Core.Tests.CardDatabase_Tests" runstate="Runnable" testcasecount="8" result="Passed" start-time="2026-06-21 19:23:06Z" end-time="2026-06-21 19:23:06Z" duration="0.030199" total="8" passed="8" failed="0" inconclusive="0" skipped="0" asserts="0">
              <properties />
              <output><![CDATA[[CardDatabase] Loaded 156 cards successfully.
]]></output>
              <test-case id="1009" name="All_Adept_Cards_Have_Sign" fullname="Kismeta.Core.Tests.CardDatabase_Tests.All_Adept_Cards_Have_Sign" methodname="All_Adept_Cards_Have_Sign" classname="Kismeta.Core.Tests.CardDatabase_Tests" runstate="Runnable" seed="1600339635" result="Passed" start-time="2026-06-21 19:23:06Z" end-time="2026-06-21 19:23:06Z" duration="0.010851" asserts="0">
                <properties>
                  <property name="retryIteration" value="0" />
                  <property name="repeatIteration" value="0" />
                </properties>
              </test-case>
              <test-case id="1004" name="Crucible_Count_Is_22" fullname="Kismeta.Core.Tests.CardDatabase_Tests.Crucible_Count_Is_22" methodname="Crucible_Count_Is_22" classname="Kismeta.Core.Tests.CardDatabase_Tests" runstate="Runnable" seed="519574956" result="Passed" start-time="2026-06-21 19:23:06Z" end-time="2026-06-21 19:23:06Z" duration="0.000639" asserts="0">
                <properties>
                  <property name="retryIteration" value="0" />
                  <property name="repeatIteration" value="0" />
                </properties>
              </test-case>
              <test-case id="1007" name="Crucible_GroupA_Has_4_Cards" fullname="Kismeta.Core.Tests.CardDatabase_Tests.Crucible_GroupA_Has_4_Cards" methodname="Crucible_GroupA_Has_4_Cards" classname="Kismeta.Core.Tests.CardDatabase_Tests" runstate="Runnable" seed="1956529823" result="Passed" start-time="2026-06-21 19:23:06Z" end-time="2026-06-21 19:23:06Z" duration="0.000535" asserts="0">
                <properties>
                  <property name="retryIteration" value="0" />
                  <property name="repeatIteration" value="0" />
                </properties>
              </test-case>
              <test-case id="1006" name="Each_Suit_Has_28_Minor_Arcana_Cards" fullname="Kismeta.Core.Tests.CardDatabase_Tests.Each_Suit_Has_28_Minor_Arcana_Cards" methodname="Each_Suit_Has_28_Minor_Arcana_Cards" classname="Kismeta.Core.Tests.CardDatabase_Tests" runstate="Runnable" seed="1638187683" result="Passed" start-time="2026-06-21 19:23:06Z" end-time="2026-06-21 19:23:06Z" duration="0.000515" asserts="0">
                <properties>
                  <property name="retryIteration" value="0" />
                  <property name="repeatIteration" value="0" />
                </properties>
              </test-case>
              <test-case id="1008" name="Known_Card_Id_Resolves_Correctly" fullname="Kismeta.Core.Tests.CardDatabase_Tests.Known_Card_Id_Resolves_Correctly" methodname="Known_Card_Id_Resolves_Correctly" classname="Kismeta.Core.Tests.CardDatabase_Tests" runstate="Runnable" seed="1038999572" result="Passed" start-time="2026-06-21 19:23:06Z" end-time="2026-06-21 19:23:06Z" duration="0.000305" asserts="0">
                <properties>
                  <property name="retryIteration" value="0" />
                  <property name="repeatIteration" value="0" />
                </properties>
              </test-case>
              <test-case id="1002" name="Loads_All_156_Cards" fullname="Kismeta.Core.Tests.CardDatabase_Tests.Loads_All_156_Cards" methodname="Loads_All_156_Cards" classname="Kismeta.Core.Tests.CardDatabase_Tests" runstate="Runnable" seed="876322697" result="Passed" start-time="2026-06-21 19:23:06Z" end-time="2026-06-21 19:23:06Z" duration="0.000095" asserts="0">
                <properties>
                  <property name="retryIteration" value="0" />
                  <property name="repeatIteration" value="0" />
                </properties>
              </test-case>
              <test-case id="1003" name="MajorArcana_Count_Is_22" fullname="Kismeta.Core.Tests.CardDatabase_Tests.MajorArcana_Count_Is_22" methodname="MajorArcana_Count_Is_22" classname="Kismeta.Core.Tests.CardDatabase_Tests" runstate="Runnable" seed="511520583" result="Passed" start-time="2026-06-21 19:23:06Z" end-time="2026-06-21 19:23:06Z" duration="0.000127" asserts="0">
                <properties>
                  <property name="retryIteration" value="0" />
                  <property name="repeatIteration" value="0" />
                </properties>
              </test-case>
              <test-case id="1005" name="MinorArcana_Count_Is_112" fullname="Kismeta.Core.Tests.CardDatabase_Tests.MinorArcana_Count_Is_112" methodname="MinorArcana_Count_Is_112" classname="Kismeta.Core.Tests.CardDatabase_Tests" runstate="Runnable" seed="1316326099" result="Passed" start-time="2026-06-21 19:23:06Z" end-time="2026-06-21 19:23:06Z" duration="0.000156" asserts="0">
                <properties>
                  <property name="retryIteration" value="0" />
                  <property name="repeatIteration" value="0" />
                </properties>
              </test-case>
            </test-suite>
            <test-suite type="TestFixture" id="1010" name="CodexFormulaValidator_Tests" fullname="Kismeta.Core.Tests.CodexFormulaValidator_Tests" classname="Kismeta.Core.Tests.CodexFormulaValidator_Tests" runstate="Runnable" testcasecount="13" result="Passed" start-time="2026-06-21 19:23:06Z" end-time="2026-06-21 19:23:06Z" duration="0.036404" total="13" passed="13" failed="0" inconclusive="0" skipped="0" asserts="0">
              <properties />
              <test-case id="1015" name="Planet_EmptyList_Fails" fullname="Kismeta.Core.Tests.CodexFormulaValidator_Tests.Planet_EmptyList_Fails" methodname="Planet_EmptyList_Fails" classname="Kismeta.Core.Tests.CodexFormulaValidator_Tests" runstate="Runnable" seed="641316317" result="Passed" start-time="2026-06-21 19:23:06Z" end-time="2026-06-21 19:23:06Z" duration="0.003492" asserts="0">
                <properties>
                  <property name="retryIteration" value="0" />
                  <property name="repeatIteration" value="0" />
                </properties>
                <output><![CDATA[[CardDatabase] Loaded 156 cards successfully.
]]></output>
              </test-case>
              <test-case id="1011" name="Planet_ExactlyThreeMars_Succeeds" fullname="Kismeta.Core.Tests.CodexFormulaValidator_Tests.Planet_ExactlyThreeMars_Succeeds" methodname="Planet_ExactlyThreeMars_Succeeds" classname="Kismeta.Core.Tests.CodexFormulaValidator_Tests" runstate="Runnable" seed="1310627913" result="Passed" start-time="2026-06-21 19:23:06Z" end-time="2026-06-21 19:23:06Z" duration="0.002238" asserts="0">
                <properties>
                  <property name="retryIteration" value="0" />
                  <property name="repeatIteration" value="0" />
                </properties>
                <output><![CDATA[[CardDatabase] Loaded 156 cards successfully.
]]></output>
              </test-case>
              <test-case id="1013" name="Planet_FourMars_Fails" fullname="Kismeta.Core.Tests.CodexFormulaValidator_Tests.Planet_FourMars_Fails" methodname="Planet_FourMars_Fails" classname="Kismeta.Core.Tests.CodexFormulaValidator_Tests" runstate="Runnable" seed="991470971" result="Passed" start-time="2026-06-21 19:23:06Z" end-time="2026-06-21 19:23:06Z" duration="0.002005" asserts="0">
                <properties>
                  <property name="retryIteration" value="0" />
                  <property name="repeatIteration" value="0" />
                </properties>
                <output><![CDATA[[CardDatabase] Loaded 156 cards successfully.
]]></output>
              </test-case>
              <test-case id="1012" name="Planet_TwoMars_Fails" fullname="Kismeta.Core.Tests.CodexFormulaValidator_Tests.Planet_TwoMars_Fails" methodname="Planet_TwoMars_Fails" classname="Kismeta.Core.Tests.CodexFormulaValidator_Tests" runstate="Runnable" seed="1659097499" result="Passed" start-time="2026-06-21 19:23:06Z" end-time="2026-06-21 19:23:06Z" duration="0.001864" asserts="0">
                <properties>
                  <property name="retryIteration" value="0" />
                  <property name="repeatIteration" value="0" />
                </properties>
                <output><![CDATA[[CardDatabase] Loaded 156 cards successfully.
]]></output>
              </test-case>
              <test-case id="1014" name="Planet_WrongPlanet_Fails" fullname="Kismeta.Core.Tests.CodexFormulaValidator_Tests.Planet_WrongPlanet_Fails" methodname="Planet_WrongPlanet_Fails" classname="Kismeta.Core.Tests.CodexFormulaValidator_Tests" runstate="Runnable" seed="1296945794" result="Passed" start-time="2026-06-21 19:23:06Z" end-time="2026-06-21 19:23:06Z" duration="0.001871" asserts="0">
                <properties>
                  <property name="retryIteration" value="0" />
                  <property name="repeatIteration" value="0" />
                </properties>
                <output><![CDATA[[CardDatabase] Loaded 156 cards successfully.
]]></output>
              </test-case>
              <test-case id="1021" name="RankSum_AceAs1_DoesNotMeetThreshold_AceAs15_Does" fullname="Kismeta.Core.Tests.CodexFormulaValidator_Tests.RankSum_AceAs1_DoesNotMeetThreshold_AceAs15_Does" methodname="RankSum_AceAs1_DoesNotMeetThreshold_AceAs15_Does" classname="Kismeta.Core.Tests.CodexFormulaValidator_Tests" runstate="Runnable" seed="35412775" result="Passed" start-time="2026-06-21 19:23:06Z" end-time="2026-06-21 19:23:06Z" duration="0.002238" asserts="0">
                <properties>
                  <property name="retryIteration" value="0" />
                  <property name="repeatIteration" value="0" />
                </properties>
                <output><![CDATA[[CardDatabase] Loaded 156 cards successfully.
]]></output>
              </test-case>
              <test-case id="1020" name="RankSum_AceAs15_MeetsThreshold" fullname="Kismeta.Core.Tests.CodexFormulaValidator_Tests.RankSum_AceAs15_MeetsThreshold" methodname="RankSum_AceAs15_MeetsThreshold" classname="Kismeta.Core.Tests.CodexFormulaValidator_Tests" runstate="Runnable" seed="1109198883" result="Passed" start-time="2026-06-21 19:23:06Z" end-time="2026-06-21 19:23:06Z" duration="0.001869" asserts="0">
                <properties>
                  <property name="retryIteration" value="0" />
                  <property name="repeatIteration" value="0" />
                </properties>
                <output><![CDATA[[CardDatabase] Loaded 156 cards successfully.
]]></output>
              </test-case>
              <test-case id="1023" name="RankSum_AllAcesAsLow_CannotReachThreshold_Fails" fullname="Kismeta.Core.Tests.CodexFormulaValidator_Tests.RankSum_AllAcesAsLow_CannotReachThreshold_Fails" methodname="RankSum_AllAcesAsLow_CannotReachThreshold_Fails" classname="Kismeta.Core.Tests.CodexFormulaValidator_Tests" runstate="Runnable" seed="307583452" result="Passed" start-time="2026-06-21 19:23:06Z" end-time="2026-06-21 19:23:06Z" duration="0.001897" asserts="0">
                <properties>
                  <property name="retryIteration" value="0" />
                  <property name="repeatIteration" value="0" />
                </properties>
                <output><![CDATA[[CardDatabase] Loaded 156 cards successfully.
]]></output>
              </test-case>
              <test-case id="1019" name="RankSum_OneCardExactlyAtThreshold_Succeeds" fullname="Kismeta.Core.Tests.CodexFormulaValidator_Tests.RankSum_OneCardExactlyAtThreshold_Succeeds" methodname="RankSum_OneCardExactlyAtThreshold_Succeeds" classname="Kismeta.Core.Tests.CodexFormulaValidator_Tests" runstate="Runnable" seed="1844196154" result="Passed" start-time="2026-06-21 19:23:06Z" end-time="2026-06-21 19:23:06Z" duration="0.001846" asserts="0">
                <properties>
                  <property name="retryIteration" value="0" />
                  <property name="repeatIteration" value="0" />
                </properties>
                <output><![CDATA[[CardDatabase] Loaded 156 cards successfully.
]]></output>
              </test-case>
              <test-case id="1017" name="RankSum_ThreeWands_InsufficientSum_Fails" fullname="Kismeta.Core.Tests.CodexFormulaValidator_Tests.RankSum_ThreeWands_InsufficientSum_Fails" methodname="RankSum_ThreeWands_InsufficientSum_Fails" classname="Kismeta.Core.Tests.CodexFormulaValidator_Tests" runstate="Runnable" seed="1210819294" result="Passed" start-time="2026-06-21 19:23:06Z" end-time="2026-06-21 19:23:06Z" duration="0.001906" asserts="0">
                <properties>
                  <property name="retryIteration" value="0" />
                  <property name="repeatIteration" value="0" />
                </properties>
                <output><![CDATA[[CardDatabase] Loaded 156 cards successfully.
]]></output>
              </test-case>
              <test-case id="1016" name="RankSum_ThreeWands_SufficientSum_Succeeds" fullname="Kismeta.Core.Tests.CodexFormulaValidator_Tests.RankSum_ThreeWands_SufficientSum_Succeeds" methodname="RankSum_ThreeWands_SufficientSum_Succeeds" classname="Kismeta.Core.Tests.CodexFormulaValidator_Tests" runstate="Runnable" seed="1942772437" result="Passed" start-time="2026-06-21 19:23:06Z" end-time="2026-06-21 19:23:06Z" duration="0.001911" asserts="0">
                <properties>
                  <property name="retryIteration" value="0" />
                  <property name="repeatIteration" value="0" />
                </properties>
                <output><![CDATA[[CardDatabase] Loaded 156 cards successfully.
]]></output>
              </test-case>
              <test-case id="1022" name="RankSum_TwoAces_BothAs1_Fails_BothAs15_Succeeds" fullname="Kismeta.Core.Tests.CodexFormulaValidator_Tests.RankSum_TwoAces_BothAs1_Fails_BothAs15_Succeeds" methodname="RankSum_TwoAces_BothAs1_Fails_BothAs15_Succeeds" classname="Kismeta.Core.Tests.CodexFormulaValidator_Tests" runstate="Runnable" seed="1038750326" result="Passed" start-time="2026-06-21 19:23:06Z" end-time="2026-06-21 19:23:06Z" duration="0.001901" asserts="0">
                <properties>
                  <property name="retryIteration" value="0" />
                  <property name="repeatIteration" value="0" />
                </properties>
                <output><![CDATA[[CardDatabase] Loaded 156 cards successfully.
]]></output>
              </test-case>
              <test-case id="1018" name="RankSum_WrongSuit_Fails" fullname="Kismeta.Core.Tests.CodexFormulaValidator_Tests.RankSum_WrongSuit_Fails" methodname="RankSum_WrongSuit_Fails" classname="Kismeta.Core.Tests.CodexFormulaValidator_Tests" runstate="Runnable" seed="759315675" result="Passed" start-time="2026-06-21 19:23:06Z" end-time="2026-06-21 19:23:06Z" duration="0.001961" asserts="0">
                <properties>
                  <property name="retryIteration" value="0" />
                  <property name="repeatIteration" value="0" />
                </properties>
                <output><![CDATA[[CardDatabase] Loaded 156 cards successfully.
]]></output>
              </test-case>
            </test-suite>
            <test-suite type="TestFixture" id="1024" name="GameLoop_Tests" fullname="Kismeta.Core.Tests.GameLoop_Tests" classname="Kismeta.Core.Tests.GameLoop_Tests" runstate="Runnable" testcasecount="8" result="Passed" start-time="2026-06-21 19:23:06Z" end-time="2026-06-21 19:23:26Z" duration="20.063741" total="8" passed="8" failed="0" inconclusive="0" skipped="0" asserts="0">
              <properties />
              <test-case id="1032" name="ActionValidator_Accepts_Agekeeper_Roll_From_Agekeeper" fullname="Kismeta.Core.Tests.GameLoop_Tests.ActionValidator_Accepts_Agekeeper_Roll_From_Agekeeper" methodname="ActionValidator_Accepts_Agekeeper_Roll_From_Agekeeper" classname="Kismeta.Core.Tests.GameLoop_Tests" runstate="Runnable" seed="1861385591" result="Passed" start-time="2026-06-21 19:23:06Z" end-time="2026-06-21 19:23:06Z" duration="0.003494" asserts="0">
                <properties>
                  <property name="retryIteration" value="0" />
                  <property name="repeatIteration" value="0" />
                </properties>
                <output><![CDATA[[CardDatabase] Loaded 156 cards successfully.
]]></output>
              </test-case>
              <test-case id="1031" name="ActionValidator_Rejects_Agekeeper_Roll_From_Non_Agekeeper" fullname="Kismeta.Core.Tests.GameLoop_Tests.ActionValidator_Rejects_Agekeeper_Roll_From_Non_Agekeeper" methodname="ActionValidator_Rejects_Agekeeper_Roll_From_Non_Agekeeper" classname="Kismeta.Core.Tests.GameLoop_Tests" runstate="Runnable" seed="1749115668" result="Passed" start-time="2026-06-21 19:23:06Z" end-time="2026-06-21 19:23:06Z" duration="0.002346" asserts="0">
                <properties>
                  <property name="retryIteration" value="0" />
                  <property name="repeatIteration" value="0" />
                </properties>
                <output><![CDATA[[CardDatabase] Loaded 156 cards successfully.
]]></output>
              </test-case>
              <test-case id="1029" name="GameLoop_Event_Log_Is_Non_Empty_After_Setup" fullname="Kismeta.Core.Tests.GameLoop_Tests.GameLoop_Event_Log_Is_Non_Empty_After_Setup" methodname="GameLoop_Event_Log_Is_Non_Empty_After_Setup" classname="Kismeta.Core.Tests.GameLoop_Tests" runstate="Runnable" seed="608502788" result="Passed" start-time="2026-06-21 19:23:06Z" end-time="2026-06-21 19:23:06Z" duration="0.004651" asserts="0">
                <properties>
                  <property name="retryIteration" value="0" />
                  <property name="repeatIteration" value="0" />
                </properties>
                <output><![CDATA[[CardDatabase] Loaded 156 cards successfully.
]]></output>
              </test-case>
              <test-case id="1026" name="GameLoop_Setup_Populates_All_Decks" fullname="Kismeta.Core.Tests.GameLoop_Tests.GameLoop_Setup_Populates_All_Decks" methodname="GameLoop_Setup_Populates_All_Decks" classname="Kismeta.Core.Tests.GameLoop_Tests" runstate="Runnable" seed="336761813" result="Passed" start-time="2026-06-21 19:23:06Z" end-time="2026-06-21 19:23:06Z" duration="0.002328" asserts="0">
                <properties>
                  <property name="retryIteration" value="0" />
                  <property name="repeatIteration" value="0" />
                </properties>
                <output><![CDATA[[CardDatabase] Loaded 156 cards successfully.
]]></output>
              </test-case>
              <test-case id="1027" name="GameLoop_Spring_Gives_Each_Player_At_Least_3_Cards_From_Harvest" fullname="Kismeta.Core.Tests.GameLoop_Tests.GameLoop_Spring_Gives_Each_Player_At_Least_3_Cards_From_Harvest" methodname="GameLoop_Spring_Gives_Each_Player_At_Least_3_Cards_From_Harvest" classname="Kismeta.Core.Tests.GameLoop_Tests" runstate="Runnable" seed="586776839" result="Passed" start-time="2026-06-21 19:23:06Z" end-time="2026-06-21 19:23:06Z" duration="0.002605" asserts="0">
                <properties>
                  <property name="retryIteration" value="0" />
                  <property name="repeatIteration" value="0" />
                </properties>
                <output><![CDATA[[CardDatabase] Loaded 156 cards successfully.
]]></output>
              </test-case>
              <test-case id="1025" name="GameLoop_Starts_And_Runs_Without_Exception" fullname="Kismeta.Core.Tests.GameLoop_Tests.GameLoop_Starts_And_Runs_Without_Exception" methodname="GameLoop_Starts_And_Runs_Without_Exception" classname="Kismeta.Core.Tests.GameLoop_Tests" runstate="Runnable" seed="438340657" result="Passed" start-time="2026-06-21 19:23:06Z" end-time="2026-06-21 19:23:21Z" duration="15.013445" asserts="0">
                <properties>
                  <property name="retryIteration" value="0" />
                  <property name="repeatIteration" value="0" />
                </properties>
                <output><![CDATA[[CardDatabase] Loaded 156 cards successfully.
]]></output>
              </test-case>
              <test-case id="1030" name="GameLoop_Two_Players_Two_Seeds_Produce_Different_Setup" fullname="Kismeta.Core.Tests.GameLoop_Tests.GameLoop_Two_Players_Two_Seeds_Produce_Different_Setup" methodname="GameLoop_Two_Players_Two_Seeds_Produce_Different_Setup" classname="Kismeta.Core.Tests.GameLoop_Tests" runstate="Runnable" seed="1694645300" result="Passed" start-time="2026-06-21 19:23:21Z" end-time="2026-06-21 19:23:21Z" duration="0.003144" asserts="0">
                <properties>
                  <property name="retryIteration" value="0" />
                  <property name="repeatIteration" value="0" />
                </properties>
                <output><![CDATA[[CardDatabase] Loaded 156 cards successfully.
Seed 42 first crucible: inst-crucible.a.3
Seed 99 first crucible: inst-crucible.a.1
]]></output>
              </test-case>
              <test-case id="1028" name="GameLoop_Winter_Rotates_Agekeeper_Each_Round" fullname="Kismeta.Core.Tests.GameLoop_Tests.GameLoop_Winter_Rotates_Agekeeper_Each_Round" methodname="GameLoop_Winter_Rotates_Agekeeper_Each_Round" classname="Kismeta.Core.Tests.GameLoop_Tests" runstate="Runnable" seed="167993326" result="Passed" start-time="2026-06-21 19:23:21Z" end-time="2026-06-21 19:23:26Z" duration="5.025537" asserts="0">
                <properties>
                  <property name="retryIteration" value="0" />
                  <property name="repeatIteration" value="0" />
                </properties>
                <output><![CDATA[[CardDatabase] Loaded 156 cards successfully.
]]></output>
              </test-case>
            </test-suite>
            <test-suite type="TestFixture" id="1033" name="GameSession_Tests" fullname="Kismeta.Core.Tests.GameSession_Tests" classname="Kismeta.Core.Tests.GameSession_Tests" runstate="Runnable" testcasecount="9" result="Passed" start-time="2026-06-21 19:23:26Z" end-time="2026-06-21 19:23:26Z" duration="0.033885" total="9" passed="9" failed="0" inconclusive="0" skipped="0" asserts="0">
              <properties />
              <test-case id="1036" name="Apply_AdvancePhaseCommand_Emits_PhaseChangedEvent" fullname="Kismeta.Core.Tests.GameSession_Tests.Apply_AdvancePhaseCommand_Emits_PhaseChangedEvent" methodname="Apply_AdvancePhaseCommand_Emits_PhaseChangedEvent" classname="Kismeta.Core.Tests.GameSession_Tests" runstate="Runnable" seed="273167153" result="Passed" start-time="2026-06-21 19:23:26Z" end-time="2026-06-21 19:23:26Z" duration="0.003050" asserts="0">
                <properties>
                  <property name="retryIteration" value="0" />
                  <property name="repeatIteration" value="0" />
                </properties>
              </test-case>
              <test-case id="1035" name="Apply_AdvancePhaseCommand_Moves_To_Next_Step" fullname="Kismeta.Core.Tests.GameSession_Tests.Apply_AdvancePhaseCommand_Moves_To_Next_Step" methodname="Apply_AdvancePhaseCommand_Moves_To_Next_Step" classname="Kismeta.Core.Tests.GameSession_Tests" runstate="Runnable" seed="2139194799" result="Passed" start-time="2026-06-21 19:23:26Z" end-time="2026-06-21 19:23:26Z" duration="0.000186" asserts="0">
                <properties>
                  <property name="retryIteration" value="0" />
                  <property name="repeatIteration" value="0" />
                </properties>
              </test-case>
              <test-case id="1038" name="Apply_SetCardLock_Engages_CardLock" fullname="Kismeta.Core.Tests.GameSession_Tests.Apply_SetCardLock_Engages_CardLock" methodname="Apply_SetCardLock_Engages_CardLock" classname="Kismeta.Core.Tests.GameSession_Tests" runstate="Runnable" seed="1675095309" result="Passed" start-time="2026-06-21 19:23:26Z" end-time="2026-06-21 19:23:26Z" duration="0.000175" asserts="0">
                <properties>
                  <property name="retryIteration" value="0" />
                  <property name="repeatIteration" value="0" />
                </properties>
              </test-case>
              <test-case id="1037" name="Apply_UnhandledCommand_Returns_NotImplemented" fullname="Kismeta.Core.Tests.GameSession_Tests.Apply_UnhandledCommand_Returns_NotImplemented" methodname="Apply_UnhandledCommand_Returns_NotImplemented" classname="Kismeta.Core.Tests.GameSession_Tests" runstate="Runnable" seed="1370680374" result="Passed" start-time="2026-06-21 19:23:26Z" end-time="2026-06-21 19:23:26Z" duration="0.000100" asserts="0">
                <properties>
                  <property name="retryIteration" value="0" />
                  <property name="repeatIteration" value="0" />
                </properties>
              </test-case>
              <test-case id="1042" name="Full_Spring_Sequence_Advances_To_Summer" fullname="Kismeta.Core.Tests.GameSession_Tests.Full_Spring_Sequence_Advances_To_Summer" methodname="Full_Spring_Sequence_Advances_To_Summer" classname="Kismeta.Core.Tests.GameSession_Tests" runstate="Runnable" seed="1759653422" result="Passed" start-time="2026-06-21 19:23:26Z" end-time="2026-06-21 19:23:26Z" duration="0.000233" asserts="0">
                <properties>
                  <property name="retryIteration" value="0" />
                  <property name="repeatIteration" value="0" />
                </properties>
              </test-case>
              <test-case id="1039" name="Register_And_Retrieve_CardInstance" fullname="Kismeta.Core.Tests.GameSession_Tests.Register_And_Retrieve_CardInstance" methodname="Register_And_Retrieve_CardInstance" classname="Kismeta.Core.Tests.GameSession_Tests" runstate="Runnable" seed="447802961" result="Passed" start-time="2026-06-21 19:23:26Z" end-time="2026-06-21 19:23:26Z" duration="0.000276" asserts="0">
                <properties>
                  <property name="retryIteration" value="0" />
                  <property name="repeatIteration" value="0" />
                </properties>
              </test-case>
              <test-case id="1034" name="Session_Initialises_With_Spring_Phase" fullname="Kismeta.Core.Tests.GameSession_Tests.Session_Initialises_With_Spring_Phase" methodname="Session_Initialises_With_Spring_Phase" classname="Kismeta.Core.Tests.GameSession_Tests" runstate="Runnable" seed="1432325398" result="Passed" start-time="2026-06-21 19:23:26Z" end-time="2026-06-21 19:23:26Z" duration="0.000128" asserts="0">
                <properties>
                  <property name="retryIteration" value="0" />
                  <property name="repeatIteration" value="0" />
                </properties>
              </test-case>
              <test-case id="1040" name="Session_Requires_Two_To_Four_Players" fullname="Kismeta.Core.Tests.GameSession_Tests.Session_Requires_Two_To_Four_Players" methodname="Session_Requires_Two_To_Four_Players" classname="Kismeta.Core.Tests.GameSession_Tests" runstate="Runnable" seed="2034561004" result="Passed" start-time="2026-06-21 19:23:26Z" end-time="2026-06-21 19:23:26Z" duration="0.000867" asserts="0">
                <properties>
                  <property name="retryIteration" value="0" />
                  <property name="repeatIteration" value="0" />
                </properties>
              </test-case>
              <test-case id="1041" name="SetWinner_Marks_Session_Over" fullname="Kismeta.Core.Tests.GameSession_Tests.SetWinner_Marks_Session_Over" methodname="SetWinner_Marks_Session_Over" classname="Kismeta.Core.Tests.GameSession_Tests" runstate="Runnable" seed="1759088046" result="Passed" start-time="2026-06-21 19:23:26Z" end-time="2026-06-21 19:23:26Z" duration="0.000336" asserts="0">
                <properties>
                  <property name="retryIteration" value="0" />
                  <property name="repeatIteration" value="0" />
                </properties>
              </test-case>
            </test-suite>
            <test-suite type="TestFixture" id="1043" name="PhaseController_Tests" fullname="Kismeta.Core.Tests.PhaseController_Tests" classname="Kismeta.Core.Tests.PhaseController_Tests" runstate="Runnable" testcasecount="8" result="Passed" start-time="2026-06-21 19:23:26Z" end-time="2026-06-21 19:23:26Z" duration="0.004894" total="8" passed="8" failed="0" inconclusive="0" skipped="0" asserts="0">
              <properties />
              <test-case id="1047" name="Advancing_Through_All_Spring_Steps_Transitions_To_Summer" fullname="Kismeta.Core.Tests.PhaseController_Tests.Advancing_Through_All_Spring_Steps_Transitions_To_Summer" methodname="Advancing_Through_All_Spring_Steps_Transitions_To_Summer" classname="Kismeta.Core.Tests.PhaseController_Tests" runstate="Runnable" seed="1252805303" result="Passed" start-time="2026-06-21 19:23:26Z" end-time="2026-06-21 19:23:26Z" duration="0.000121" asserts="0">
                <properties>
                  <property name="retryIteration" value="0" />
                  <property name="repeatIteration" value="0" />
                </properties>
              </test-case>
              <test-case id="1051" name="Full_Round_Cycle_Completes_Without_Error" fullname="Kismeta.Core.Tests.PhaseController_Tests.Full_Round_Cycle_Completes_Without_Error" methodname="Full_Round_Cycle_Completes_Without_Error" classname="Kismeta.Core.Tests.PhaseController_Tests" runstate="Runnable" seed="551340942" result="Passed" start-time="2026-06-21 19:23:26Z" end-time="2026-06-21 19:23:26Z" duration="0.000226" asserts="0">
                <properties>
                  <property name="retryIteration" value="0" />
                  <property name="repeatIteration" value="0" />
                </properties>
              </test-case>
              <test-case id="1049" name="SetSeason_Resets_Step_Index" fullname="Kismeta.Core.Tests.PhaseController_Tests.SetSeason_Resets_Step_Index" methodname="SetSeason_Resets_Step_Index" classname="Kismeta.Core.Tests.PhaseController_Tests" runstate="Runnable" seed="1714227662" result="Passed" start-time="2026-06-21 19:23:26Z" end-time="2026-06-21 19:23:26Z" duration="0.000131" asserts="0">
                <properties>
                  <property name="retryIteration" value="0" />
                  <property name="repeatIteration" value="0" />
                </properties>
              </test-case>
              <test-case id="1045" name="Spring_Has_5_Steps" fullname="Kismeta.Core.Tests.PhaseController_Tests.Spring_Has_5_Steps" methodname="Spring_Has_5_Steps" classname="Kismeta.Core.Tests.PhaseController_Tests" runstate="Runnable" seed="1245278214" result="Passed" start-time="2026-06-21 19:23:26Z" end-time="2026-06-21 19:23:26Z" duration="0.000089" asserts="0">
                <properties>
                  <property name="retryIteration" value="0" />
                  <property name="repeatIteration" value="0" />
                </properties>
              </test-case>
              <test-case id="1044" name="Starts_In_Spring_Step_0" fullname="Kismeta.Core.Tests.PhaseController_Tests.Starts_In_Spring_Step_0" methodname="Starts_In_Spring_Step_0" classname="Kismeta.Core.Tests.PhaseController_Tests" runstate="Runnable" seed="2117783103" result="Passed" start-time="2026-06-21 19:23:26Z" end-time="2026-06-21 19:23:26Z" duration="0.000185" asserts="0">
                <properties>
                  <property name="retryIteration" value="0" />
                  <property name="repeatIteration" value="0" />
                </properties>
              </test-case>
              <test-case id="1050" name="Step5_Of_Spring_Is_CardLock" fullname="Kismeta.Core.Tests.PhaseController_Tests.Step5_Of_Spring_Is_CardLock" methodname="Step5_Of_Spring_Is_CardLock" classname="Kismeta.Core.Tests.PhaseController_Tests" runstate="Runnable" seed="1602930081" result="Passed" start-time="2026-06-21 19:23:26Z" end-time="2026-06-21 19:23:26Z" duration="0.000101" asserts="0">
                <properties>
                  <property name="retryIteration" value="0" />
                  <property name="repeatIteration" value="0" />
                </properties>
              </test-case>
              <test-case id="1046" name="Summer_Has_6_Steps_All_Unordered" fullname="Kismeta.Core.Tests.PhaseController_Tests.Summer_Has_6_Steps_All_Unordered" methodname="Summer_Has_6_Steps_All_Unordered" classname="Kismeta.Core.Tests.PhaseController_Tests" runstate="Runnable" seed="1374537655" result="Passed" start-time="2026-06-21 19:23:26Z" end-time="2026-06-21 19:23:26Z" duration="0.000287" asserts="0">
                <properties>
                  <property name="retryIteration" value="0" />
                  <property name="repeatIteration" value="0" />
                </properties>
              </test-case>
              <test-case id="1048" name="Winter_Transitions_Back_To_Spring" fullname="Kismeta.Core.Tests.PhaseController_Tests.Winter_Transitions_Back_To_Spring" methodname="Winter_Transitions_Back_To_Spring" classname="Kismeta.Core.Tests.PhaseController_Tests" runstate="Runnable" seed="175290823" result="Passed" start-time="2026-06-21 19:23:26Z" end-time="2026-06-21 19:23:26Z" duration="0.000131" asserts="0">
                <properties>
                  <property name="retryIteration" value="0" />
                  <property name="repeatIteration" value="0" />
                </properties>
              </test-case>
            </test-suite>
            <test-suite type="TestFixture" id="1052" name="PlayerView_Tests" fullname="Kismeta.Core.Tests.PlayerView_Tests" classname="Kismeta.Core.Tests.PlayerView_Tests" runstate="Runnable" testcasecount="5" result="Passed" start-time="2026-06-21 19:23:26Z" end-time="2026-06-21 19:23:26Z" duration="0.005178" total="5" passed="5" failed="0" inconclusive="0" skipped="0" asserts="0">
              <properties />
              <test-case id="1053" name="GamePublicView_Does_Not_Expose_Hand_Contents" fullname="Kismeta.Core.Tests.PlayerView_Tests.GamePublicView_Does_Not_Expose_Hand_Contents" methodname="GamePublicView_Does_Not_Expose_Hand_Contents" classname="Kismeta.Core.Tests.PlayerView_Tests" runstate="Runnable" seed="503442585" result="Passed" start-time="2026-06-21 19:23:26Z" end-time="2026-06-21 19:23:26Z" duration="0.000536" asserts="0">
                <properties>
                  <property name="retryIteration" value="0" />
                  <property name="repeatIteration" value="0" />
                </properties>
              </test-case>
              <test-case id="1054" name="GamePublicView_HandCardCount_Is_Correct" fullname="Kismeta.Core.Tests.PlayerView_Tests.GamePublicView_HandCardCount_Is_Correct" methodname="GamePublicView_HandCardCount_Is_Correct" classname="Kismeta.Core.Tests.PlayerView_Tests" runstate="Runnable" seed="153874589" result="Passed" start-time="2026-06-21 19:23:26Z" end-time="2026-06-21 19:23:26Z" duration="0.000193" asserts="0">
                <properties>
                  <property name="retryIteration" value="0" />
                  <property name="repeatIteration" value="0" />
                </properties>
              </test-case>
              <test-case id="1057" name="GamePublicView_Shows_Current_Phase" fullname="Kismeta.Core.Tests.PlayerView_Tests.GamePublicView_Shows_Current_Phase" methodname="GamePublicView_Shows_Current_Phase" classname="Kismeta.Core.Tests.PlayerView_Tests" runstate="Runnable" seed="1907607798" result="Passed" start-time="2026-06-21 19:23:26Z" end-time="2026-06-21 19:23:26Z" duration="0.000335" asserts="0">
                <properties>
                  <property name="retryIteration" value="0" />
                  <property name="repeatIteration" value="0" />
                </properties>
              </test-case>
              <test-case id="1055" name="PlayerPrivateView_Reveals_Only_Requesting_Players_Hand" fullname="Kismeta.Core.Tests.PlayerView_Tests.PlayerPrivateView_Reveals_Only_Requesting_Players_Hand" methodname="PlayerPrivateView_Reveals_Only_Requesting_Players_Hand" classname="Kismeta.Core.Tests.PlayerView_Tests" runstate="Runnable" seed="832684706" result="Passed" start-time="2026-06-21 19:23:26Z" end-time="2026-06-21 19:23:26Z" duration="0.001302" asserts="0">
                <properties>
                  <property name="retryIteration" value="0" />
                  <property name="repeatIteration" value="0" />
                </properties>
              </test-case>
              <test-case id="1056" name="PublicView_Spread_Is_Visible" fullname="Kismeta.Core.Tests.PlayerView_Tests.PublicView_Spread_Is_Visible" methodname="PublicView_Spread_Is_Visible" classname="Kismeta.Core.Tests.PlayerView_Tests" runstate="Runnable" seed="543515405" result="Passed" start-time="2026-06-21 19:23:26Z" end-time="2026-06-21 19:23:26Z" duration="0.000526" asserts="0">
                <properties>
                  <property name="retryIteration" value="0" />
                  <property name="repeatIteration" value="0" />
                </properties>
              </test-case>
            </test-suite>
            <test-suite type="TestFixture" id="1058" name="RuleServices_Tests" fullname="Kismeta.Core.Tests.RuleServices_Tests" classname="Kismeta.Core.Tests.RuleServices_Tests" runstate="Runnable" testcasecount="65" result="Failed" site="Child" start-time="2026-06-21 19:23:26Z" end-time="2026-06-21 19:23:27Z" duration="0.199625" total="65" passed="56" failed="7" inconclusive="2" skipped="0" asserts="0">
              <properties />
              <failure>
                <message><![CDATA[One or more child tests had errors]]></message>
              </failure>
              <test-case id="1080" name="Activate_Fails_If_Slot_Not_Dormant" fullname="Kismeta.Core.Tests.RuleServices_Tests.Activate_Fails_If_Slot_Not_Dormant" methodname="Activate_Fails_If_Slot_Not_Dormant" classname="Kismeta.Core.Tests.RuleServices_Tests" runstate="Runnable" seed="586066453" result="Passed" start-time="2026-06-21 19:23:26Z" end-time="2026-06-21 19:23:26Z" duration="0.008461" asserts="0">
                <properties>
                  <property name="retryIteration" value="0" />
                  <property name="repeatIteration" value="0" />
                </properties>
                <output><![CDATA[[CardDatabase] Loaded 156 cards successfully.
]]></output>
              </test-case>
              <test-case id="1104" name="Activate_Fails_When_Cards_Not_In_Spread" fullname="Kismeta.Core.Tests.RuleServices_Tests.Activate_Fails_When_Cards_Not_In_Spread" methodname="Activate_Fails_When_Cards_Not_In_Spread" classname="Kismeta.Core.Tests.RuleServices_Tests" runstate="Runnable" seed="605298415" result="Passed" start-time="2026-06-21 19:23:26Z" end-time="2026-06-21 19:23:26Z" duration="0.004029" asserts="0">
                <properties>
                  <property name="retryIteration" value="0" />
                  <property name="repeatIteration" value="0" />
                </properties>
                <output><![CDATA[[CardDatabase] Loaded 156 cards successfully.
]]></output>
              </test-case>
              <test-case id="1081" name="Activate_Fails_With_Fewer_Than_3_Cards" fullname="Kismeta.Core.Tests.RuleServices_Tests.Activate_Fails_With_Fewer_Than_3_Cards" methodname="Activate_Fails_With_Fewer_Than_3_Cards" classname="Kismeta.Core.Tests.RuleServices_Tests" runstate="Runnable" seed="67908979" result="Passed" start-time="2026-06-21 19:23:26Z" end-time="2026-06-21 19:23:26Z" duration="0.003607" asserts="0">
                <properties>
                  <property name="retryIteration" value="0" />
                  <property name="repeatIteration" value="0" />
                </properties>
                <output><![CDATA[[CardDatabase] Loaded 156 cards successfully.
]]></output>
              </test-case>
              <test-case id="1103" name="Activate_Fails_With_No_Coal" fullname="Kismeta.Core.Tests.RuleServices_Tests.Activate_Fails_With_No_Coal" methodname="Activate_Fails_With_No_Coal" classname="Kismeta.Core.Tests.RuleServices_Tests" runstate="Runnable" seed="612621630" result="Passed" start-time="2026-06-21 19:23:26Z" end-time="2026-06-21 19:23:26Z" duration="0.007622" asserts="0">
                <properties>
                  <property name="retryIteration" value="0" />
                  <property name="repeatIteration" value="0" />
                </properties>
                <output><![CDATA[[CardDatabase] Loaded 156 cards successfully.
]]></output>
              </test-case>
              <test-case id="1098" name="Activate_Fails_With_Wrong_Planet_Cards" fullname="Kismeta.Core.Tests.RuleServices_Tests.Activate_Fails_With_Wrong_Planet_Cards" methodname="Activate_Fails_With_Wrong_Planet_Cards" classname="Kismeta.Core.Tests.RuleServices_Tests" runstate="Runnable" seed="1468334356" result="Passed" start-time="2026-06-21 19:23:26Z" end-time="2026-06-21 19:23:26Z" duration="0.015571" asserts="0">
                <properties>
                  <property name="retryIteration" value="0" />
                  <property name="repeatIteration" value="0" />
                </properties>
                <output><![CDATA[[CardDatabase] Loaded 156 cards successfully.
]]></output>
              </test-case>
              <test-case id="1100" name="Activate_Lights_Correct_Cauldron" fullname="Kismeta.Core.Tests.RuleServices_Tests.Activate_Lights_Correct_Cauldron" methodname="Activate_Lights_Correct_Cauldron" classname="Kismeta.Core.Tests.RuleServices_Tests" runstate="Runnable" seed="445320105" result="Failed" start-time="2026-06-21 19:23:26Z" end-time="2026-06-21 19:23:26Z" duration="0.005877" asserts="0">
                <properties>
                  <property name="retryIteration" value="0" />
                  <property name="repeatIteration" value="0" />
                </properties>
                <failure>
                  <message><![CDATA[  Activate Crucible is only available during Summer or Autumn.
  Expected: True
  But was:  False
]]></message>
                  <stack-trace><![CDATA[at Kismeta.Core.Tests.RuleServices_Tests.Activate_Lights_Correct_Cauldron () [0x000ac] in D:\Unity\KismetaAGY\Assets\_Project\Tests\EditMode\RuleServices_Tests.cs:714
]]></stack-trace>
                </failure>
                <output><![CDATA[[CardDatabase] Loaded 156 cards successfully.
]]></output>
              </test-case>
              <test-case id="1102" name="Activate_RankSum_Fails_With_Insufficient_Sum" fullname="Kismeta.Core.Tests.RuleServices_Tests.Activate_RankSum_Fails_With_Insufficient_Sum" methodname="Activate_RankSum_Fails_With_Insufficient_Sum" classname="Kismeta.Core.Tests.RuleServices_Tests" runstate="Runnable" seed="1947959783" result="Passed" start-time="2026-06-21 19:23:26Z" end-time="2026-06-21 19:23:26Z" duration="0.002657" asserts="0">
                <properties>
                  <property name="retryIteration" value="0" />
                  <property name="repeatIteration" value="0" />
                </properties>
                <output><![CDATA[[CardDatabase] Loaded 156 cards successfully.
]]></output>
              </test-case>
              <test-case id="1101" name="Activate_RankSum_Succeeds_With_Enough_Wands" fullname="Kismeta.Core.Tests.RuleServices_Tests.Activate_RankSum_Succeeds_With_Enough_Wands" methodname="Activate_RankSum_Succeeds_With_Enough_Wands" classname="Kismeta.Core.Tests.RuleServices_Tests" runstate="Runnable" seed="833040107" result="Failed" start-time="2026-06-21 19:23:26Z" end-time="2026-06-21 19:23:26Z" duration="0.002489" asserts="0">
                <properties>
                  <property name="retryIteration" value="0" />
                  <property name="repeatIteration" value="0" />
                </properties>
                <failure>
                  <message><![CDATA[  Activate Crucible is only available during Summer or Autumn.
  Expected: True
  But was:  False
]]></message>
                  <stack-trace><![CDATA[at Kismeta.Core.Tests.RuleServices_Tests.Activate_RankSum_Succeeds_With_Enough_Wands () [0x000bc] in D:\Unity\KismetaAGY\Assets\_Project\Tests\EditMode\RuleServices_Tests.cs:738
]]></stack-trace>
                </failure>
                <output><![CDATA[[CardDatabase] Loaded 156 cards successfully.
]]></output>
              </test-case>
              <test-case id="1099" name="Activate_Removes_Coal_From_Slot" fullname="Kismeta.Core.Tests.RuleServices_Tests.Activate_Removes_Coal_From_Slot" methodname="Activate_Removes_Coal_From_Slot" classname="Kismeta.Core.Tests.RuleServices_Tests" runstate="Runnable" seed="656617410" result="Failed" start-time="2026-06-21 19:23:26Z" end-time="2026-06-21 19:23:26Z" duration="0.002619" asserts="0">
                <properties>
                  <property name="retryIteration" value="0" />
                  <property name="repeatIteration" value="0" />
                </properties>
                <failure>
                  <message><![CDATA[  Activate Crucible is only available during Summer or Autumn.
  Expected: True
  But was:  False
]]></message>
                  <stack-trace><![CDATA[at Kismeta.Core.Tests.RuleServices_Tests.Activate_Removes_Coal_From_Slot () [0x0007e] in D:\Unity\KismetaAGY\Assets\_Project\Tests\EditMode\RuleServices_Tests.cs:691
]]></stack-trace>
                </failure>
                <output><![CDATA[[CardDatabase] Loaded 156 cards successfully.
]]></output>
              </test-case>
              <test-case id="1082" name="Activate_Success_Makes_Slot_Active" fullname="Kismeta.Core.Tests.RuleServices_Tests.Activate_Success_Makes_Slot_Active" methodname="Activate_Success_Makes_Slot_Active" classname="Kismeta.Core.Tests.RuleServices_Tests" runstate="Runnable" seed="644010830" result="Failed" start-time="2026-06-21 19:23:26Z" end-time="2026-06-21 19:23:26Z" duration="0.002470" asserts="0">
                <properties>
                  <property name="retryIteration" value="0" />
                  <property name="repeatIteration" value="0" />
                </properties>
                <failure>
                  <message><![CDATA[  Activate Crucible is only available during Summer or Autumn.
  Expected: True
  But was:  False
]]></message>
                  <stack-trace><![CDATA[at Kismeta.Core.Tests.RuleServices_Tests.Activate_Success_Makes_Slot_Active () [0x00054] in D:\Unity\KismetaAGY\Assets\_Project\Tests\EditMode\RuleServices_Tests.cs:366
]]></stack-trace>
                </failure>
                <output><![CDATA[[CardDatabase] Loaded 156 cards successfully.
]]></output>
              </test-case>
              <test-case id="1065" name="AgekeeperContest_SeededWinner_IsDeterministic" fullname="Kismeta.Core.Tests.RuleServices_Tests.AgekeeperContest_SeededWinner_IsDeterministic" methodname="AgekeeperContest_SeededWinner_IsDeterministic" classname="Kismeta.Core.Tests.RuleServices_Tests" runstate="Runnable" seed="1312330143" result="Passed" start-time="2026-06-21 19:23:26Z" end-time="2026-06-21 19:23:26Z" duration="0.000170" asserts="0">
                <properties>
                  <property name="retryIteration" value="0" />
                  <property name="repeatIteration" value="0" />
                </properties>
              </test-case>
              <test-case id="1066" name="AgekeeperContest_Tie_RerollsUntilSingleWinner" fullname="Kismeta.Core.Tests.RuleServices_Tests.AgekeeperContest_Tie_RerollsUntilSingleWinner" methodname="AgekeeperContest_Tie_RerollsUntilSingleWinner" classname="Kismeta.Core.Tests.RuleServices_Tests" runstate="Runnable" seed="543231824" result="Passed" start-time="2026-06-21 19:23:26Z" end-time="2026-06-21 19:23:26Z" duration="0.000471" asserts="0">
                <properties>
                  <property name="retryIteration" value="0" />
                  <property name="repeatIteration" value="0" />
                </properties>
              </test-case>
              <test-case id="1108" name="BuyAdept_Rejects_MajorArcana_Payment" fullname="Kismeta.Core.Tests.RuleServices_Tests.BuyAdept_Rejects_MajorArcana_Payment" methodname="BuyAdept_Rejects_MajorArcana_Payment" classname="Kismeta.Core.Tests.RuleServices_Tests" runstate="Runnable" seed="1974901748" result="Passed" start-time="2026-06-21 19:23:26Z" end-time="2026-06-21 19:23:26Z" duration="0.002477" asserts="0">
                <properties>
                  <property name="retryIteration" value="0" />
                  <property name="repeatIteration" value="0" />
                </properties>
                <output><![CDATA[[CardDatabase] Loaded 156 cards successfully.
]]></output>
              </test-case>
              <test-case id="1078" name="Commune_Allows_Spread_Above_Winter_Limit" fullname="Kismeta.Core.Tests.RuleServices_Tests.Commune_Allows_Spread_Above_Winter_Limit" methodname="Commune_Allows_Spread_Above_Winter_Limit" classname="Kismeta.Core.Tests.RuleServices_Tests" runstate="Runnable" seed="1379706993" result="Failed" start-time="2026-06-21 19:23:26Z" end-time="2026-06-21 19:23:26Z" duration="0.003040" asserts="0">
                <properties>
                  <property name="retryIteration" value="0" />
                  <property name="repeatIteration" value="0" />
                </properties>
                <failure>
                  <message><![CDATA[  Expected: 7
  But was:  8
]]></message>
                  <stack-trace><![CDATA[at Kismeta.Core.Tests.RuleServices_Tests.Commune_Allows_Spread_Above_Winter_Limit () [0x00061] in D:\Unity\KismetaAGY\Assets\_Project\Tests\EditMode\RuleServices_Tests.cs:309
]]></stack-trace>
                </failure>
                <output><![CDATA[[CardDatabase] Loaded 156 cards successfully.
]]></output>
              </test-case>
              <test-case id="1079" name="Commune_Fails_If_Cards_Not_Owned" fullname="Kismeta.Core.Tests.RuleServices_Tests.Commune_Fails_If_Cards_Not_Owned" methodname="Commune_Fails_If_Cards_Not_Owned" classname="Kismeta.Core.Tests.RuleServices_Tests" runstate="Runnable" seed="553584256" result="Passed" start-time="2026-06-21 19:23:26Z" end-time="2026-06-21 19:23:26Z" duration="0.002318" asserts="0">
                <properties>
                  <property name="retryIteration" value="0" />
                  <property name="repeatIteration" value="0" />
                </properties>
                <output><![CDATA[[CardDatabase] Loaded 156 cards successfully.
]]></output>
              </test-case>
              <test-case id="1077" name="Commune_Moves_Cards_To_Correct_Zones" fullname="Kismeta.Core.Tests.RuleServices_Tests.Commune_Moves_Cards_To_Correct_Zones" methodname="Commune_Moves_Cards_To_Correct_Zones" classname="Kismeta.Core.Tests.RuleServices_Tests" runstate="Runnable" seed="798097823" result="Passed" start-time="2026-06-21 19:23:26Z" end-time="2026-06-21 19:23:26Z" duration="0.002616" asserts="0">
                <properties>
                  <property name="retryIteration" value="0" />
                  <property name="repeatIteration" value="0" />
                </properties>
                <output><![CDATA[[CardDatabase] Loaded 156 cards successfully.
]]></output>
              </test-case>
              <test-case id="1107" name="Commune_Rejects_MajorArcana_InSpread" fullname="Kismeta.Core.Tests.RuleServices_Tests.Commune_Rejects_MajorArcana_InSpread" methodname="Commune_Rejects_MajorArcana_InSpread" classname="Kismeta.Core.Tests.RuleServices_Tests" runstate="Runnable" seed="1699202993" result="Passed" start-time="2026-06-21 19:23:26Z" end-time="2026-06-21 19:23:26Z" duration="0.002872" asserts="0">
                <properties>
                  <property name="retryIteration" value="0" />
                  <property name="repeatIteration" value="0" />
                </properties>
                <output><![CDATA[[CardDatabase] Loaded 156 cards successfully.
]]></output>
              </test-case>
              <test-case id="1090" name="Craft_Elemental_Fails_Without_Lit_Cauldron" fullname="Kismeta.Core.Tests.RuleServices_Tests.Craft_Elemental_Fails_Without_Lit_Cauldron" methodname="Craft_Elemental_Fails_Without_Lit_Cauldron" classname="Kismeta.Core.Tests.RuleServices_Tests" runstate="Runnable" seed="1952796518" result="Passed" start-time="2026-06-21 19:23:26Z" end-time="2026-06-21 19:23:26Z" duration="0.002678" asserts="0">
                <properties>
                  <property name="retryIteration" value="0" />
                  <property name="repeatIteration" value="0" />
                </properties>
                <output><![CDATA[[CardDatabase] Loaded 156 cards successfully.
]]></output>
              </test-case>
              <test-case id="1091" name="Craft_Elemental_Succeeds_With_Lit_Cauldron" fullname="Kismeta.Core.Tests.RuleServices_Tests.Craft_Elemental_Succeeds_With_Lit_Cauldron" methodname="Craft_Elemental_Succeeds_With_Lit_Cauldron" classname="Kismeta.Core.Tests.RuleServices_Tests" runstate="Runnable" seed="1799249459" result="Passed" start-time="2026-06-21 19:23:26Z" end-time="2026-06-21 19:23:26Z" duration="0.002778" asserts="0">
                <properties>
                  <property name="retryIteration" value="0" />
                  <property name="repeatIteration" value="0" />
                </properties>
                <output><![CDATA[[CardDatabase] Loaded 156 cards successfully.
]]></output>
              </test-case>
              <test-case id="1089" name="Craft_Salt_Fails_With_Fewer_Than_3_Cards" fullname="Kismeta.Core.Tests.RuleServices_Tests.Craft_Salt_Fails_With_Fewer_Than_3_Cards" methodname="Craft_Salt_Fails_With_Fewer_Than_3_Cards" classname="Kismeta.Core.Tests.RuleServices_Tests" runstate="Runnable" seed="283469532" result="Passed" start-time="2026-06-21 19:23:26Z" end-time="2026-06-21 19:23:26Z" duration="0.002208" asserts="0">
                <properties>
                  <property name="retryIteration" value="0" />
                  <property name="repeatIteration" value="0" />
                </properties>
                <output><![CDATA[[CardDatabase] Loaded 156 cards successfully.
]]></output>
              </test-case>
              <test-case id="1088" name="Craft_Salt_With_3_Cards_Succeeds" fullname="Kismeta.Core.Tests.RuleServices_Tests.Craft_Salt_With_3_Cards_Succeeds" methodname="Craft_Salt_With_3_Cards_Succeeds" classname="Kismeta.Core.Tests.RuleServices_Tests" runstate="Runnable" seed="1949600760" result="Passed" start-time="2026-06-21 19:23:26Z" end-time="2026-06-21 19:23:26Z" duration="0.002196" asserts="0">
                <properties>
                  <property name="retryIteration" value="0" />
                  <property name="repeatIteration" value="0" />
                </properties>
                <output><![CDATA[[CardDatabase] Loaded 156 cards successfully.
]]></output>
              </test-case>
              <test-case id="1117" name="DiscardToLimit_Over5_PlayerChooses" fullname="Kismeta.Core.Tests.RuleServices_Tests.DiscardToLimit_Over5_PlayerChooses" methodname="DiscardToLimit_Over5_PlayerChooses" classname="Kismeta.Core.Tests.RuleServices_Tests" runstate="Runnable" seed="980673863" result="Passed" start-time="2026-06-21 19:23:26Z" end-time="2026-06-21 19:23:26Z" duration="0.003154" asserts="0">
                <properties>
                  <property name="retryIteration" value="0" />
                  <property name="repeatIteration" value="0" />
                </properties>
                <output><![CDATA[[CardDatabase] Loaded 156 cards successfully.
]]></output>
              </test-case>
              <test-case id="1118" name="DiscardToLimit_Under5_AutoPasses" fullname="Kismeta.Core.Tests.RuleServices_Tests.DiscardToLimit_Under5_AutoPasses" methodname="DiscardToLimit_Under5_AutoPasses" classname="Kismeta.Core.Tests.RuleServices_Tests" runstate="Runnable" seed="2098579614" result="Passed" start-time="2026-06-21 19:23:26Z" end-time="2026-06-21 19:23:26Z" duration="0.002470" asserts="0">
                <properties>
                  <property name="retryIteration" value="0" />
                  <property name="repeatIteration" value="0" />
                </properties>
                <output><![CDATA[[CardDatabase] Loaded 156 cards successfully.
]]></output>
              </test-case>
              <test-case id="1092" name="EnforceLimits_Trims_Spread_To_5" fullname="Kismeta.Core.Tests.RuleServices_Tests.EnforceLimits_Trims_Spread_To_5" methodname="EnforceLimits_Trims_Spread_To_5" classname="Kismeta.Core.Tests.RuleServices_Tests" runstate="Runnable" seed="722972792" result="Failed" start-time="2026-06-21 19:23:26Z" end-time="2026-06-21 19:23:26Z" duration="0.002770" asserts="0">
                <properties>
                  <property name="retryIteration" value="0" />
                  <property name="repeatIteration" value="0" />
                </properties>
                <failure>
                  <message><![CDATA[  Expected: less than or equal to 5
  But was:  9
]]></message>
                  <stack-trace><![CDATA[at Kismeta.Core.Tests.RuleServices_Tests.EnforceLimits_Trims_Spread_To_5 () [0x00051] in D:\Unity\KismetaAGY\Assets\_Project\Tests\EditMode\RuleServices_Tests.cs:491
]]></stack-trace>
                </failure>
                <output><![CDATA[[CardDatabase] Loaded 156 cards successfully.
]]></output>
              </test-case>
              <test-case id="1113" name="FatefulWager_CorrectSign_DoublesCards" fullname="Kismeta.Core.Tests.RuleServices_Tests.FatefulWager_CorrectSign_DoublesCards" methodname="FatefulWager_CorrectSign_DoublesCards" classname="Kismeta.Core.Tests.RuleServices_Tests" runstate="Runnable" seed="1407768027" result="Passed" start-time="2026-06-21 19:23:26Z" end-time="2026-06-21 19:23:26Z" duration="0.003238" asserts="0">
                <properties>
                  <property name="retryIteration" value="0" />
                  <property name="repeatIteration" value="0" />
                </properties>
                <output><![CDATA[[CardDatabase] Loaded 156 cards successfully.
]]></output>
              </test-case>
              <test-case id="1112" name="FatefulWager_Placed_CardsRemovedFromSpread" fullname="Kismeta.Core.Tests.RuleServices_Tests.FatefulWager_Placed_CardsRemovedFromSpread" methodname="FatefulWager_Placed_CardsRemovedFromSpread" classname="Kismeta.Core.Tests.RuleServices_Tests" runstate="Runnable" seed="1902059365" result="Passed" start-time="2026-06-21 19:23:26Z" end-time="2026-06-21 19:23:26Z" duration="0.002360" asserts="0">
                <properties>
                  <property name="retryIteration" value="0" />
                  <property name="repeatIteration" value="0" />
                </properties>
                <output><![CDATA[[CardDatabase] Loaded 156 cards successfully.
]]></output>
              </test-case>
              <test-case id="1116" name="FatefulWager_SurvivesTransit_AndResolvesOnCosmicAgeRoll_Loss" fullname="Kismeta.Core.Tests.RuleServices_Tests.FatefulWager_SurvivesTransit_AndResolvesOnCosmicAgeRoll_Loss" methodname="FatefulWager_SurvivesTransit_AndResolvesOnCosmicAgeRoll_Loss" classname="Kismeta.Core.Tests.RuleServices_Tests" runstate="Runnable" seed="602213454" result="Passed" start-time="2026-06-21 19:23:26Z" end-time="2026-06-21 19:23:26Z" duration="0.002592" asserts="0">
                <properties>
                  <property name="retryIteration" value="0" />
                  <property name="repeatIteration" value="0" />
                </properties>
                <output><![CDATA[[CardDatabase] Loaded 156 cards successfully.
]]></output>
              </test-case>
              <test-case id="1115" name="FatefulWager_SurvivesTransit_AndResolvesOnCosmicAgeRoll_Win" fullname="Kismeta.Core.Tests.RuleServices_Tests.FatefulWager_SurvivesTransit_AndResolvesOnCosmicAgeRoll_Win" methodname="FatefulWager_SurvivesTransit_AndResolvesOnCosmicAgeRoll_Win" classname="Kismeta.Core.Tests.RuleServices_Tests" runstate="Runnable" seed="1786217295" result="Passed" start-time="2026-06-21 19:23:26Z" end-time="2026-06-21 19:23:26Z" duration="0.002724" asserts="0">
                <properties>
                  <property name="retryIteration" value="0" />
                  <property name="repeatIteration" value="0" />
                </properties>
                <output><![CDATA[[CardDatabase] Loaded 156 cards successfully.
]]></output>
              </test-case>
              <test-case id="1114" name="FatefulWager_WrongSign_DiscardedCards" fullname="Kismeta.Core.Tests.RuleServices_Tests.FatefulWager_WrongSign_DiscardedCards" methodname="FatefulWager_WrongSign_DiscardedCards" classname="Kismeta.Core.Tests.RuleServices_Tests" runstate="Runnable" seed="1608741323" result="Passed" start-time="2026-06-21 19:23:26Z" end-time="2026-06-21 19:23:26Z" duration="0.002546" asserts="0">
                <properties>
                  <property name="retryIteration" value="0" />
                  <property name="repeatIteration" value="0" />
                </properties>
                <output><![CDATA[[CardDatabase] Loaded 156 cards successfully.
]]></output>
              </test-case>
              <test-case id="1083" name="Fire_Fails_If_Slot_Not_Active" fullname="Kismeta.Core.Tests.RuleServices_Tests.Fire_Fails_If_Slot_Not_Active" methodname="Fire_Fails_If_Slot_Not_Active" classname="Kismeta.Core.Tests.RuleServices_Tests" runstate="Runnable" seed="1986399226" result="Passed" start-time="2026-06-21 19:23:26Z" end-time="2026-06-21 19:23:26Z" duration="0.002624" asserts="0">
                <properties>
                  <property name="retryIteration" value="0" />
                  <property name="repeatIteration" value="0" />
                </properties>
                <output><![CDATA[[CardDatabase] Loaded 156 cards successfully.
]]></output>
              </test-case>
              <test-case id="1084" name="Fire_Fails_When_Stone_In_Stasis" fullname="Kismeta.Core.Tests.RuleServices_Tests.Fire_Fails_When_Stone_In_Stasis" methodname="Fire_Fails_When_Stone_In_Stasis" classname="Kismeta.Core.Tests.RuleServices_Tests" runstate="Runnable" seed="425126557" result="Inconclusive" start-time="2026-06-21 19:23:26Z" end-time="2026-06-21 19:23:26Z" duration="0.002532" asserts="0">
                <properties>
                  <property name="retryIteration" value="0" />
                  <property name="repeatIteration" value="0" />
                </properties>
                <reason>
                  <message><![CDATA[  ActivateSlot helper failed: Activate Crucible is only available during Summer or Autumn.
  Expected: True
  But was:  False
]]></message>
                </reason>
                <output><![CDATA[[CardDatabase] Loaded 156 cards successfully.
]]></output>
              </test-case>
              <test-case id="1073" name="Harvest_Adds_Cards_To_Player_Hand" fullname="Kismeta.Core.Tests.RuleServices_Tests.Harvest_Adds_Cards_To_Player_Hand" methodname="Harvest_Adds_Cards_To_Player_Hand" classname="Kismeta.Core.Tests.RuleServices_Tests" runstate="Runnable" seed="1333158276" result="Passed" start-time="2026-06-21 19:23:26Z" end-time="2026-06-21 19:23:26Z" duration="0.002455" asserts="0">
                <properties>
                  <property name="retryIteration" value="0" />
                  <property name="repeatIteration" value="0" />
                </properties>
                <output><![CDATA[[CardDatabase] Loaded 156 cards successfully.
]]></output>
              </test-case>
              <test-case id="1074" name="Harvest_Count_At_Least_3" fullname="Kismeta.Core.Tests.RuleServices_Tests.Harvest_Count_At_Least_3" methodname="Harvest_Count_At_Least_3" classname="Kismeta.Core.Tests.RuleServices_Tests" runstate="Runnable" seed="1430270966" result="Passed" start-time="2026-06-21 19:23:26Z" end-time="2026-06-21 19:23:26Z" duration="0.002397" asserts="0">
                <properties>
                  <property name="retryIteration" value="0" />
                  <property name="repeatIteration" value="0" />
                </properties>
                <output><![CDATA[[CardDatabase] Loaded 156 cards successfully.
]]></output>
              </test-case>
              <test-case id="1075" name="Harvest_Count_Bonus_For_Matching_Sign" fullname="Kismeta.Core.Tests.RuleServices_Tests.Harvest_Count_Bonus_For_Matching_Sign" methodname="Harvest_Count_Bonus_For_Matching_Sign" classname="Kismeta.Core.Tests.RuleServices_Tests" runstate="Runnable" seed="2072587336" result="Passed" start-time="2026-06-21 19:23:26Z" end-time="2026-06-21 19:23:26Z" duration="0.002168" asserts="0">
                <properties>
                  <property name="retryIteration" value="0" />
                  <property name="repeatIteration" value="0" />
                </properties>
                <output><![CDATA[[CardDatabase] Loaded 156 cards successfully.
]]></output>
              </test-case>
              <test-case id="1076" name="HarvestBreakdown_Total_Matches_CalculateHarvestCount" fullname="Kismeta.Core.Tests.RuleServices_Tests.HarvestBreakdown_Total_Matches_CalculateHarvestCount" methodname="HarvestBreakdown_Total_Matches_CalculateHarvestCount" classname="Kismeta.Core.Tests.RuleServices_Tests" runstate="Runnable" seed="437897345" result="Passed" start-time="2026-06-21 19:23:26Z" end-time="2026-06-21 19:23:26Z" duration="0.002917" asserts="0">
                <properties>
                  <property name="retryIteration" value="0" />
                  <property name="repeatIteration" value="0" />
                </properties>
                <output><![CDATA[[CardDatabase] Loaded 156 cards successfully.
]]></output>
              </test-case>
              <test-case id="1109" name="MoonDraw_MajorArcana_NotInMoonPool" fullname="Kismeta.Core.Tests.RuleServices_Tests.MoonDraw_MajorArcana_NotInMoonPool" methodname="MoonDraw_MajorArcana_NotInMoonPool" classname="Kismeta.Core.Tests.RuleServices_Tests" runstate="Runnable" seed="1370438014" result="Passed" start-time="2026-06-21 19:23:26Z" end-time="2026-06-21 19:23:26Z" duration="0.002533" asserts="0">
                <properties>
                  <property name="retryIteration" value="0" />
                  <property name="repeatIteration" value="0" />
                </properties>
                <output><![CDATA[[CardDatabase] Loaded 156 cards successfully.
]]></output>
              </test-case>
              <test-case id="1087" name="Opposition_Sends_Loser_To_Stasis" fullname="Kismeta.Core.Tests.RuleServices_Tests.Opposition_Sends_Loser_To_Stasis" methodname="Opposition_Sends_Loser_To_Stasis" classname="Kismeta.Core.Tests.RuleServices_Tests" runstate="Runnable" seed="1364662047" result="Failed" start-time="2026-06-21 19:23:26Z" end-time="2026-06-21 19:23:26Z" duration="0.002502" asserts="0">
                <properties>
                  <property name="retryIteration" value="0" />
                  <property name="repeatIteration" value="0" />
                </properties>
                <failure>
                  <message><![CDATA[  Action is only available during Autumn.
  Expected: True
  But was:  False
]]></message>
                  <stack-trace><![CDATA[at Kismeta.Core.Tests.RuleServices_Tests.Opposition_Sends_Loser_To_Stasis () [0x00038] in D:\Unity\KismetaAGY\Assets\_Project\Tests\EditMode\RuleServices_Tests.cs:427
]]></stack-trace>
                </failure>
                <output><![CDATA[[CardDatabase] Loaded 156 cards successfully.
]]></output>
              </test-case>
              <test-case id="1071" name="RollCosmicAge_Emits_CosmicAgeSetEvent" fullname="Kismeta.Core.Tests.RuleServices_Tests.RollCosmicAge_Emits_CosmicAgeSetEvent" methodname="RollCosmicAge_Emits_CosmicAgeSetEvent" classname="Kismeta.Core.Tests.RuleServices_Tests" runstate="Runnable" seed="714995298" result="Passed" start-time="2026-06-21 19:23:26Z" end-time="2026-06-21 19:23:26Z" duration="0.002392" asserts="0">
                <properties>
                  <property name="retryIteration" value="0" />
                  <property name="repeatIteration" value="0" />
                </properties>
                <output><![CDATA[[CardDatabase] Loaded 156 cards successfully.
]]></output>
              </test-case>
              <test-case id="1070" name="RollCosmicAge_Sets_NonNone_Sign" fullname="Kismeta.Core.Tests.RuleServices_Tests.RollCosmicAge_Sets_NonNone_Sign" methodname="RollCosmicAge_Sets_NonNone_Sign" classname="Kismeta.Core.Tests.RuleServices_Tests" runstate="Runnable" seed="889325013" result="Passed" start-time="2026-06-21 19:23:26Z" end-time="2026-06-21 19:23:26Z" duration="0.002234" asserts="0">
                <properties>
                  <property name="retryIteration" value="0" />
                  <property name="repeatIteration" value="0" />
                </properties>
                <output><![CDATA[[CardDatabase] Loaded 156 cards successfully.
]]></output>
              </test-case>
              <test-case id="1072" name="RollZodiac_Sets_Player_Sign" fullname="Kismeta.Core.Tests.RuleServices_Tests.RollZodiac_Sets_Player_Sign" methodname="RollZodiac_Sets_Player_Sign" classname="Kismeta.Core.Tests.RuleServices_Tests" runstate="Runnable" seed="1355863446" result="Passed" start-time="2026-06-21 19:23:26Z" end-time="2026-06-21 19:23:27Z" duration="0.002292" asserts="0">
                <properties>
                  <property name="retryIteration" value="0" />
                  <property name="repeatIteration" value="0" />
                </properties>
                <output><![CDATA[[CardDatabase] Loaded 156 cards successfully.
]]></output>
              </test-case>
              <test-case id="1106" name="RouteDrawnCard_Adept_Queued_NotHand" fullname="Kismeta.Core.Tests.RuleServices_Tests.RouteDrawnCard_Adept_Queued_NotHand" methodname="RouteDrawnCard_Adept_Queued_NotHand" classname="Kismeta.Core.Tests.RuleServices_Tests" runstate="Runnable" seed="2046789866" result="Passed" start-time="2026-06-21 19:23:27Z" end-time="2026-06-21 19:23:27Z" duration="0.002379" asserts="0">
                <properties>
                  <property name="retryIteration" value="0" />
                  <property name="repeatIteration" value="0" />
                </properties>
                <output><![CDATA[[CardDatabase] Loaded 156 cards successfully.
]]></output>
              </test-case>
              <test-case id="1105" name="RouteDrawnCard_Fate_GoesToArcanum_NotHand" fullname="Kismeta.Core.Tests.RuleServices_Tests.RouteDrawnCard_Fate_GoesToArcanum_NotHand" methodname="RouteDrawnCard_Fate_GoesToArcanum_NotHand" classname="Kismeta.Core.Tests.RuleServices_Tests" runstate="Runnable" seed="1961107357" result="Passed" start-time="2026-06-21 19:23:27Z" end-time="2026-06-21 19:23:27Z" duration="0.002508" asserts="0">
                <properties>
                  <property name="retryIteration" value="0" />
                  <property name="repeatIteration" value="0" />
                </properties>
                <output><![CDATA[[CardDatabase] Loaded 156 cards successfully.
]]></output>
              </test-case>
              <test-case id="1096" name="Setup_Assigns_Codex_To_Each_Player" fullname="Kismeta.Core.Tests.RuleServices_Tests.Setup_Assigns_Codex_To_Each_Player" methodname="Setup_Assigns_Codex_To_Each_Player" classname="Kismeta.Core.Tests.RuleServices_Tests" runstate="Runnable" seed="357416393" result="Passed" start-time="2026-06-21 19:23:27Z" end-time="2026-06-21 19:23:27Z" duration="0.002537" asserts="0">
                <properties>
                  <property name="retryIteration" value="0" />
                  <property name="repeatIteration" value="0" />
                </properties>
                <output><![CDATA[[CardDatabase] Loaded 156 cards successfully.
]]></output>
              </test-case>
              <test-case id="1061" name="Setup_CrucibleSlots_Are_Dormant_With_Coal" fullname="Kismeta.Core.Tests.RuleServices_Tests.Setup_CrucibleSlots_Are_Dormant_With_Coal" methodname="Setup_CrucibleSlots_Are_Dormant_With_Coal" classname="Kismeta.Core.Tests.RuleServices_Tests" runstate="Runnable" seed="1893435932" result="Passed" start-time="2026-06-21 19:23:27Z" end-time="2026-06-21 19:23:27Z" duration="0.002433" asserts="0">
                <properties>
                  <property name="retryIteration" value="0" />
                  <property name="repeatIteration" value="0" />
                </properties>
                <output><![CDATA[[CardDatabase] Loaded 156 cards successfully.
]]></output>
              </test-case>
              <test-case id="1067" name="Setup_Curated_Standard_2p_Builds_Eight_Crucible_Cards" fullname="Kismeta.Core.Tests.RuleServices_Tests.Setup_Curated_Standard_2p_Builds_Eight_Crucible_Cards" methodname="Setup_Curated_Standard_2p_Builds_Eight_Crucible_Cards" classname="Kismeta.Core.Tests.RuleServices_Tests" runstate="Runnable" seed="1564462176" result="Passed" start-time="2026-06-21 19:23:27Z" end-time="2026-06-21 19:23:27Z" duration="0.002187" asserts="0">
                <properties>
                  <property name="retryIteration" value="0" />
                  <property name="repeatIteration" value="0" />
                </properties>
                <output><![CDATA[[CardDatabase] Loaded 156 cards successfully.
]]></output>
              </test-case>
              <test-case id="1060" name="Setup_Deals_Four_CrucibleSlots_Per_Player" fullname="Kismeta.Core.Tests.RuleServices_Tests.Setup_Deals_Four_CrucibleSlots_Per_Player" methodname="Setup_Deals_Four_CrucibleSlots_Per_Player" classname="Kismeta.Core.Tests.RuleServices_Tests" runstate="Runnable" seed="747975242" result="Passed" start-time="2026-06-21 19:23:27Z" end-time="2026-06-21 19:23:27Z" duration="0.002427" asserts="0">
                <properties>
                  <property name="retryIteration" value="0" />
                  <property name="repeatIteration" value="0" />
                </properties>
                <output><![CDATA[[CardDatabase] Loaded 156 cards successfully.
]]></output>
              </test-case>
              <test-case id="1062" name="Setup_Deals_Starter_Spread_Card_To_Each_Player" fullname="Kismeta.Core.Tests.RuleServices_Tests.Setup_Deals_Starter_Spread_Card_To_Each_Player" methodname="Setup_Deals_Starter_Spread_Card_To_Each_Player" classname="Kismeta.Core.Tests.RuleServices_Tests" runstate="Runnable" seed="1964249451" result="Passed" start-time="2026-06-21 19:23:27Z" end-time="2026-06-21 19:23:27Z" duration="0.002188" asserts="0">
                <properties>
                  <property name="retryIteration" value="0" />
                  <property name="repeatIteration" value="0" />
                </properties>
                <output><![CDATA[[CardDatabase] Loaded 156 cards successfully.
]]></output>
              </test-case>
              <test-case id="1068" name="Setup_Fates_2p_Deals_Four_Per_Player_From_Random_Pool" fullname="Kismeta.Core.Tests.RuleServices_Tests.Setup_Fates_2p_Deals_Four_Per_Player_From_Random_Pool" methodname="Setup_Fates_2p_Deals_Four_Per_Player_From_Random_Pool" classname="Kismeta.Core.Tests.RuleServices_Tests" runstate="Runnable" seed="1254702240" result="Passed" start-time="2026-06-21 19:23:27Z" end-time="2026-06-21 19:23:27Z" duration="0.002431" asserts="0">
                <properties>
                  <property name="retryIteration" value="0" />
                  <property name="repeatIteration" value="0" />
                </properties>
                <output><![CDATA[[CardDatabase] Loaded 156 cards successfully.
]]></output>
              </test-case>
              <test-case id="1097" name="Setup_Players_Get_Unique_Codex_Variants_TwoPlayer" fullname="Kismeta.Core.Tests.RuleServices_Tests.Setup_Players_Get_Unique_Codex_Variants_TwoPlayer" methodname="Setup_Players_Get_Unique_Codex_Variants_TwoPlayer" classname="Kismeta.Core.Tests.RuleServices_Tests" runstate="Runnable" seed="2117579785" result="Passed" start-time="2026-06-21 19:23:27Z" end-time="2026-06-21 19:23:27Z" duration="0.002709" asserts="0">
                <properties>
                  <property name="retryIteration" value="0" />
                  <property name="repeatIteration" value="0" />
                </properties>
                <output><![CDATA[[CardDatabase] Loaded 156 cards successfully.
]]></output>
              </test-case>
              <test-case id="1059" name="Setup_Populates_CommonDeck" fullname="Kismeta.Core.Tests.RuleServices_Tests.Setup_Populates_CommonDeck" methodname="Setup_Populates_CommonDeck" classname="Kismeta.Core.Tests.RuleServices_Tests" runstate="Runnable" seed="947173187" result="Passed" start-time="2026-06-21 19:23:27Z" end-time="2026-06-21 19:23:27Z" duration="0.002097" asserts="0">
                <properties>
                  <property name="retryIteration" value="0" />
                  <property name="repeatIteration" value="0" />
                </properties>
                <output><![CDATA[[CardDatabase] Loaded 156 cards successfully.
]]></output>
              </test-case>
              <test-case id="1069" name="Setup_Registers_All_Cards_In_Session" fullname="Kismeta.Core.Tests.RuleServices_Tests.Setup_Registers_All_Cards_In_Session" methodname="Setup_Registers_All_Cards_In_Session" classname="Kismeta.Core.Tests.RuleServices_Tests" runstate="Runnable" seed="445552258" result="Passed" start-time="2026-06-21 19:23:27Z" end-time="2026-06-21 19:23:27Z" duration="0.002116" asserts="0">
                <properties>
                  <property name="retryIteration" value="0" />
                  <property name="repeatIteration" value="0" />
                </properties>
                <output><![CDATA[[CardDatabase] Loaded 156 cards successfully.
]]></output>
              </test-case>
              <test-case id="1064" name="Setup_Sets_Designated_Agekeeper" fullname="Kismeta.Core.Tests.RuleServices_Tests.Setup_Sets_Designated_Agekeeper" methodname="Setup_Sets_Designated_Agekeeper" classname="Kismeta.Core.Tests.RuleServices_Tests" runstate="Runnable" seed="1818800734" result="Passed" start-time="2026-06-21 19:23:27Z" end-time="2026-06-21 19:23:27Z" duration="0.002770" asserts="0">
                <properties>
                  <property name="retryIteration" value="0" />
                  <property name="repeatIteration" value="0" />
                </properties>
                <output><![CDATA[[CardDatabase] Loaded 156 cards successfully.
]]></output>
              </test-case>
              <test-case id="1063" name="Setup_Starter_Spread_Card_Is_Not_Major_Arcana" fullname="Kismeta.Core.Tests.RuleServices_Tests.Setup_Starter_Spread_Card_Is_Not_Major_Arcana" methodname="Setup_Starter_Spread_Card_Is_Not_Major_Arcana" classname="Kismeta.Core.Tests.RuleServices_Tests" runstate="Runnable" seed="902366286" result="Passed" start-time="2026-06-21 19:23:27Z" end-time="2026-06-21 19:23:27Z" duration="0.002221" asserts="0">
                <properties>
                  <property name="retryIteration" value="0" />
                  <property name="repeatIteration" value="0" />
                </properties>
                <output><![CDATA[[CardDatabase] Loaded 156 cards successfully.
]]></output>
              </test-case>
              <test-case id="1086" name="Temper_Advances_Stone_And_Discards_Slot" fullname="Kismeta.Core.Tests.RuleServices_Tests.Temper_Advances_Stone_And_Discards_Slot" methodname="Temper_Advances_Stone_And_Discards_Slot" classname="Kismeta.Core.Tests.RuleServices_Tests" runstate="Runnable" seed="1705090973" result="Inconclusive" start-time="2026-06-21 19:23:27Z" end-time="2026-06-21 19:23:27Z" duration="0.002645" asserts="0">
                <properties>
                  <property name="retryIteration" value="0" />
                  <property name="repeatIteration" value="0" />
                </properties>
                <reason>
                  <message><![CDATA[  ActivateSlot helper failed: Activate Crucible is only available during Summer or Autumn.
  Expected: True
  But was:  False
]]></message>
                </reason>
                <output><![CDATA[[CardDatabase] Loaded 156 cards successfully.
]]></output>
              </test-case>
              <test-case id="1085" name="Temper_Fails_If_No_Fired_Slot_From_Previous_Round" fullname="Kismeta.Core.Tests.RuleServices_Tests.Temper_Fails_If_No_Fired_Slot_From_Previous_Round" methodname="Temper_Fails_If_No_Fired_Slot_From_Previous_Round" classname="Kismeta.Core.Tests.RuleServices_Tests" runstate="Runnable" seed="799504057" result="Passed" start-time="2026-06-21 19:23:27Z" end-time="2026-06-21 19:23:27Z" duration="0.002308" asserts="0">
                <properties>
                  <property name="retryIteration" value="0" />
                  <property name="repeatIteration" value="0" />
                </properties>
                <output><![CDATA[[CardDatabase] Loaded 156 cards successfully.
]]></output>
              </test-case>
              <test-case id="1122" name="Trade_MagnusAligned_1For1_Accepted" fullname="Kismeta.Core.Tests.RuleServices_Tests.Trade_MagnusAligned_1For1_Accepted" methodname="Trade_MagnusAligned_1For1_Accepted" classname="Kismeta.Core.Tests.RuleServices_Tests" runstate="Runnable" seed="1395498876" result="Passed" start-time="2026-06-21 19:23:27Z" end-time="2026-06-21 19:23:27Z" duration="0.003499" asserts="0">
                <properties>
                  <property name="retryIteration" value="0" />
                  <property name="repeatIteration" value="0" />
                </properties>
                <output><![CDATA[[CardDatabase] Loaded 156 cards successfully.
]]></output>
              </test-case>
              <test-case id="1119" name="Trade_MagnusMisaligned_1For1_Rejected" fullname="Kismeta.Core.Tests.RuleServices_Tests.Trade_MagnusMisaligned_1For1_Rejected" methodname="Trade_MagnusMisaligned_1For1_Rejected" classname="Kismeta.Core.Tests.RuleServices_Tests" runstate="Runnable" seed="1648405977" result="Passed" start-time="2026-06-21 19:23:27Z" end-time="2026-06-21 19:23:27Z" duration="0.003019" asserts="0">
                <properties>
                  <property name="retryIteration" value="0" />
                  <property name="repeatIteration" value="0" />
                </properties>
                <output><![CDATA[[CardDatabase] Loaded 156 cards successfully.
]]></output>
              </test-case>
              <test-case id="1120" name="Trade_MagnusMisaligned_2For1_Accepted" fullname="Kismeta.Core.Tests.RuleServices_Tests.Trade_MagnusMisaligned_2For1_Accepted" methodname="Trade_MagnusMisaligned_2For1_Accepted" classname="Kismeta.Core.Tests.RuleServices_Tests" runstate="Runnable" seed="1663279193" result="Passed" start-time="2026-06-21 19:23:27Z" end-time="2026-06-21 19:23:27Z" duration="0.002359" asserts="0">
                <properties>
                  <property name="retryIteration" value="0" />
                  <property name="repeatIteration" value="0" />
                </properties>
                <output><![CDATA[[CardDatabase] Loaded 156 cards successfully.
]]></output>
              </test-case>
              <test-case id="1121" name="Trade_MagnusMisaligned_GiftOnly_Accepted" fullname="Kismeta.Core.Tests.RuleServices_Tests.Trade_MagnusMisaligned_GiftOnly_Accepted" methodname="Trade_MagnusMisaligned_GiftOnly_Accepted" classname="Kismeta.Core.Tests.RuleServices_Tests" runstate="Runnable" seed="1869937017" result="Passed" start-time="2026-06-21 19:23:27Z" end-time="2026-06-21 19:23:27Z" duration="0.002392" asserts="0">
                <properties>
                  <property name="retryIteration" value="0" />
                  <property name="repeatIteration" value="0" />
                </properties>
                <output><![CDATA[[CardDatabase] Loaded 156 cards successfully.
]]></output>
              </test-case>
              <test-case id="1123" name="Trade_QuickplayMisaligned_1For1_Accepted" fullname="Kismeta.Core.Tests.RuleServices_Tests.Trade_QuickplayMisaligned_1For1_Accepted" methodname="Trade_QuickplayMisaligned_1For1_Accepted" classname="Kismeta.Core.Tests.RuleServices_Tests" runstate="Runnable" seed="2137467243" result="Passed" start-time="2026-06-21 19:23:27Z" end-time="2026-06-21 19:23:27Z" duration="0.002241" asserts="0">
                <properties>
                  <property name="retryIteration" value="0" />
                  <property name="repeatIteration" value="0" />
                </properties>
                <output><![CDATA[[CardDatabase] Loaded 156 cards successfully.
]]></output>
              </test-case>
              <test-case id="1093" name="Transit_Increments_Round_Number" fullname="Kismeta.Core.Tests.RuleServices_Tests.Transit_Increments_Round_Number" methodname="Transit_Increments_Round_Number" classname="Kismeta.Core.Tests.RuleServices_Tests" runstate="Runnable" seed="277574026" result="Passed" start-time="2026-06-21 19:23:27Z" end-time="2026-06-21 19:23:27Z" duration="0.002218" asserts="0">
                <properties>
                  <property name="retryIteration" value="0" />
                  <property name="repeatIteration" value="0" />
                </properties>
                <output><![CDATA[[CardDatabase] Loaded 156 cards successfully.
]]></output>
              </test-case>
              <test-case id="1095" name="Transit_Reshuffles_Discard_Into_Deck" fullname="Kismeta.Core.Tests.RuleServices_Tests.Transit_Reshuffles_Discard_Into_Deck" methodname="Transit_Reshuffles_Discard_Into_Deck" classname="Kismeta.Core.Tests.RuleServices_Tests" runstate="Runnable" seed="979268671" result="Passed" start-time="2026-06-21 19:23:27Z" end-time="2026-06-21 19:23:27Z" duration="0.002505" asserts="0">
                <properties>
                  <property name="retryIteration" value="0" />
                  <property name="repeatIteration" value="0" />
                </properties>
                <output><![CDATA[[CardDatabase] Loaded 156 cards successfully.
]]></output>
              </test-case>
              <test-case id="1094" name="Transit_Rotates_Agekeeper" fullname="Kismeta.Core.Tests.RuleServices_Tests.Transit_Rotates_Agekeeper" methodname="Transit_Rotates_Agekeeper" classname="Kismeta.Core.Tests.RuleServices_Tests" runstate="Runnable" seed="317226650" result="Passed" start-time="2026-06-21 19:23:27Z" end-time="2026-06-21 19:23:27Z" duration="0.002477" asserts="0">
                <properties>
                  <property name="retryIteration" value="0" />
                  <property name="repeatIteration" value="0" />
                </properties>
                <output><![CDATA[[CardDatabase] Loaded 156 cards successfully.
]]></output>
              </test-case>
              <test-case id="1110" name="WinterMoveCard_HandToSpread_Works" fullname="Kismeta.Core.Tests.RuleServices_Tests.WinterMoveCard_HandToSpread_Works" methodname="WinterMoveCard_HandToSpread_Works" classname="Kismeta.Core.Tests.RuleServices_Tests" runstate="Runnable" seed="1376311717" result="Passed" start-time="2026-06-21 19:23:27Z" end-time="2026-06-21 19:23:27Z" duration="0.002635" asserts="0">
                <properties>
                  <property name="retryIteration" value="0" />
                  <property name="repeatIteration" value="0" />
                </properties>
                <output><![CDATA[[CardDatabase] Loaded 156 cards successfully.
]]></output>
              </test-case>
              <test-case id="1111" name="WinterMoveCard_Rejects_NonOwned" fullname="Kismeta.Core.Tests.RuleServices_Tests.WinterMoveCard_Rejects_NonOwned" methodname="WinterMoveCard_Rejects_NonOwned" classname="Kismeta.Core.Tests.RuleServices_Tests" runstate="Runnable" seed="1352444771" result="Passed" start-time="2026-06-21 19:23:27Z" end-time="2026-06-21 19:23:27Z" duration="0.002306" asserts="0">
                <properties>
                  <property name="retryIteration" value="0" />
                  <property name="repeatIteration" value="0" />
                </properties>
                <output><![CDATA[[CardDatabase] Loaded 156 cards successfully.
Saving results to: C:/Users/Catnipsey/AppData/LocalLow/Goodmagik/Kismeta AGY\TestResults.xml
]]></output>
              </test-case>
            </test-suite>
          </test-suite>
        </test-suite>
      </test-suite>
    </test-suite>
  </test-suite>
</test-run>