<?xml version="1.0" encoding="utf-8"?>
<test-run id="2" testcasecount="270" result="Failed(Child)" total="270" passed="269" failed="1" inconclusive="0" skipped="0" asserts="0" engine-version="3.5.0.0" clr-version="4.0.30319.42000" start-time="2026-07-10 23:03:45Z" end-time="2026-07-10 23:04:06Z" duration="20.9780717">
  <test-suite type="TestSuite" id="1314" name="Kismeta_ Alchemists of the Great Year" fullname="Kismeta_ Alchemists of the Great Year" runstate="Runnable" testcasecount="270" result="Failed" site="Child" start-time="2026-07-10 23:03:45Z" end-time="2026-07-10 23:04:06Z" duration="20.978072" total="270" passed="269" failed="1" inconclusive="0" skipped="0" asserts="0">
    <properties>
      <property name="platform" value="EditMode" />
    </properties>
    <failure>
      <message><![CDATA[One or more child tests had errors]]></message>
    </failure>
    <test-suite type="Assembly" id="1231" name="Kismeta.Core.Tests.dll" fullname="D:/Unity/KismetaAGY/Library/ScriptAssemblies/Kismeta.Core.Tests.dll" runstate="Runnable" testcasecount="216" result="Failed" site="Child" start-time="2026-07-10 23:03:45Z" end-time="2026-07-10 23:04:06Z" duration="20.703075" total="216" passed="215" failed="1" inconclusive="0" skipped="0" asserts="0">
      <properties>
        <property name="_PID" value="11544" />
        <property name="_APPDOMAIN" value="Unity Child Domain" />
        <property name="platform" value="EditMode" />
        <property name="EditorOnly" value="True" />
      </properties>
      <failure>
        <message><![CDATA[One or more child tests had errors]]></message>
      </failure>
      <test-suite type="TestSuite" id="1232" name="Kismeta" fullname="Kismeta" runstate="Runnable" testcasecount="216" result="Failed" site="Child" start-time="2026-07-10 23:03:45Z" end-time="2026-07-10 23:04:06Z" duration="20.700966" total="216" passed="215" failed="1" inconclusive="0" skipped="0" asserts="0">
        <properties />
        <failure>
          <message><![CDATA[One or more child tests had errors]]></message>
        </failure>
        <test-suite type="TestSuite" id="1233" name="Core" fullname="Kismeta.Core" runstate="Runnable" testcasecount="216" result="Failed" site="Child" start-time="2026-07-10 23:03:45Z" end-time="2026-07-10 23:04:06Z" duration="20.700776" total="216" passed="215" failed="1" inconclusive="0" skipped="0" asserts="0">
          <properties />
          <failure>
            <message><![CDATA[One or more child tests had errors]]></message>
          </failure>
          <test-suite type="TestSuite" id="1234" name="Tests" fullname="Kismeta.Core.Tests" runstate="Runnable" testcasecount="216" result="Failed" site="Child" start-time="2026-07-10 23:03:45Z" end-time="2026-07-10 23:04:06Z" duration="20.700290" total="216" passed="215" failed="1" inconclusive="0" skipped="0" asserts="0">
            <properties />
            <failure>
              <message><![CDATA[One or more child tests had errors]]></message>
            </failure>
            <test-suite type="TestFixture" id="1001" name="ActivationCardSuggester_Tests" fullname="Kismeta.Core.Tests.ActivationCardSuggester_Tests" classname="Kismeta.Core.Tests.ActivationCardSuggester_Tests" runstate="Runnable" testcasecount="6" result="Passed" start-time="2026-07-10 23:03:45Z" end-time="2026-07-10 23:03:45Z" duration="0.030425" total="6" passed="6" failed="0" inconclusive="0" skipped="0" asserts="0">
              <properties />
              <test-case id="1007" name="BestEffectiveRankSum_TwoAces_UsesBestAceCombo" fullname="Kismeta.Core.Tests.ActivationCardSuggester_Tests.BestEffectiveRankSum_TwoAces_UsesBestAceCombo" methodname="BestEffectiveRankSum_TwoAces_UsesBestAceCombo" classname="Kismeta.Core.Tests.ActivationCardSuggester_Tests" runstate="Runnable" seed="1623241836" result="Passed" start-time="2026-07-10 23:03:45Z" end-time="2026-07-10 23:03:45Z" duration="0.003947" asserts="0">
                <properties>
                  <property name="retryIteration" value="0" />
                  <property name="repeatIteration" value="0" />
                </properties>
                <output><![CDATA[[CardDatabase] Loaded 156 cards successfully.
]]></output>
              </test-case>
              <test-case id="1004" name="CanSpreadSatisfy_AnyThreePlanet_ThreeMatching_ReturnsTrue" fullname="Kismeta.Core.Tests.ActivationCardSuggester_Tests.CanSpreadSatisfy_AnyThreePlanet_ThreeMatching_ReturnsTrue" methodname="CanSpreadSatisfy_AnyThreePlanet_ThreeMatching_ReturnsTrue" classname="Kismeta.Core.Tests.ActivationCardSuggester_Tests" runstate="Runnable" seed="1181680027" result="Passed" start-time="2026-07-10 23:03:45Z" end-time="2026-07-10 23:03:45Z" duration="0.003282" asserts="0">
                <properties>
                  <property name="retryIteration" value="0" />
                  <property name="repeatIteration" value="0" />
                </properties>
                <output><![CDATA[[CardDatabase] Loaded 156 cards successfully.
]]></output>
              </test-case>
              <test-case id="1006" name="CanSpreadSatisfy_InsufficientSpread_ReturnsFalse" fullname="Kismeta.Core.Tests.ActivationCardSuggester_Tests.CanSpreadSatisfy_InsufficientSpread_ReturnsFalse" methodname="CanSpreadSatisfy_InsufficientSpread_ReturnsFalse" classname="Kismeta.Core.Tests.ActivationCardSuggester_Tests" runstate="Runnable" seed="249830935" result="Passed" start-time="2026-07-10 23:03:45Z" end-time="2026-07-10 23:03:45Z" duration="0.004563" asserts="0">
                <properties>
                  <property name="retryIteration" value="0" />
                  <property name="repeatIteration" value="0" />
                </properties>
                <output><![CDATA[[CardDatabase] Loaded 156 cards successfully.
]]></output>
              </test-case>
              <test-case id="1002" name="CanSpreadSatisfy_RankSum_CupsWithFortyPoints_ReturnsTrue" fullname="Kismeta.Core.Tests.ActivationCardSuggester_Tests.CanSpreadSatisfy_RankSum_CupsWithFortyPoints_ReturnsTrue" methodname="CanSpreadSatisfy_RankSum_CupsWithFortyPoints_ReturnsTrue" classname="Kismeta.Core.Tests.ActivationCardSuggester_Tests" runstate="Runnable" seed="2028681477" result="Passed" start-time="2026-07-10 23:03:45Z" end-time="2026-07-10 23:03:45Z" duration="0.003513" asserts="0">
                <properties>
                  <property name="retryIteration" value="0" />
                  <property name="repeatIteration" value="0" />
                </properties>
                <output><![CDATA[[CardDatabase] Loaded 156 cards successfully.
]]></output>
              </test-case>
              <test-case id="1005" name="SuggestActivationCards_AnyThreePlanet_ReturnsExactlyThree" fullname="Kismeta.Core.Tests.ActivationCardSuggester_Tests.SuggestActivationCards_AnyThreePlanet_ReturnsExactlyThree" methodname="SuggestActivationCards_AnyThreePlanet_ReturnsExactlyThree" classname="Kismeta.Core.Tests.ActivationCardSuggester_Tests" runstate="Runnable" seed="1377926432" result="Passed" start-time="2026-07-10 23:03:45Z" end-time="2026-07-10 23:03:45Z" duration="0.003675" asserts="0">
                <properties>
                  <property name="retryIteration" value="0" />
                  <property name="repeatIteration" value="0" />
                </properties>
                <output><![CDATA[[CardDatabase] Loaded 156 cards successfully.
]]></output>
              </test-case>
              <test-case id="1003" name="SuggestActivationCards_RankSum_Cups_ReturnsValidMinimalSubset" fullname="Kismeta.Core.Tests.ActivationCardSuggester_Tests.SuggestActivationCards_RankSum_Cups_ReturnsValidMinimalSubset" methodname="SuggestActivationCards_RankSum_Cups_ReturnsValidMinimalSubset" classname="Kismeta.Core.Tests.ActivationCardSuggester_Tests" runstate="Runnable" seed="561353947" result="Passed" start-time="2026-07-10 23:03:45Z" end-time="2026-07-10 23:03:45Z" duration="0.006194" asserts="0">
                <properties>
                  <property name="retryIteration" value="0" />
                  <property name="repeatIteration" value="0" />
                </properties>
                <output><![CDATA[[CardDatabase] Loaded 156 cards successfully.
]]></output>
              </test-case>
            </test-suite>
            <test-suite type="TestFixture" id="1008" name="ActiveEffectsService_Tests" fullname="Kismeta.Core.Tests.ActiveEffectsService_Tests" classname="Kismeta.Core.Tests.ActiveEffectsService_Tests" runstate="Runnable" testcasecount="14" result="Passed" start-time="2026-07-10 23:03:45Z" end-time="2026-07-10 23:03:45Z" duration="0.106363" total="14" passed="14" failed="0" inconclusive="0" skipped="0" asserts="0">
              <properties />
              <test-case id="1011" name="Build_Adept_OncePerAge_ShowsAvailableThenUsed" fullname="Kismeta.Core.Tests.ActiveEffectsService_Tests.Build_Adept_OncePerAge_ShowsAvailableThenUsed" methodname="Build_Adept_OncePerAge_ShowsAvailableThenUsed" classname="Kismeta.Core.Tests.ActiveEffectsService_Tests" runstate="Runnable" seed="1024464938" result="Passed" start-time="2026-07-10 23:03:45Z" end-time="2026-07-10 23:03:45Z" duration="0.009843" asserts="0">
                <properties>
                  <property name="retryIteration" value="0" />
                  <property name="repeatIteration" value="0" />
                </properties>
                <output><![CDATA[[CardDatabase] Loaded 156 cards successfully.
]]></output>
              </test-case>
              <test-case id="1010" name="Build_AstralHouse_HasPermanentBadge" fullname="Kismeta.Core.Tests.ActiveEffectsService_Tests.Build_AstralHouse_HasPermanentBadge" methodname="Build_AstralHouse_HasPermanentBadge" classname="Kismeta.Core.Tests.ActiveEffectsService_Tests" runstate="Runnable" seed="1782305534" result="Passed" start-time="2026-07-10 23:03:45Z" end-time="2026-07-10 23:03:45Z" duration="0.005240" asserts="0">
                <properties>
                  <property name="retryIteration" value="0" />
                  <property name="repeatIteration" value="0" />
                </properties>
                <output><![CDATA[[CardDatabase] Loaded 156 cards successfully.
]]></output>
              </test-case>
              <test-case id="1009" name="Build_CosmicAgeFeatured_IncludesSubtitleAndFooter" fullname="Kismeta.Core.Tests.ActiveEffectsService_Tests.Build_CosmicAgeFeatured_IncludesSubtitleAndFooter" methodname="Build_CosmicAgeFeatured_IncludesSubtitleAndFooter" classname="Kismeta.Core.Tests.ActiveEffectsService_Tests" runstate="Runnable" seed="674410709" result="Passed" start-time="2026-07-10 23:03:45Z" end-time="2026-07-10 23:03:45Z" duration="0.005607" asserts="0">
                <properties>
                  <property name="retryIteration" value="0" />
                  <property name="repeatIteration" value="0" />
                </properties>
                <output><![CDATA[[CardDatabase] Loaded 156 cards successfully.
]]></output>
              </test-case>
              <test-case id="1012" name="Build_Fate_UsesResolutionNote" fullname="Kismeta.Core.Tests.ActiveEffectsService_Tests.Build_Fate_UsesResolutionNote" methodname="Build_Fate_UsesResolutionNote" classname="Kismeta.Core.Tests.ActiveEffectsService_Tests" runstate="Runnable" seed="244310177" result="Passed" start-time="2026-07-10 23:03:45Z" end-time="2026-07-10 23:03:45Z" duration="0.003743" asserts="0">
                <properties>
                  <property name="retryIteration" value="0" />
                  <property name="repeatIteration" value="0" />
                </properties>
                <output><![CDATA[[CardDatabase] Loaded 156 cards successfully.
]]></output>
              </test-case>
              <test-case id="1019" name="Build_SpreadCards_ActionCard_IsNeutral" fullname="Kismeta.Core.Tests.ActiveEffectsService_Tests.Build_SpreadCards_ActionCard_IsNeutral" methodname="Build_SpreadCards_ActionCard_IsNeutral" classname="Kismeta.Core.Tests.ActiveEffectsService_Tests" runstate="Runnable" seed="16238723" result="Passed" start-time="2026-07-10 23:03:45Z" end-time="2026-07-10 23:03:45Z" duration="0.005393" asserts="0">
                <properties>
                  <property name="retryIteration" value="0" />
                  <property name="repeatIteration" value="0" />
                </properties>
                <output><![CDATA[[CardDatabase] Loaded 156 cards successfully.
]]></output>
              </test-case>
              <test-case id="1017" name="Build_SpreadCards_Gambit_IsBuff" fullname="Kismeta.Core.Tests.ActiveEffectsService_Tests.Build_SpreadCards_Gambit_IsBuff" methodname="Build_SpreadCards_Gambit_IsBuff" classname="Kismeta.Core.Tests.ActiveEffectsService_Tests" runstate="Runnable" seed="1167206494" result="Passed" start-time="2026-07-10 23:03:45Z" end-time="2026-07-10 23:03:45Z" duration="0.009497" asserts="0">
                <properties>
                  <property name="retryIteration" value="0" />
                  <property name="repeatIteration" value="0" />
                </properties>
                <output><![CDATA[[CardDatabase] Loaded 156 cards successfully.
]]></output>
              </test-case>
              <test-case id="1015" name="Build_SpreadCards_PassiveCosmicMatch_IsBuff" fullname="Kismeta.Core.Tests.ActiveEffectsService_Tests.Build_SpreadCards_PassiveCosmicMatch_IsBuff" methodname="Build_SpreadCards_PassiveCosmicMatch_IsBuff" classname="Kismeta.Core.Tests.ActiveEffectsService_Tests" runstate="Runnable" seed="708995312" result="Passed" start-time="2026-07-10 23:03:45Z" end-time="2026-07-10 23:03:45Z" duration="0.008992" asserts="0">
                <properties>
                  <property name="retryIteration" value="0" />
                  <property name="repeatIteration" value="0" />
                </properties>
                <output><![CDATA[[CardDatabase] Loaded 156 cards successfully.
]]></output>
              </test-case>
              <test-case id="1016" name="Build_SpreadCards_PassiveCosmicMismatch_IsInactive" fullname="Kismeta.Core.Tests.ActiveEffectsService_Tests.Build_SpreadCards_PassiveCosmicMismatch_IsInactive" methodname="Build_SpreadCards_PassiveCosmicMismatch_IsInactive" classname="Kismeta.Core.Tests.ActiveEffectsService_Tests" runstate="Runnable" seed="1826913769" result="Passed" start-time="2026-07-10 23:03:45Z" end-time="2026-07-10 23:03:45Z" duration="0.008530" asserts="0">
                <properties>
                  <property name="retryIteration" value="0" />
                  <property name="repeatIteration" value="0" />
                </properties>
                <output><![CDATA[[CardDatabase] Loaded 156 cards successfully.
]]></output>
              </test-case>
              <test-case id="1014" name="Build_SpreadCards_Reversed_IsDebuff" fullname="Kismeta.Core.Tests.ActiveEffectsService_Tests.Build_SpreadCards_Reversed_IsDebuff" methodname="Build_SpreadCards_Reversed_IsDebuff" classname="Kismeta.Core.Tests.ActiveEffectsService_Tests" runstate="Runnable" seed="2014008517" result="Passed" start-time="2026-07-10 23:03:45Z" end-time="2026-07-10 23:03:45Z" duration="0.020027" asserts="0">
                <properties>
                  <property name="retryIteration" value="0" />
                  <property name="repeatIteration" value="0" />
                </properties>
                <output><![CDATA[[CardDatabase] Loaded 156 cards successfully.
]]></output>
              </test-case>
              <test-case id="1020" name="Build_SpreadCards_SortsBuffsBeforeDebuffs" fullname="Kismeta.Core.Tests.ActiveEffectsService_Tests.Build_SpreadCards_SortsBuffsBeforeDebuffs" methodname="Build_SpreadCards_SortsBuffsBeforeDebuffs" classname="Kismeta.Core.Tests.ActiveEffectsService_Tests" runstate="Runnable" seed="1286775182" result="Passed" start-time="2026-07-10 23:03:45Z" end-time="2026-07-10 23:03:45Z" duration="0.007721" asserts="0">
                <properties>
                  <property name="retryIteration" value="0" />
                  <property name="repeatIteration" value="0" />
                </properties>
                <output><![CDATA[[CardDatabase] Loaded 156 cards successfully.
]]></output>
              </test-case>
              <test-case id="1013" name="Build_SpreadCards_SplitsActiveAndInactive" fullname="Kismeta.Core.Tests.ActiveEffectsService_Tests.Build_SpreadCards_SplitsActiveAndInactive" methodname="Build_SpreadCards_SplitsActiveAndInactive" classname="Kismeta.Core.Tests.ActiveEffectsService_Tests" runstate="Runnable" seed="8593019" result="Passed" start-time="2026-07-10 23:03:45Z" end-time="2026-07-10 23:03:45Z" duration="0.002775" asserts="0">
                <properties>
                  <property name="retryIteration" value="0" />
                  <property name="repeatIteration" value="0" />
                </properties>
                <output><![CDATA[[CardDatabase] Loaded 156 cards successfully.
]]></output>
              </test-case>
              <test-case id="1018" name="Build_SpreadCards_WildcardLink_IsNeutral" fullname="Kismeta.Core.Tests.ActiveEffectsService_Tests.Build_SpreadCards_WildcardLink_IsNeutral" methodname="Build_SpreadCards_WildcardLink_IsNeutral" classname="Kismeta.Core.Tests.ActiveEffectsService_Tests" runstate="Runnable" seed="766650438" result="Passed" start-time="2026-07-10 23:03:45Z" end-time="2026-07-10 23:03:45Z" duration="0.002454" asserts="0">
                <properties>
                  <property name="retryIteration" value="0" />
                  <property name="repeatIteration" value="0" />
                </properties>
                <output><![CDATA[[CardDatabase] Loaded 156 cards successfully.
]]></output>
              </test-case>
              <test-case id="1021" name="BuildDuelRelevant_BestOfThree_IncludesCosmicAgeFeatured" fullname="Kismeta.Core.Tests.ActiveEffectsService_Tests.BuildDuelRelevant_BestOfThree_IncludesCosmicAgeFeatured" methodname="BuildDuelRelevant_BestOfThree_IncludesCosmicAgeFeatured" classname="Kismeta.Core.Tests.ActiveEffectsService_Tests" runstate="Runnable" seed="137850757" result="Passed" start-time="2026-07-10 23:03:45Z" end-time="2026-07-10 23:03:45Z" duration="0.005486" asserts="0">
                <properties>
                  <property name="retryIteration" value="0" />
                  <property name="repeatIteration" value="0" />
                </properties>
                <output><![CDATA[[CardDatabase] Loaded 156 cards successfully.
]]></output>
              </test-case>
              <test-case id="1022" name="BuildDuelRelevant_FiltersCombatSpreadCardsAndStakedCards" fullname="Kismeta.Core.Tests.ActiveEffectsService_Tests.BuildDuelRelevant_FiltersCombatSpreadCardsAndStakedCards" methodname="BuildDuelRelevant_FiltersCombatSpreadCardsAndStakedCards" classname="Kismeta.Core.Tests.ActiveEffectsService_Tests" runstate="Runnable" seed="799409327" result="Passed" start-time="2026-07-10 23:03:45Z" end-time="2026-07-10 23:03:45Z" duration="0.005024" asserts="0">
                <properties>
                  <property name="retryIteration" value="0" />
                  <property name="repeatIteration" value="0" />
                </properties>
                <output><![CDATA[[CardDatabase] Loaded 156 cards successfully.
]]></output>
              </test-case>
            </test-suite>
            <test-suite type="TestFixture" id="1023" name="CardDatabase_Tests" fullname="Kismeta.Core.Tests.CardDatabase_Tests" classname="Kismeta.Core.Tests.CardDatabase_Tests" runstate="Runnable" testcasecount="8" result="Passed" start-time="2026-07-10 23:03:45Z" end-time="2026-07-10 23:03:45Z" duration="0.010094" total="8" passed="8" failed="0" inconclusive="0" skipped="0" asserts="0">
              <properties />
              <output><![CDATA[[CardDatabase] Loaded 156 cards successfully.
]]></output>
              <test-case id="1031" name="All_Adept_Cards_Have_Sign" fullname="Kismeta.Core.Tests.CardDatabase_Tests.All_Adept_Cards_Have_Sign" methodname="All_Adept_Cards_Have_Sign" classname="Kismeta.Core.Tests.CardDatabase_Tests" runstate="Runnable" seed="1809342920" result="Passed" start-time="2026-07-10 23:03:45Z" end-time="2026-07-10 23:03:45Z" duration="0.000516" asserts="0">
                <properties>
                  <property name="retryIteration" value="0" />
                  <property name="repeatIteration" value="0" />
                </properties>
              </test-case>
              <test-case id="1026" name="Crucible_Count_Is_22" fullname="Kismeta.Core.Tests.CardDatabase_Tests.Crucible_Count_Is_22" methodname="Crucible_Count_Is_22" classname="Kismeta.Core.Tests.CardDatabase_Tests" runstate="Runnable" seed="916441878" result="Passed" start-time="2026-07-10 23:03:45Z" end-time="2026-07-10 23:03:45Z" duration="0.000202" asserts="0">
                <properties>
                  <property name="retryIteration" value="0" />
                  <property name="repeatIteration" value="0" />
                </properties>
              </test-case>
              <test-case id="1029" name="Crucible_GroupA_Has_4_Cards" fullname="Kismeta.Core.Tests.CardDatabase_Tests.Crucible_GroupA_Has_4_Cards" methodname="Crucible_GroupA_Has_4_Cards" classname="Kismeta.Core.Tests.CardDatabase_Tests" runstate="Runnable" seed="1581721176" result="Passed" start-time="2026-07-10 23:03:45Z" end-time="2026-07-10 23:03:45Z" duration="0.000521" asserts="0">
                <properties>
                  <property name="retryIteration" value="0" />
                  <property name="repeatIteration" value="0" />
                </properties>
              </test-case>
              <test-case id="1028" name="Each_Suit_Has_28_Minor_Arcana_Cards" fullname="Kismeta.Core.Tests.CardDatabase_Tests.Each_Suit_Has_28_Minor_Arcana_Cards" methodname="Each_Suit_Has_28_Minor_Arcana_Cards" classname="Kismeta.Core.Tests.CardDatabase_Tests" runstate="Runnable" seed="1548248796" result="Passed" start-time="2026-07-10 23:03:45Z" end-time="2026-07-10 23:03:45Z" duration="0.000228" asserts="0">
                <properties>
                  <property name="retryIteration" value="0" />
                  <property name="repeatIteration" value="0" />
                </properties>
              </test-case>
              <test-case id="1030" name="Known_Card_Id_Resolves_Correctly" fullname="Kismeta.Core.Tests.CardDatabase_Tests.Known_Card_Id_Resolves_Correctly" methodname="Known_Card_Id_Resolves_Correctly" classname="Kismeta.Core.Tests.CardDatabase_Tests" runstate="Runnable" seed="831507017" result="Passed" start-time="2026-07-10 23:03:45Z" end-time="2026-07-10 23:03:45Z" duration="0.000182" asserts="0">
                <properties>
                  <property name="retryIteration" value="0" />
                  <property name="repeatIteration" value="0" />
                </properties>
              </test-case>
              <test-case id="1024" name="Loads_All_156_Cards" fullname="Kismeta.Core.Tests.CardDatabase_Tests.Loads_All_156_Cards" methodname="Loads_All_156_Cards" classname="Kismeta.Core.Tests.CardDatabase_Tests" runstate="Runnable" seed="1410916375" result="Passed" start-time="2026-07-10 23:03:45Z" end-time="2026-07-10 23:03:45Z" duration="0.000102" asserts="0">
                <properties>
                  <property name="retryIteration" value="0" />
                  <property name="repeatIteration" value="0" />
                </properties>
              </test-case>
              <test-case id="1025" name="MajorArcana_Count_Is_22" fullname="Kismeta.Core.Tests.CardDatabase_Tests.MajorArcana_Count_Is_22" methodname="MajorArcana_Count_Is_22" classname="Kismeta.Core.Tests.CardDatabase_Tests" runstate="Runnable" seed="381435523" result="Passed" start-time="2026-07-10 23:03:45Z" end-time="2026-07-10 23:03:45Z" duration="0.000139" asserts="0">
                <properties>
                  <property name="retryIteration" value="0" />
                  <property name="repeatIteration" value="0" />
                </properties>
              </test-case>
              <test-case id="1027" name="MinorArcana_Count_Is_112" fullname="Kismeta.Core.Tests.CardDatabase_Tests.MinorArcana_Count_Is_112" methodname="MinorArcana_Count_Is_112" classname="Kismeta.Core.Tests.CardDatabase_Tests" runstate="Runnable" seed="1658902273" result="Passed" start-time="2026-07-10 23:03:45Z" end-time="2026-07-10 23:03:45Z" duration="0.000127" asserts="0">
                <properties>
                  <property name="retryIteration" value="0" />
                  <property name="repeatIteration" value="0" />
                </properties>
              </test-case>
            </test-suite>
            <test-suite type="TestFixture" id="1032" name="CodexFormulaValidator_Tests" fullname="Kismeta.Core.Tests.CodexFormulaValidator_Tests" classname="Kismeta.Core.Tests.CodexFormulaValidator_Tests" runstate="Runnable" testcasecount="13" result="Passed" start-time="2026-07-10 23:03:45Z" end-time="2026-07-10 23:03:45Z" duration="0.033268" total="13" passed="13" failed="0" inconclusive="0" skipped="0" asserts="0">
              <properties />
              <test-case id="1037" name="Planet_EmptyList_Fails" fullname="Kismeta.Core.Tests.CodexFormulaValidator_Tests.Planet_EmptyList_Fails" methodname="Planet_EmptyList_Fails" classname="Kismeta.Core.Tests.CodexFormulaValidator_Tests" runstate="Runnable" seed="217463656" result="Passed" start-time="2026-07-10 23:03:45Z" end-time="2026-07-10 23:03:45Z" duration="0.002743" asserts="0">
                <properties>
                  <property name="retryIteration" value="0" />
                  <property name="repeatIteration" value="0" />
                </properties>
                <output><![CDATA[[CardDatabase] Loaded 156 cards successfully.
]]></output>
              </test-case>
              <test-case id="1033" name="Planet_ExactlyThreeMars_Succeeds" fullname="Kismeta.Core.Tests.CodexFormulaValidator_Tests.Planet_ExactlyThreeMars_Succeeds" methodname="Planet_ExactlyThreeMars_Succeeds" classname="Kismeta.Core.Tests.CodexFormulaValidator_Tests" runstate="Runnable" seed="1840826190" result="Passed" start-time="2026-07-10 23:03:45Z" end-time="2026-07-10 23:03:45Z" duration="0.002561" asserts="0">
                <properties>
                  <property name="retryIteration" value="0" />
                  <property name="repeatIteration" value="0" />
                </properties>
                <output><![CDATA[[CardDatabase] Loaded 156 cards successfully.
]]></output>
              </test-case>
              <test-case id="1035" name="Planet_FourMars_Fails" fullname="Kismeta.Core.Tests.CodexFormulaValidator_Tests.Planet_FourMars_Fails" methodname="Planet_FourMars_Fails" classname="Kismeta.Core.Tests.CodexFormulaValidator_Tests" runstate="Runnable" seed="1575771807" result="Passed" start-time="2026-07-10 23:03:45Z" end-time="2026-07-10 23:03:45Z" duration="0.002513" asserts="0">
                <properties>
                  <property name="retryIteration" value="0" />
                  <property name="repeatIteration" value="0" />
                </properties>
                <output><![CDATA[[CardDatabase] Loaded 156 cards successfully.
]]></output>
              </test-case>
              <test-case id="1034" name="Planet_TwoMars_Fails" fullname="Kismeta.Core.Tests.CodexFormulaValidator_Tests.Planet_TwoMars_Fails" methodname="Planet_TwoMars_Fails" classname="Kismeta.Core.Tests.CodexFormulaValidator_Tests" runstate="Runnable" seed="327440521" result="Passed" start-time="2026-07-10 23:03:45Z" end-time="2026-07-10 23:03:45Z" duration="0.002170" asserts="0">
                <properties>
                  <property name="retryIteration" value="0" />
                  <property name="repeatIteration" value="0" />
                </properties>
                <output><![CDATA[[CardDatabase] Loaded 156 cards successfully.
]]></output>
              </test-case>
              <test-case id="1036" name="Planet_WrongPlanet_Fails" fullname="Kismeta.Core.Tests.CodexFormulaValidator_Tests.Planet_WrongPlanet_Fails" methodname="Planet_WrongPlanet_Fails" classname="Kismeta.Core.Tests.CodexFormulaValidator_Tests" runstate="Runnable" seed="1239790270" result="Passed" start-time="2026-07-10 23:03:45Z" end-time="2026-07-10 23:03:45Z" duration="0.002197" asserts="0">
                <properties>
                  <property name="retryIteration" value="0" />
                  <property name="repeatIteration" value="0" />
                </properties>
                <output><![CDATA[[CardDatabase] Loaded 156 cards successfully.
]]></output>
              </test-case>
              <test-case id="1043" name="RankSum_AceAs1_DoesNotMeetThreshold_AceAs15_Does" fullname="Kismeta.Core.Tests.CodexFormulaValidator_Tests.RankSum_AceAs1_DoesNotMeetThreshold_AceAs15_Does" methodname="RankSum_AceAs1_DoesNotMeetThreshold_AceAs15_Does" classname="Kismeta.Core.Tests.CodexFormulaValidator_Tests" runstate="Runnable" seed="935133809" result="Passed" start-time="2026-07-10 23:03:45Z" end-time="2026-07-10 23:03:45Z" duration="0.002422" asserts="0">
                <properties>
                  <property name="retryIteration" value="0" />
                  <property name="repeatIteration" value="0" />
                </properties>
                <output><![CDATA[[CardDatabase] Loaded 156 cards successfully.
]]></output>
              </test-case>
              <test-case id="1042" name="RankSum_AceAs15_MeetsThreshold" fullname="Kismeta.Core.Tests.CodexFormulaValidator_Tests.RankSum_AceAs15_MeetsThreshold" methodname="RankSum_AceAs15_MeetsThreshold" classname="Kismeta.Core.Tests.CodexFormulaValidator_Tests" runstate="Runnable" seed="852255917" result="Passed" start-time="2026-07-10 23:03:45Z" end-time="2026-07-10 23:03:45Z" duration="0.002080" asserts="0">
                <properties>
                  <property name="retryIteration" value="0" />
                  <property name="repeatIteration" value="0" />
                </properties>
                <output><![CDATA[[CardDatabase] Loaded 156 cards successfully.
]]></output>
              </test-case>
              <test-case id="1045" name="RankSum_AllAcesAsLow_CannotReachThreshold_Fails" fullname="Kismeta.Core.Tests.CodexFormulaValidator_Tests.RankSum_AllAcesAsLow_CannotReachThreshold_Fails" methodname="RankSum_AllAcesAsLow_CannotReachThreshold_Fails" classname="Kismeta.Core.Tests.CodexFormulaValidator_Tests" runstate="Runnable" seed="1178795205" result="Passed" start-time="2026-07-10 23:03:45Z" end-time="2026-07-10 23:03:45Z" duration="0.002122" asserts="0">
                <properties>
                  <property name="retryIteration" value="0" />
                  <property name="repeatIteration" value="0" />
                </properties>
                <output><![CDATA[[CardDatabase] Loaded 156 cards successfully.
]]></output>
              </test-case>
              <test-case id="1041" name="RankSum_OneCardExactlyAtThreshold_Succeeds" fullname="Kismeta.Core.Tests.CodexFormulaValidator_Tests.RankSum_OneCardExactlyAtThreshold_Succeeds" methodname="RankSum_OneCardExactlyAtThreshold_Succeeds" classname="Kismeta.Core.Tests.CodexFormulaValidator_Tests" runstate="Runnable" seed="1351970512" result="Passed" start-time="2026-07-10 23:03:45Z" end-time="2026-07-10 23:03:45Z" duration="0.002139" asserts="0">
                <properties>
                  <property name="retryIteration" value="0" />
                  <property name="repeatIteration" value="0" />
                </properties>
                <output><![CDATA[[CardDatabase] Loaded 156 cards successfully.
]]></output>
              </test-case>
              <test-case id="1039" name="RankSum_ThreeWands_InsufficientSum_Fails" fullname="Kismeta.Core.Tests.CodexFormulaValidator_Tests.RankSum_ThreeWands_InsufficientSum_Fails" methodname="RankSum_ThreeWands_InsufficientSum_Fails" classname="Kismeta.Core.Tests.CodexFormulaValidator_Tests" runstate="Runnable" seed="1831100933" result="Passed" start-time="2026-07-10 23:03:45Z" end-time="2026-07-10 23:03:45Z" duration="0.002188" asserts="0">
                <properties>
                  <property name="retryIteration" value="0" />
                  <property name="repeatIteration" value="0" />
                </properties>
                <output><![CDATA[[CardDatabase] Loaded 156 cards successfully.
]]></output>
              </test-case>
              <test-case id="1038" name="RankSum_ThreeWands_SufficientSum_Succeeds" fullname="Kismeta.Core.Tests.CodexFormulaValidator_Tests.RankSum_ThreeWands_SufficientSum_Succeeds" methodname="RankSum_ThreeWands_SufficientSum_Succeeds" classname="Kismeta.Core.Tests.CodexFormulaValidator_Tests" runstate="Runnable" seed="817959577" result="Passed" start-time="2026-07-10 23:03:45Z" end-time="2026-07-10 23:03:45Z" duration="0.002141" asserts="0">
                <properties>
                  <property name="retryIteration" value="0" />
                  <property name="repeatIteration" value="0" />
                </properties>
                <output><![CDATA[[CardDatabase] Loaded 156 cards successfully.
]]></output>
              </test-case>
              <test-case id="1044" name="RankSum_TwoAces_BothAs1_Fails_BothAs15_Succeeds" fullname="Kismeta.Core.Tests.CodexFormulaValidator_Tests.RankSum_TwoAces_BothAs1_Fails_BothAs15_Succeeds" methodname="RankSum_TwoAces_BothAs1_Fails_BothAs15_Succeeds" classname="Kismeta.Core.Tests.CodexFormulaValidator_Tests" runstate="Runnable" seed="1557697308" result="Passed" start-time="2026-07-10 23:03:45Z" end-time="2026-07-10 23:03:45Z" duration="0.002069" asserts="0">
                <properties>
                  <property name="retryIteration" value="0" />
                  <property name="repeatIteration" value="0" />
                </properties>
                <output><![CDATA[[CardDatabase] Loaded 156 cards successfully.
]]></output>
              </test-case>
              <test-case id="1040" name="RankSum_WrongSuit_Fails" fullname="Kismeta.Core.Tests.CodexFormulaValidator_Tests.RankSum_WrongSuit_Fails" methodname="RankSum_WrongSuit_Fails" classname="Kismeta.Core.Tests.CodexFormulaValidator_Tests" runstate="Runnable" seed="356527625" result="Passed" start-time="2026-07-10 23:03:45Z" end-time="2026-07-10 23:03:45Z" duration="0.002134" asserts="0">
                <properties>
                  <property name="retryIteration" value="0" />
                  <property name="repeatIteration" value="0" />
                </properties>
                <output><![CDATA[[CardDatabase] Loaded 156 cards successfully.
]]></output>
              </test-case>
            </test-suite>
            <test-suite type="TestFixture" id="1046" name="ContestDiceSeriesResolver_Tests" fullname="Kismeta.Core.Tests.ContestDiceSeriesResolver_Tests" classname="Kismeta.Core.Tests.ContestDiceSeriesResolver_Tests" runstate="Runnable" testcasecount="6" result="Passed" start-time="2026-07-10 23:03:45Z" end-time="2026-07-10 23:03:45Z" duration="0.007484" total="6" passed="6" failed="0" inconclusive="0" skipped="0" asserts="0">
              <properties />
              <test-case id="1049" name="BestOfThree_StopsWhenAttackerReachesTwoWins" fullname="Kismeta.Core.Tests.ContestDiceSeriesResolver_Tests.BestOfThree_StopsWhenAttackerReachesTwoWins" methodname="BestOfThree_StopsWhenAttackerReachesTwoWins" classname="Kismeta.Core.Tests.ContestDiceSeriesResolver_Tests" runstate="Runnable" seed="596265698" result="Passed" start-time="2026-07-10 23:03:45Z" end-time="2026-07-10 23:03:45Z" duration="0.001451" asserts="0">
                <properties>
                  <property name="retryIteration" value="0" />
                  <property name="repeatIteration" value="0" />
                </properties>
              </test-case>
              <test-case id="1050" name="BestOfThree_StopsWhenDefenderReachesTwoWins" fullname="Kismeta.Core.Tests.ContestDiceSeriesResolver_Tests.BestOfThree_StopsWhenDefenderReachesTwoWins" methodname="BestOfThree_StopsWhenDefenderReachesTwoWins" classname="Kismeta.Core.Tests.ContestDiceSeriesResolver_Tests" runstate="Runnable" seed="883745912" result="Passed" start-time="2026-07-10 23:03:45Z" end-time="2026-07-10 23:03:45Z" duration="0.000165" asserts="0">
                <properties>
                  <property name="retryIteration" value="0" />
                  <property name="repeatIteration" value="0" />
                </properties>
              </test-case>
              <test-case id="1051" name="Bonus_ClampedAt12" fullname="Kismeta.Core.Tests.ContestDiceSeriesResolver_Tests.Bonus_ClampedAt12" methodname="Bonus_ClampedAt12" classname="Kismeta.Core.Tests.ContestDiceSeriesResolver_Tests" runstate="Runnable" seed="1195521202" result="Passed" start-time="2026-07-10 23:03:45Z" end-time="2026-07-10 23:03:45Z" duration="0.000323" asserts="0">
                <properties>
                  <property name="retryIteration" value="0" />
                  <property name="repeatIteration" value="0" />
                </properties>
              </test-case>
              <test-case id="1052" name="Reroll_KeepsHigherAttackRoll" fullname="Kismeta.Core.Tests.ContestDiceSeriesResolver_Tests.Reroll_KeepsHigherAttackRoll" methodname="Reroll_KeepsHigherAttackRoll" classname="Kismeta.Core.Tests.ContestDiceSeriesResolver_Tests" runstate="Runnable" seed="1530214954" result="Passed" start-time="2026-07-10 23:03:45Z" end-time="2026-07-10 23:03:45Z" duration="0.000153" asserts="0">
                <properties>
                  <property name="retryIteration" value="0" />
                  <property name="repeatIteration" value="0" />
                </properties>
              </test-case>
              <test-case id="1047" name="SingleRoll_WhenNotBestOfThree" fullname="Kismeta.Core.Tests.ContestDiceSeriesResolver_Tests.SingleRoll_WhenNotBestOfThree" methodname="SingleRoll_WhenNotBestOfThree" classname="Kismeta.Core.Tests.ContestDiceSeriesResolver_Tests" runstate="Runnable" seed="1462224615" result="Passed" start-time="2026-07-10 23:03:45Z" end-time="2026-07-10 23:03:45Z" duration="0.000168" asserts="0">
                <properties>
                  <property name="retryIteration" value="0" />
                  <property name="repeatIteration" value="0" />
                </properties>
              </test-case>
              <test-case id="1048" name="Tie_FavorsDefender" fullname="Kismeta.Core.Tests.ContestDiceSeriesResolver_Tests.Tie_FavorsDefender" methodname="Tie_FavorsDefender" classname="Kismeta.Core.Tests.ContestDiceSeriesResolver_Tests" runstate="Runnable" seed="1327370007" result="Passed" start-time="2026-07-10 23:03:45Z" end-time="2026-07-10 23:03:45Z" duration="0.000134" asserts="0">
                <properties>
                  <property name="retryIteration" value="0" />
                  <property name="repeatIteration" value="0" />
                </properties>
              </test-case>
            </test-suite>
            <test-suite type="TestFixture" id="1053" name="ContestModifierService_Tests" fullname="Kismeta.Core.Tests.ContestModifierService_Tests" classname="Kismeta.Core.Tests.ContestModifierService_Tests" runstate="Runnable" testcasecount="7" result="Passed" start-time="2026-07-10 23:03:45Z" end-time="2026-07-10 23:03:45Z" duration="0.020178" total="7" passed="7" failed="0" inconclusive="0" skipped="0" asserts="0">
              <properties />
              <test-case id="1060" name="ChariotResonant_RerollOnlyWhenAttuned" fullname="Kismeta.Core.Tests.ContestModifierService_Tests.ChariotResonant_RerollOnlyWhenAttuned" methodname="ChariotResonant_RerollOnlyWhenAttuned" classname="Kismeta.Core.Tests.ContestModifierService_Tests" runstate="Runnable" seed="860130566" result="Passed" start-time="2026-07-10 23:03:45Z" end-time="2026-07-10 23:03:45Z" duration="0.003395" asserts="0">
                <properties>
                  <property name="retryIteration" value="0" />
                  <property name="repeatIteration" value="0" />
                </properties>
                <output><![CDATA[[CardDatabase] Loaded 156 cards successfully.
]]></output>
              </test-case>
              <test-case id="1058" name="FiveOfCups_GrantsAttackerReroll" fullname="Kismeta.Core.Tests.ContestModifierService_Tests.FiveOfCups_GrantsAttackerReroll" methodname="FiveOfCups_GrantsAttackerReroll" classname="Kismeta.Core.Tests.ContestModifierService_Tests" runstate="Runnable" seed="1793279060" result="Passed" start-time="2026-07-10 23:03:45Z" end-time="2026-07-10 23:03:45Z" duration="0.002534" asserts="0">
                <properties>
                  <property name="retryIteration" value="0" />
                  <property name="repeatIteration" value="0" />
                </properties>
                <output><![CDATA[[CardDatabase] Loaded 156 cards successfully.
]]></output>
              </test-case>
              <test-case id="1055" name="KnightOfCups_GrantsDefenderDefendBonus" fullname="Kismeta.Core.Tests.ContestModifierService_Tests.KnightOfCups_GrantsDefenderDefendBonus" methodname="KnightOfCups_GrantsDefenderDefendBonus" classname="Kismeta.Core.Tests.ContestModifierService_Tests" runstate="Runnable" seed="2086303387" result="Passed" start-time="2026-07-10 23:03:45Z" end-time="2026-07-10 23:03:45Z" duration="0.002278" asserts="0">
                <properties>
                  <property name="retryIteration" value="0" />
                  <property name="repeatIteration" value="0" />
                </properties>
                <output><![CDATA[[CardDatabase] Loaded 156 cards successfully.
]]></output>
              </test-case>
              <test-case id="1054" name="KnightOfSwords_GrantsAttackerAttackBonus" fullname="Kismeta.Core.Tests.ContestModifierService_Tests.KnightOfSwords_GrantsAttackerAttackBonus" methodname="KnightOfSwords_GrantsAttackerAttackBonus" classname="Kismeta.Core.Tests.ContestModifierService_Tests" runstate="Runnable" seed="23982253" result="Passed" start-time="2026-07-10 23:03:45Z" end-time="2026-07-10 23:03:45Z" duration="0.002240" asserts="0">
                <properties>
                  <property name="retryIteration" value="0" />
                  <property name="repeatIteration" value="0" />
                </properties>
                <output><![CDATA[[CardDatabase] Loaded 156 cards successfully.
]]></output>
              </test-case>
              <test-case id="1056" name="PrincessOfCups_GrantsDefenderGambitBonus" fullname="Kismeta.Core.Tests.ContestModifierService_Tests.PrincessOfCups_GrantsDefenderGambitBonus" methodname="PrincessOfCups_GrantsDefenderGambitBonus" classname="Kismeta.Core.Tests.ContestModifierService_Tests" runstate="Runnable" seed="1359021071" result="Passed" start-time="2026-07-10 23:03:45Z" end-time="2026-07-10 23:03:45Z" duration="0.002290" asserts="0">
                <properties>
                  <property name="retryIteration" value="0" />
                  <property name="repeatIteration" value="0" />
                </properties>
                <output><![CDATA[[CardDatabase] Loaded 156 cards successfully.
]]></output>
              </test-case>
              <test-case id="1057" name="SixOfSwords_ForcesAttackerBestOfThree" fullname="Kismeta.Core.Tests.ContestModifierService_Tests.SixOfSwords_ForcesAttackerBestOfThree" methodname="SixOfSwords_ForcesAttackerBestOfThree" classname="Kismeta.Core.Tests.ContestModifierService_Tests" runstate="Runnable" seed="1307994220" result="Passed" start-time="2026-07-10 23:03:45Z" end-time="2026-07-10 23:03:45Z" duration="0.002247" asserts="0">
                <properties>
                  <property name="retryIteration" value="0" />
                  <property name="repeatIteration" value="0" />
                </properties>
                <output><![CDATA[[CardDatabase] Loaded 156 cards successfully.
]]></output>
              </test-case>
              <test-case id="1059" name="StrengthResonant_RequiresAttunement" fullname="Kismeta.Core.Tests.ContestModifierService_Tests.StrengthResonant_RequiresAttunement" methodname="StrengthResonant_RequiresAttunement" classname="Kismeta.Core.Tests.ContestModifierService_Tests" runstate="Runnable" seed="343937335" result="Passed" start-time="2026-07-10 23:03:45Z" end-time="2026-07-10 23:03:45Z" duration="0.002487" asserts="0">
                <properties>
                  <property name="retryIteration" value="0" />
                  <property name="repeatIteration" value="0" />
                </properties>
                <output><![CDATA[[CardDatabase] Loaded 156 cards successfully.
]]></output>
              </test-case>
            </test-suite>
            <test-suite type="TestFixture" id="1061" name="CraftModifierService_Tests" fullname="Kismeta.Core.Tests.CraftModifierService_Tests" classname="Kismeta.Core.Tests.CraftModifierService_Tests" runstate="Runnable" testcasecount="3" result="Passed" start-time="2026-07-10 23:03:45Z" end-time="2026-07-10 23:03:45Z" duration="0.008295" total="3" passed="3" failed="0" inconclusive="0" skipped="0" asserts="0">
              <properties />
              <test-case id="1063" name="BuildV1_Adds_TwoPentacles_Salt_Path" fullname="Kismeta.Core.Tests.CraftModifierService_Tests.BuildV1_Adds_TwoPentacles_Salt_Path" methodname="BuildV1_Adds_TwoPentacles_Salt_Path" classname="Kismeta.Core.Tests.CraftModifierService_Tests" runstate="Runnable" seed="703695608" result="Passed" start-time="2026-07-10 23:03:45Z" end-time="2026-07-10 23:03:45Z" duration="0.002062" asserts="0">
                <properties>
                  <property name="retryIteration" value="0" />
                  <property name="repeatIteration" value="0" />
                </properties>
                <output><![CDATA[[CardDatabase] Loaded 156 cards successfully.
]]></output>
              </test-case>
              <test-case id="1064" name="EmpressMark_Reduces_Marked_Reagent_Cost" fullname="Kismeta.Core.Tests.CraftModifierService_Tests.EmpressMark_Reduces_Marked_Reagent_Cost" methodname="EmpressMark_Reduces_Marked_Reagent_Cost" classname="Kismeta.Core.Tests.CraftModifierService_Tests" runstate="Runnable" seed="1795427823" result="Passed" start-time="2026-07-10 23:03:45Z" end-time="2026-07-10 23:03:45Z" duration="0.001894" asserts="0">
                <properties>
                  <property name="retryIteration" value="0" />
                  <property name="repeatIteration" value="0" />
                </properties>
                <output><![CDATA[[CardDatabase] Loaded 156 cards successfully.
]]></output>
              </test-case>
              <test-case id="1062" name="Rank8_InSpread_Reduces_Sulphur_Cost_To_Two" fullname="Kismeta.Core.Tests.CraftModifierService_Tests.Rank8_InSpread_Reduces_Sulphur_Cost_To_Two" methodname="Rank8_InSpread_Reduces_Sulphur_Cost_To_Two" classname="Kismeta.Core.Tests.CraftModifierService_Tests" runstate="Runnable" seed="1675313274" result="Passed" start-time="2026-07-10 23:03:45Z" end-time="2026-07-10 23:03:45Z" duration="0.001863" asserts="0">
                <properties>
                  <property name="retryIteration" value="0" />
                  <property name="repeatIteration" value="0" />
                </properties>
                <output><![CDATA[[CardDatabase] Loaded 156 cards successfully.
]]></output>
              </test-case>
            </test-suite>
            <test-suite type="TestFixture" id="1065" name="GameLoop_Tests" fullname="Kismeta.Core.Tests.GameLoop_Tests" classname="Kismeta.Core.Tests.GameLoop_Tests" runstate="Runnable" testcasecount="13" result="Passed" start-time="2026-07-10 23:03:45Z" end-time="2026-07-10 23:04:05Z" duration="20.062977" total="13" passed="13" failed="0" inconclusive="0" skipped="0" asserts="0">
              <properties />
              <test-case id="1073" name="ActionValidator_Accepts_Agekeeper_Roll_From_Agekeeper" fullname="Kismeta.Core.Tests.GameLoop_Tests.ActionValidator_Accepts_Agekeeper_Roll_From_Agekeeper" methodname="ActionValidator_Accepts_Agekeeper_Roll_From_Agekeeper" classname="Kismeta.Core.Tests.GameLoop_Tests" runstate="Runnable" seed="326952048" result="Passed" start-time="2026-07-10 23:03:45Z" end-time="2026-07-10 23:03:45Z" duration="0.003465" asserts="0">
                <properties>
                  <property name="retryIteration" value="0" />
                  <property name="repeatIteration" value="0" />
                </properties>
                <output><![CDATA[[CardDatabase] Loaded 156 cards successfully.
]]></output>
              </test-case>
              <test-case id="1072" name="ActionValidator_Rejects_Agekeeper_Roll_From_Non_Agekeeper" fullname="Kismeta.Core.Tests.GameLoop_Tests.ActionValidator_Rejects_Agekeeper_Roll_From_Non_Agekeeper" methodname="ActionValidator_Rejects_Agekeeper_Roll_From_Non_Agekeeper" classname="Kismeta.Core.Tests.GameLoop_Tests" runstate="Runnable" seed="1198869283" result="Passed" start-time="2026-07-10 23:03:45Z" end-time="2026-07-10 23:03:45Z" duration="0.002418" asserts="0">
                <properties>
                  <property name="retryIteration" value="0" />
                  <property name="repeatIteration" value="0" />
                </properties>
                <output><![CDATA[[CardDatabase] Loaded 156 cards successfully.
]]></output>
              </test-case>
              <test-case id="1078" name="ActionValidator_Rejects_Contest_Initiation_When_Not_Turn_Player" fullname="Kismeta.Core.Tests.GameLoop_Tests.ActionValidator_Rejects_Contest_Initiation_When_Not_Turn_Player" methodname="ActionValidator_Rejects_Contest_Initiation_When_Not_Turn_Player" classname="Kismeta.Core.Tests.GameLoop_Tests" runstate="Runnable" seed="758018222" result="Passed" start-time="2026-07-10 23:03:45Z" end-time="2026-07-10 23:03:45Z" duration="0.002744" asserts="0">
                <properties>
                  <property name="retryIteration" value="0" />
                  <property name="repeatIteration" value="0" />
                </properties>
                <output><![CDATA[[CardDatabase] Loaded 156 cards successfully.
]]></output>
              </test-case>
              <test-case id="1070" name="GameLoop_Event_Log_Is_Non_Empty_After_Setup" fullname="Kismeta.Core.Tests.GameLoop_Tests.GameLoop_Event_Log_Is_Non_Empty_After_Setup" methodname="GameLoop_Event_Log_Is_Non_Empty_After_Setup" classname="Kismeta.Core.Tests.GameLoop_Tests" runstate="Runnable" seed="1131945194" result="Passed" start-time="2026-07-10 23:03:45Z" end-time="2026-07-10 23:03:45Z" duration="0.003041" asserts="0">
                <properties>
                  <property name="retryIteration" value="0" />
                  <property name="repeatIteration" value="0" />
                </properties>
                <output><![CDATA[[CardDatabase] Loaded 156 cards successfully.
]]></output>
              </test-case>
              <test-case id="1075" name="GameLoop_IsLocalHumanWaitingForTurn_False_When_No_Turn" fullname="Kismeta.Core.Tests.GameLoop_Tests.GameLoop_IsLocalHumanWaitingForTurn_False_When_No_Turn" methodname="GameLoop_IsLocalHumanWaitingForTurn_False_When_No_Turn" classname="Kismeta.Core.Tests.GameLoop_Tests" runstate="Runnable" seed="742802766" result="Passed" start-time="2026-07-10 23:03:45Z" end-time="2026-07-10 23:03:45Z" duration="0.002271" asserts="0">
                <properties>
                  <property name="retryIteration" value="0" />
                  <property name="repeatIteration" value="0" />
                </properties>
                <output><![CDATA[[CardDatabase] Loaded 156 cards successfully.
]]></output>
              </test-case>
              <test-case id="1067" name="GameLoop_Setup_Populates_All_Decks" fullname="Kismeta.Core.Tests.GameLoop_Tests.GameLoop_Setup_Populates_All_Decks" methodname="GameLoop_Setup_Populates_All_Decks" classname="Kismeta.Core.Tests.GameLoop_Tests" runstate="Runnable" seed="1619662345" result="Passed" start-time="2026-07-10 23:03:45Z" end-time="2026-07-10 23:03:45Z" duration="0.002603" asserts="0">
                <properties>
                  <property name="retryIteration" value="0" />
                  <property name="repeatIteration" value="0" />
                </properties>
                <output><![CDATA[[CardDatabase] Loaded 156 cards successfully.
]]></output>
              </test-case>
              <test-case id="1068" name="GameLoop_Spring_Gives_Each_Player_At_Least_3_Cards_From_Harvest" fullname="Kismeta.Core.Tests.GameLoop_Tests.GameLoop_Spring_Gives_Each_Player_At_Least_3_Cards_From_Harvest" methodname="GameLoop_Spring_Gives_Each_Player_At_Least_3_Cards_From_Harvest" classname="Kismeta.Core.Tests.GameLoop_Tests" runstate="Runnable" seed="1513510966" result="Passed" start-time="2026-07-10 23:03:45Z" end-time="2026-07-10 23:03:45Z" duration="0.005331" asserts="0">
                <properties>
                  <property name="retryIteration" value="0" />
                  <property name="repeatIteration" value="0" />
                </properties>
                <output><![CDATA[[CardDatabase] Loaded 156 cards successfully.
]]></output>
              </test-case>
              <test-case id="1066" name="GameLoop_Starts_And_Runs_Without_Exception" fullname="Kismeta.Core.Tests.GameLoop_Tests.GameLoop_Starts_And_Runs_Without_Exception" methodname="GameLoop_Starts_And_Runs_Without_Exception" classname="Kismeta.Core.Tests.GameLoop_Tests" runstate="Runnable" seed="738445416" result="Passed" start-time="2026-07-10 23:03:45Z" end-time="2026-07-10 23:04:00Z" duration="15.012552" asserts="0">
                <properties>
                  <property name="retryIteration" value="0" />
                  <property name="repeatIteration" value="0" />
                </properties>
                <output><![CDATA[[CardDatabase] Loaded 156 cards successfully.
]]></output>
              </test-case>
              <test-case id="1074" name="GameLoop_TurnPlayerId_IsNegative_Before_Run" fullname="Kismeta.Core.Tests.GameLoop_Tests.GameLoop_TurnPlayerId_IsNegative_Before_Run" methodname="GameLoop_TurnPlayerId_IsNegative_Before_Run" classname="Kismeta.Core.Tests.GameLoop_Tests" runstate="Runnable" seed="2015466783" result="Passed" start-time="2026-07-10 23:04:00Z" end-time="2026-07-10 23:04:00Z" duration="0.002650" asserts="0">
                <properties>
                  <property name="retryIteration" value="0" />
                  <property name="repeatIteration" value="0" />
                </properties>
                <output><![CDATA[[CardDatabase] Loaded 156 cards successfully.
]]></output>
              </test-case>
              <test-case id="1071" name="GameLoop_Two_Players_Two_Seeds_Produce_Different_Setup" fullname="Kismeta.Core.Tests.GameLoop_Tests.GameLoop_Two_Players_Two_Seeds_Produce_Different_Setup" methodname="GameLoop_Two_Players_Two_Seeds_Produce_Different_Setup" classname="Kismeta.Core.Tests.GameLoop_Tests" runstate="Runnable" seed="1537796671" result="Passed" start-time="2026-07-10 23:04:00Z" end-time="2026-07-10 23:04:00Z" duration="0.003124" asserts="0">
                <properties>
                  <property name="retryIteration" value="0" />
                  <property name="repeatIteration" value="0" />
                </properties>
                <output><![CDATA[[CardDatabase] Loaded 156 cards successfully.
Seed 42 first crucible: inst-crucible.a.3
Seed 99 first crucible: inst-crucible.a.1
]]></output>
              </test-case>
              <test-case id="1069" name="GameLoop_Winter_Rotates_Agekeeper_Each_Round" fullname="Kismeta.Core.Tests.GameLoop_Tests.GameLoop_Winter_Rotates_Agekeeper_Each_Round" methodname="GameLoop_Winter_Rotates_Agekeeper_Each_Round" classname="Kismeta.Core.Tests.GameLoop_Tests" runstate="Runnable" seed="470057669" result="Passed" start-time="2026-07-10 23:04:00Z" end-time="2026-07-10 23:04:05Z" duration="5.010858" asserts="0">
                <properties>
                  <property name="retryIteration" value="0" />
                  <property name="repeatIteration" value="0" />
                </properties>
                <output><![CDATA[[CardDatabase] Loaded 156 cards successfully.
]]></output>
              </test-case>
              <test-case id="1077" name="Trade_Declined_Leaves_Cards_Unchanged" fullname="Kismeta.Core.Tests.GameLoop_Tests.Trade_Declined_Leaves_Cards_Unchanged" methodname="Trade_Declined_Leaves_Cards_Unchanged" classname="Kismeta.Core.Tests.GameLoop_Tests" runstate="Runnable" seed="948852029" result="Passed" start-time="2026-07-10 23:04:05Z" end-time="2026-07-10 23:04:05Z" duration="0.004614" asserts="0">
                <properties>
                  <property name="retryIteration" value="0" />
                  <property name="repeatIteration" value="0" />
                </properties>
                <output><![CDATA[[CardDatabase] Loaded 156 cards successfully.
]]></output>
              </test-case>
              <test-case id="1076" name="Trade_Initiate_And_Respond_Completes_Swap" fullname="Kismeta.Core.Tests.GameLoop_Tests.Trade_Initiate_And_Respond_Completes_Swap" methodname="Trade_Initiate_And_Respond_Completes_Swap" classname="Kismeta.Core.Tests.GameLoop_Tests" runstate="Runnable" seed="79166086" result="Passed" start-time="2026-07-10 23:04:05Z" end-time="2026-07-10 23:04:05Z" duration="0.003903" asserts="0">
                <properties>
                  <property name="retryIteration" value="0" />
                  <property name="repeatIteration" value="0" />
                </properties>
                <output><![CDATA[[CardDatabase] Loaded 156 cards successfully.
]]></output>
              </test-case>
            </test-suite>
            <test-suite type="TestFixture" id="1079" name="GameSession_Tests" fullname="Kismeta.Core.Tests.GameSession_Tests" classname="Kismeta.Core.Tests.GameSession_Tests" runstate="Runnable" testcasecount="9" result="Passed" start-time="2026-07-10 23:04:05Z" end-time="2026-07-10 23:04:05Z" duration="0.010657" total="9" passed="9" failed="0" inconclusive="0" skipped="0" asserts="0">
              <properties />
              <test-case id="1082" name="Apply_AdvancePhaseCommand_Emits_PhaseChangedEvent" fullname="Kismeta.Core.Tests.GameSession_Tests.Apply_AdvancePhaseCommand_Emits_PhaseChangedEvent" methodname="Apply_AdvancePhaseCommand_Emits_PhaseChangedEvent" classname="Kismeta.Core.Tests.GameSession_Tests" runstate="Runnable" seed="1029937179" result="Passed" start-time="2026-07-10 23:04:05Z" end-time="2026-07-10 23:04:05Z" duration="0.002876" asserts="0">
                <properties>
                  <property name="retryIteration" value="0" />
                  <property name="repeatIteration" value="0" />
                </properties>
              </test-case>
              <test-case id="1081" name="Apply_AdvancePhaseCommand_Moves_To_Next_Step" fullname="Kismeta.Core.Tests.GameSession_Tests.Apply_AdvancePhaseCommand_Moves_To_Next_Step" methodname="Apply_AdvancePhaseCommand_Moves_To_Next_Step" classname="Kismeta.Core.Tests.GameSession_Tests" runstate="Runnable" seed="1472318198" result="Passed" start-time="2026-07-10 23:04:05Z" end-time="2026-07-10 23:04:05Z" duration="0.000163" asserts="0">
                <properties>
                  <property name="retryIteration" value="0" />
                  <property name="repeatIteration" value="0" />
                </properties>
              </test-case>
              <test-case id="1084" name="Apply_SetCardLock_Engages_CardLock" fullname="Kismeta.Core.Tests.GameSession_Tests.Apply_SetCardLock_Engages_CardLock" methodname="Apply_SetCardLock_Engages_CardLock" classname="Kismeta.Core.Tests.GameSession_Tests" runstate="Runnable" seed="2035756356" result="Passed" start-time="2026-07-10 23:04:05Z" end-time="2026-07-10 23:04:05Z" duration="0.000137" asserts="0">
                <properties>
                  <property name="retryIteration" value="0" />
                  <property name="repeatIteration" value="0" />
                </properties>
              </test-case>
              <test-case id="1083" name="Apply_UnhandledCommand_Returns_NotImplemented" fullname="Kismeta.Core.Tests.GameSession_Tests.Apply_UnhandledCommand_Returns_NotImplemented" methodname="Apply_UnhandledCommand_Returns_NotImplemented" classname="Kismeta.Core.Tests.GameSession_Tests" runstate="Runnable" seed="1293288418" result="Passed" start-time="2026-07-10 23:04:05Z" end-time="2026-07-10 23:04:05Z" duration="0.000114" asserts="0">
                <properties>
                  <property name="retryIteration" value="0" />
                  <property name="repeatIteration" value="0" />
                </properties>
              </test-case>
              <test-case id="1088" name="Full_Spring_Sequence_Advances_To_Summer" fullname="Kismeta.Core.Tests.GameSession_Tests.Full_Spring_Sequence_Advances_To_Summer" methodname="Full_Spring_Sequence_Advances_To_Summer" classname="Kismeta.Core.Tests.GameSession_Tests" runstate="Runnable" seed="260869712" result="Passed" start-time="2026-07-10 23:04:05Z" end-time="2026-07-10 23:04:05Z" duration="0.000152" asserts="0">
                <properties>
                  <property name="retryIteration" value="0" />
                  <property name="repeatIteration" value="0" />
                </properties>
              </test-case>
              <test-case id="1085" name="Register_And_Retrieve_CardInstance" fullname="Kismeta.Core.Tests.GameSession_Tests.Register_And_Retrieve_CardInstance" methodname="Register_And_Retrieve_CardInstance" classname="Kismeta.Core.Tests.GameSession_Tests" runstate="Runnable" seed="1636013856" result="Passed" start-time="2026-07-10 23:04:05Z" end-time="2026-07-10 23:04:05Z" duration="0.000215" asserts="0">
                <properties>
                  <property name="retryIteration" value="0" />
                  <property name="repeatIteration" value="0" />
                </properties>
              </test-case>
              <test-case id="1080" name="Session_Initialises_With_Spring_Phase" fullname="Kismeta.Core.Tests.GameSession_Tests.Session_Initialises_With_Spring_Phase" methodname="Session_Initialises_With_Spring_Phase" classname="Kismeta.Core.Tests.GameSession_Tests" runstate="Runnable" seed="636807611" result="Passed" start-time="2026-07-10 23:04:05Z" end-time="2026-07-10 23:04:05Z" duration="0.000105" asserts="0">
                <properties>
                  <property name="retryIteration" value="0" />
                  <property name="repeatIteration" value="0" />
                </properties>
              </test-case>
              <test-case id="1086" name="Session_Requires_Two_To_Four_Players" fullname="Kismeta.Core.Tests.GameSession_Tests.Session_Requires_Two_To_Four_Players" methodname="Session_Requires_Two_To_Four_Players" classname="Kismeta.Core.Tests.GameSession_Tests" runstate="Runnable" seed="2044693266" result="Passed" start-time="2026-07-10 23:04:05Z" end-time="2026-07-10 23:04:05Z" duration="0.000912" asserts="0">
                <properties>
                  <property name="retryIteration" value="0" />
                  <property name="repeatIteration" value="0" />
                </properties>
              </test-case>
              <test-case id="1087" name="SetWinner_Marks_Session_Over" fullname="Kismeta.Core.Tests.GameSession_Tests.SetWinner_Marks_Session_Over" methodname="SetWinner_Marks_Session_Over" classname="Kismeta.Core.Tests.GameSession_Tests" runstate="Runnable" seed="90179696" result="Passed" start-time="2026-07-10 23:04:05Z" end-time="2026-07-10 23:04:05Z" duration="0.000290" asserts="0">
                <properties>
                  <property name="retryIteration" value="0" />
                  <property name="repeatIteration" value="0" />
                </properties>
              </test-case>
            </test-suite>
            <test-suite type="TestFixture" id="1089" name="HarvestModifierService_Tests" fullname="Kismeta.Core.Tests.HarvestModifierService_Tests" classname="Kismeta.Core.Tests.HarvestModifierService_Tests" runstate="Runnable" testcasecount="3" result="Failed" site="Child" start-time="2026-07-10 23:04:05Z" end-time="2026-07-10 23:04:05Z" duration="0.008364" total="3" passed="2" failed="1" inconclusive="0" skipped="0" asserts="0">
              <properties />
              <failure>
                <message><![CDATA[One or more child tests had errors]]></message>
              </failure>
              <test-case id="1092" name="HouseDoublingBonus_Doubles_WaterHouse_WhenCupsTwoActive" fullname="Kismeta.Core.Tests.HarvestModifierService_Tests.HouseDoublingBonus_Doubles_WaterHouse_WhenCupsTwoActive" methodname="HouseDoublingBonus_Doubles_WaterHouse_WhenCupsTwoActive" classname="Kismeta.Core.Tests.HarvestModifierService_Tests" runstate="Runnable" seed="1358130690" result="Failed" start-time="2026-07-10 23:04:05Z" end-time="2026-07-10 23:04:05Z" duration="0.002195" asserts="0">
                <properties>
                  <property name="retryIteration" value="0" />
                  <property name="repeatIteration" value="0" />
                </properties>
                <failure>
                  <message><![CDATA[  Expected: 1
  But was:  0
]]></message>
                  <stack-trace><![CDATA[at Kismeta.Core.Tests.HarvestModifierService_Tests.HouseDoublingBonus_Doubles_WaterHouse_WhenCupsTwoActive () [0x0004e] in D:\Unity\KismetaAGY\Assets\_Project\Tests\EditMode\HarvestModifierService_Tests.cs:86
]]></stack-trace>
                </failure>
                <output><![CDATA[[CardDatabase] Loaded 156 cards successfully.
]]></output>
              </test-case>
              <test-case id="1090" name="SpreadHarvestCatalog_Identifies_AceV2_And_Rank2" fullname="Kismeta.Core.Tests.HarvestModifierService_Tests.SpreadHarvestCatalog_Identifies_AceV2_And_Rank2" methodname="SpreadHarvestCatalog_Identifies_AceV2_And_Rank2" classname="Kismeta.Core.Tests.HarvestModifierService_Tests" runstate="Runnable" seed="1427077488" result="Passed" start-time="2026-07-10 23:04:05Z" end-time="2026-07-10 23:04:05Z" duration="0.001899" asserts="0">
                <properties>
                  <property name="retryIteration" value="0" />
                  <property name="repeatIteration" value="0" />
                </properties>
                <output><![CDATA[[CardDatabase] Loaded 156 cards successfully.
]]></output>
              </test-case>
              <test-case id="1091" name="SpreadPassiveBonus_AddsTwo_WhenCosmicElementMatches" fullname="Kismeta.Core.Tests.HarvestModifierService_Tests.SpreadPassiveBonus_AddsTwo_WhenCosmicElementMatches" methodname="SpreadPassiveBonus_AddsTwo_WhenCosmicElementMatches" classname="Kismeta.Core.Tests.HarvestModifierService_Tests" runstate="Runnable" seed="1445564131" result="Passed" start-time="2026-07-10 23:04:05Z" end-time="2026-07-10 23:04:05Z" duration="0.001900" asserts="0">
                <properties>
                  <property name="retryIteration" value="0" />
                  <property name="repeatIteration" value="0" />
                </properties>
                <output><![CDATA[[CardDatabase] Loaded 156 cards successfully.
]]></output>
              </test-case>
            </test-suite>
            <test-suite type="TestFixture" id="1093" name="PhaseController_Tests" fullname="Kismeta.Core.Tests.PhaseController_Tests" classname="Kismeta.Core.Tests.PhaseController_Tests" runstate="Runnable" testcasecount="9" result="Passed" start-time="2026-07-10 23:04:05Z" end-time="2026-07-10 23:04:05Z" duration="0.003923" total="9" passed="9" failed="0" inconclusive="0" skipped="0" asserts="0">
              <properties />
              <test-case id="1097" name="Advancing_Through_All_Spring_Steps_Transitions_To_Summer" fullname="Kismeta.Core.Tests.PhaseController_Tests.Advancing_Through_All_Spring_Steps_Transitions_To_Summer" methodname="Advancing_Through_All_Spring_Steps_Transitions_To_Summer" classname="Kismeta.Core.Tests.PhaseController_Tests" runstate="Runnable" seed="922899159" result="Passed" start-time="2026-07-10 23:04:05Z" end-time="2026-07-10 23:04:05Z" duration="0.000173" asserts="0">
                <properties>
                  <property name="retryIteration" value="0" />
                  <property name="repeatIteration" value="0" />
                </properties>
              </test-case>
              <test-case id="1102" name="Full_Round_Cycle_Completes_Without_Error" fullname="Kismeta.Core.Tests.PhaseController_Tests.Full_Round_Cycle_Completes_Without_Error" methodname="Full_Round_Cycle_Completes_Without_Error" classname="Kismeta.Core.Tests.PhaseController_Tests" runstate="Runnable" seed="1272693827" result="Passed" start-time="2026-07-10 23:04:05Z" end-time="2026-07-10 23:04:05Z" duration="0.000131" asserts="0">
                <properties>
                  <property name="retryIteration" value="0" />
                  <property name="repeatIteration" value="0" />
                </properties>
              </test-case>
              <test-case id="1099" name="SetSeason_Resets_Step_Index" fullname="Kismeta.Core.Tests.PhaseController_Tests.SetSeason_Resets_Step_Index" methodname="SetSeason_Resets_Step_Index" classname="Kismeta.Core.Tests.PhaseController_Tests" runstate="Runnable" seed="284102357" result="Passed" start-time="2026-07-10 23:04:05Z" end-time="2026-07-10 23:04:05Z" duration="0.000114" asserts="0">
                <properties>
                  <property name="retryIteration" value="0" />
                  <property name="repeatIteration" value="0" />
                </properties>
              </test-case>
              <test-case id="1095" name="Spring_Has_5_Steps" fullname="Kismeta.Core.Tests.PhaseController_Tests.Spring_Has_5_Steps" methodname="Spring_Has_5_Steps" classname="Kismeta.Core.Tests.PhaseController_Tests" runstate="Runnable" seed="107817336" result="Passed" start-time="2026-07-10 23:04:05Z" end-time="2026-07-10 23:04:05Z" duration="0.000087" asserts="0">
                <properties>
                  <property name="retryIteration" value="0" />
                  <property name="repeatIteration" value="0" />
                </properties>
              </test-case>
              <test-case id="1094" name="Starts_In_Spring_Step_0" fullname="Kismeta.Core.Tests.PhaseController_Tests.Starts_In_Spring_Step_0" methodname="Starts_In_Spring_Step_0" classname="Kismeta.Core.Tests.PhaseController_Tests" runstate="Runnable" seed="164416274" result="Passed" start-time="2026-07-10 23:04:05Z" end-time="2026-07-10 23:04:05Z" duration="0.000091" asserts="0">
                <properties>
                  <property name="retryIteration" value="0" />
                  <property name="repeatIteration" value="0" />
                </properties>
              </test-case>
              <test-case id="1100" name="Step5_Of_Spring_Is_CardLock" fullname="Kismeta.Core.Tests.PhaseController_Tests.Step5_Of_Spring_Is_CardLock" methodname="Step5_Of_Spring_Is_CardLock" classname="Kismeta.Core.Tests.PhaseController_Tests" runstate="Runnable" seed="1095352703" result="Passed" start-time="2026-07-10 23:04:05Z" end-time="2026-07-10 23:04:05Z" duration="0.000092" asserts="0">
                <properties>
                  <property name="retryIteration" value="0" />
                  <property name="repeatIteration" value="0" />
                </properties>
              </test-case>
              <test-case id="1096" name="Summer_Has_4_Steps_All_Unordered" fullname="Kismeta.Core.Tests.PhaseController_Tests.Summer_Has_4_Steps_All_Unordered" methodname="Summer_Has_4_Steps_All_Unordered" classname="Kismeta.Core.Tests.PhaseController_Tests" runstate="Runnable" seed="1953802504" result="Passed" start-time="2026-07-10 23:04:05Z" end-time="2026-07-10 23:04:05Z" duration="0.000302" asserts="0">
                <properties>
                  <property name="retryIteration" value="0" />
                  <property name="repeatIteration" value="0" />
                </properties>
              </test-case>
              <test-case id="1101" name="Summer_Step4_Is_BuildAstralHouse" fullname="Kismeta.Core.Tests.PhaseController_Tests.Summer_Step4_Is_BuildAstralHouse" methodname="Summer_Step4_Is_BuildAstralHouse" classname="Kismeta.Core.Tests.PhaseController_Tests" runstate="Runnable" seed="130576763" result="Passed" start-time="2026-07-10 23:04:05Z" end-time="2026-07-10 23:04:05Z" duration="0.000082" asserts="0">
                <properties>
                  <property name="retryIteration" value="0" />
                  <property name="repeatIteration" value="0" />
                </properties>
              </test-case>
              <test-case id="1098" name="Winter_Transitions_Back_To_Spring" fullname="Kismeta.Core.Tests.PhaseController_Tests.Winter_Transitions_Back_To_Spring" methodname="Winter_Transitions_Back_To_Spring" classname="Kismeta.Core.Tests.PhaseController_Tests" runstate="Runnable" seed="1858699137" result="Passed" start-time="2026-07-10 23:04:05Z" end-time="2026-07-10 23:04:05Z" duration="0.000119" asserts="0">
                <properties>
                  <property name="retryIteration" value="0" />
                  <property name="repeatIteration" value="0" />
                </properties>
              </test-case>
            </test-suite>
            <test-suite type="TestFixture" id="1103" name="PlayerView_Tests" fullname="Kismeta.Core.Tests.PlayerView_Tests" classname="Kismeta.Core.Tests.PlayerView_Tests" runstate="Runnable" testcasecount="5" result="Passed" start-time="2026-07-10 23:04:05Z" end-time="2026-07-10 23:04:05Z" duration="0.004683" total="5" passed="5" failed="0" inconclusive="0" skipped="0" asserts="0">
              <properties />
              <test-case id="1104" name="GamePublicView_Does_Not_Expose_Hand_Contents" fullname="Kismeta.Core.Tests.PlayerView_Tests.GamePublicView_Does_Not_Expose_Hand_Contents" methodname="GamePublicView_Does_Not_Expose_Hand_Contents" classname="Kismeta.Core.Tests.PlayerView_Tests" runstate="Runnable" seed="106591073" result="Passed" start-time="2026-07-10 23:04:05Z" end-time="2026-07-10 23:04:05Z" duration="0.000475" asserts="0">
                <properties>
                  <property name="retryIteration" value="0" />
                  <property name="repeatIteration" value="0" />
                </properties>
              </test-case>
              <test-case id="1105" name="GamePublicView_HandCardCount_Is_Correct" fullname="Kismeta.Core.Tests.PlayerView_Tests.GamePublicView_HandCardCount_Is_Correct" methodname="GamePublicView_HandCardCount_Is_Correct" classname="Kismeta.Core.Tests.PlayerView_Tests" runstate="Runnable" seed="1696630" result="Passed" start-time="2026-07-10 23:04:05Z" end-time="2026-07-10 23:04:05Z" duration="0.000166" asserts="0">
                <properties>
                  <property name="retryIteration" value="0" />
                  <property name="repeatIteration" value="0" />
                </properties>
              </test-case>
              <test-case id="1108" name="GamePublicView_Shows_Current_Phase" fullname="Kismeta.Core.Tests.PlayerView_Tests.GamePublicView_Shows_Current_Phase" methodname="GamePublicView_Shows_Current_Phase" classname="Kismeta.Core.Tests.PlayerView_Tests" runstate="Runnable" seed="1340815856" result="Passed" start-time="2026-07-10 23:04:05Z" end-time="2026-07-10 23:04:05Z" duration="0.000114" asserts="0">
                <properties>
                  <property name="retryIteration" value="0" />
                  <property name="repeatIteration" value="0" />
                </properties>
              </test-case>
              <test-case id="1106" name="PlayerPrivateView_Reveals_Only_Requesting_Players_Hand" fullname="Kismeta.Core.Tests.PlayerView_Tests.PlayerPrivateView_Reveals_Only_Requesting_Players_Hand" methodname="PlayerPrivateView_Reveals_Only_Requesting_Players_Hand" classname="Kismeta.Core.Tests.PlayerView_Tests" runstate="Runnable" seed="941047055" result="Passed" start-time="2026-07-10 23:04:05Z" end-time="2026-07-10 23:04:05Z" duration="0.001291" asserts="0">
                <properties>
                  <property name="retryIteration" value="0" />
                  <property name="repeatIteration" value="0" />
                </properties>
              </test-case>
              <test-case id="1107" name="PublicView_Spread_Is_Visible" fullname="Kismeta.Core.Tests.PlayerView_Tests.PublicView_Spread_Is_Visible" methodname="PublicView_Spread_Is_Visible" classname="Kismeta.Core.Tests.PlayerView_Tests" runstate="Runnable" seed="1615619936" result="Passed" start-time="2026-07-10 23:04:05Z" end-time="2026-07-10 23:04:05Z" duration="0.000477" asserts="0">
                <properties>
                  <property name="retryIteration" value="0" />
                  <property name="repeatIteration" value="0" />
                </properties>
              </test-case>
            </test-suite>
            <test-suite type="TestFixture" id="1109" name="RuleServices_Tests" fullname="Kismeta.Core.Tests.RuleServices_Tests" classname="Kismeta.Core.Tests.RuleServices_Tests" runstate="Runnable" testcasecount="113" result="Passed" start-time="2026-07-10 23:04:05Z" end-time="2026-07-10 23:04:06Z" duration="0.363992" total="113" passed="113" failed="0" inconclusive="0" skipped="0" asserts="0">
              <properties />
              <test-case id="1213" name="AceV2_WaterCosmic_AddsTwoHarvest" fullname="Kismeta.Core.Tests.RuleServices_Tests.AceV2_WaterCosmic_AddsTwoHarvest" methodname="AceV2_WaterCosmic_AddsTwoHarvest" classname="Kismeta.Core.Tests.RuleServices_Tests" runstate="Runnable" seed="1337073416" result="Passed" start-time="2026-07-10 23:04:05Z" end-time="2026-07-10 23:04:05Z" duration="0.002538" asserts="0">
                <properties>
                  <property name="retryIteration" value="0" />
                  <property name="repeatIteration" value="0" />
                </properties>
                <output><![CDATA[[CardDatabase] Loaded 156 cards successfully.
]]></output>
              </test-case>
              <test-case id="1133" name="Activate_Fails_If_Slot_Not_Dormant" fullname="Kismeta.Core.Tests.RuleServices_Tests.Activate_Fails_If_Slot_Not_Dormant" methodname="Activate_Fails_If_Slot_Not_Dormant" classname="Kismeta.Core.Tests.RuleServices_Tests" runstate="Runnable" seed="318643827" result="Passed" start-time="2026-07-10 23:04:05Z" end-time="2026-07-10 23:04:05Z" duration="0.003892" asserts="0">
                <properties>
                  <property name="retryIteration" value="0" />
                  <property name="repeatIteration" value="0" />
                </properties>
                <output><![CDATA[[CardDatabase] Loaded 156 cards successfully.
]]></output>
              </test-case>
              <test-case id="1160" name="Activate_Fails_When_Cards_Not_In_Spread" fullname="Kismeta.Core.Tests.RuleServices_Tests.Activate_Fails_When_Cards_Not_In_Spread" methodname="Activate_Fails_When_Cards_Not_In_Spread" classname="Kismeta.Core.Tests.RuleServices_Tests" runstate="Runnable" seed="1494818677" result="Passed" start-time="2026-07-10 23:04:05Z" end-time="2026-07-10 23:04:05Z" duration="0.003115" asserts="0">
                <properties>
                  <property name="retryIteration" value="0" />
                  <property name="repeatIteration" value="0" />
                </properties>
                <output><![CDATA[[CardDatabase] Loaded 156 cards successfully.
]]></output>
              </test-case>
              <test-case id="1134" name="Activate_Fails_With_Fewer_Than_3_Cards" fullname="Kismeta.Core.Tests.RuleServices_Tests.Activate_Fails_With_Fewer_Than_3_Cards" methodname="Activate_Fails_With_Fewer_Than_3_Cards" classname="Kismeta.Core.Tests.RuleServices_Tests" runstate="Runnable" seed="803570205" result="Passed" start-time="2026-07-10 23:04:05Z" end-time="2026-07-10 23:04:05Z" duration="0.002658" asserts="0">
                <properties>
[...]
                  <properties>
                    <property name="retryIteration" value="0" />
                    <property name="repeatIteration" value="0" />
                  </properties>
                </test-case>
                <test-case id="1274" name="PopulateCeremony_LoadsOverviewFragment(Winter)" fullname="Kismeta.UI.Tests.SeasonFocusTips_Tests.PopulateCeremony_LoadsOverviewFragment(Winter)" methodname="PopulateCeremony_LoadsOverviewFragment" classname="Kismeta.UI.Tests.SeasonFocusTips_Tests" runstate="Runnable" seed="2006643659" result="Passed" start-time="2026-07-10 23:04:06Z" end-time="2026-07-10 23:04:06Z" duration="0.001372" asserts="0">
                  <properties>
                    <property name="retryIteration" value="0" />
                    <property name="repeatIteration" value="0" />
                  </properties>
                </test-case>
              </test-suite>
              <test-case id="1270" name="PopulateCeremony_SetsPrimaryLabelFromNarrativeVerb" fullname="Kismeta.UI.Tests.SeasonFocusTips_Tests.PopulateCeremony_SetsPrimaryLabelFromNarrativeVerb" methodname="PopulateCeremony_SetsPrimaryLabelFromNarrativeVerb" classname="Kismeta.UI.Tests.SeasonFocusTips_Tests" runstate="Runnable" seed="1840960952" result="Passed" start-time="2026-07-10 23:04:06Z" end-time="2026-07-10 23:04:06Z" duration="0.000841" asserts="0">
                <properties>
                  <property name="retryIteration" value="0" />
                  <property name="repeatIteration" value="0" />
                </properties>
              </test-case>
              <test-case id="1279" name="PopulateCeremony_ShowsHubRecapNote" fullname="Kismeta.UI.Tests.SeasonFocusTips_Tests.PopulateCeremony_ShowsHubRecapNote" methodname="PopulateCeremony_ShowsHubRecapNote" classname="Kismeta.UI.Tests.SeasonFocusTips_Tests" runstate="Runnable" seed="1782631093" result="Passed" start-time="2026-07-10 23:04:06Z" end-time="2026-07-10 23:04:06Z" duration="0.000618" asserts="0">
                <properties>
                  <property name="retryIteration" value="0" />
                  <property name="repeatIteration" value="0" />
                </properties>
              </test-case>
              <test-case id="1278" name="PopulateCeremony_SkipsContentRebuildWhenAlreadyPopulated" fullname="Kismeta.UI.Tests.SeasonFocusTips_Tests.PopulateCeremony_SkipsContentRebuildWhenAlreadyPopulated" methodname="PopulateCeremony_SkipsContentRebuildWhenAlreadyPopulated" classname="Kismeta.UI.Tests.SeasonFocusTips_Tests" runstate="Runnable" seed="40961749" result="Passed" start-time="2026-07-10 23:04:06Z" end-time="2026-07-10 23:04:06Z" duration="0.001056" asserts="0">
                <properties>
                  <property name="retryIteration" value="0" />
                  <property name="repeatIteration" value="0" />
                </properties>
              </test-case>
              <test-case id="1280" name="PopulateRecap_HidesHubRecapNote" fullname="Kismeta.UI.Tests.SeasonFocusTips_Tests.PopulateRecap_HidesHubRecapNote" methodname="PopulateRecap_HidesHubRecapNote" classname="Kismeta.UI.Tests.SeasonFocusTips_Tests" runstate="Runnable" seed="1187378910" result="Passed" start-time="2026-07-10 23:04:06Z" end-time="2026-07-10 23:04:06Z" duration="0.001540" asserts="0">
                <properties>
                  <property name="retryIteration" value="0" />
                  <property name="repeatIteration" value="0" />
                </properties>
              </test-case>
              <test-case id="1277" name="PopulateRecap_ResetsToOverviewTab" fullname="Kismeta.UI.Tests.SeasonFocusTips_Tests.PopulateRecap_ResetsToOverviewTab" methodname="PopulateRecap_ResetsToOverviewTab" classname="Kismeta.UI.Tests.SeasonFocusTips_Tests" runstate="Runnable" seed="328834938" result="Passed" start-time="2026-07-10 23:04:06Z" end-time="2026-07-10 23:04:06Z" duration="0.001037" asserts="0">
                <properties>
                  <property name="retryIteration" value="0" />
                  <property name="repeatIteration" value="0" />
                </properties>
              </test-case>
              <test-case id="1281" name="SelectTab_Focus_HidesHubRecapNoteOnCeremony" fullname="Kismeta.UI.Tests.SeasonFocusTips_Tests.SelectTab_Focus_HidesHubRecapNoteOnCeremony" methodname="SelectTab_Focus_HidesHubRecapNoteOnCeremony" classname="Kismeta.UI.Tests.SeasonFocusTips_Tests" runstate="Runnable" seed="1444806514" result="Passed" start-time="2026-07-10 23:04:06Z" end-time="2026-07-10 23:04:06Z" duration="0.000615" asserts="0">
                <properties>
                  <property name="retryIteration" value="0" />
                  <property name="repeatIteration" value="0" />
                </properties>
              </test-case>
              <test-case id="1276" name="SelectTab_PersistsAcrossPopulate" fullname="Kismeta.UI.Tests.SeasonFocusTips_Tests.SelectTab_PersistsAcrossPopulate" methodname="SelectTab_PersistsAcrossPopulate" classname="Kismeta.UI.Tests.SeasonFocusTips_Tests" runstate="Runnable" seed="720596707" result="Passed" start-time="2026-07-10 23:04:06Z" end-time="2026-07-10 23:04:06Z" duration="0.000635" asserts="0">
                <properties>
                  <property name="retryIteration" value="0" />
                  <property name="repeatIteration" value="0" />
                </properties>
              </test-case>
              <test-case id="1259" name="TipsFor_DoesNotRepeatPhaseStepDescriptionsVerbatim" fullname="Kismeta.UI.Tests.SeasonFocusTips_Tests.TipsFor_DoesNotRepeatPhaseStepDescriptionsVerbatim" methodname="TipsFor_DoesNotRepeatPhaseStepDescriptionsVerbatim" classname="Kismeta.UI.Tests.SeasonFocusTips_Tests" runstate="Runnable" seed="1036671597" result="Passed" start-time="2026-07-10 23:04:06Z" end-time="2026-07-10 23:04:06Z" duration="0.001046" asserts="0">
                <properties>
                  <property name="retryIteration" value="0" />
                  <property name="repeatIteration" value="0" />
                </properties>
              </test-case>
              <test-case id="1258" name="TipsFor_EachSeason_HasAtLeastFiveNonEmptyTips" fullname="Kismeta.UI.Tests.SeasonFocusTips_Tests.TipsFor_EachSeason_HasAtLeastFiveNonEmptyTips" methodname="TipsFor_EachSeason_HasAtLeastFiveNonEmptyTips" classname="Kismeta.UI.Tests.SeasonFocusTips_Tests" runstate="Runnable" seed="842333880" result="Passed" start-time="2026-07-10 23:04:06Z" end-time="2026-07-10 23:04:06Z" duration="0.000240" asserts="0">
                <properties>
                  <property name="retryIteration" value="0" />
                  <property name="repeatIteration" value="0" />
                </properties>
              </test-case>
            </test-suite>
            <test-suite type="TestFixture" id="1282" name="SpringBoardBindings_Tests" fullname="Kismeta.UI.Tests.SpringBoardBindings_Tests" classname="Kismeta.UI.Tests.SpringBoardBindings_Tests" runstate="Runnable" testcasecount="7" result="Passed" start-time="2026-07-10 23:04:06Z" end-time="2026-07-10 23:04:06Z" duration="0.018862" total="7" passed="7" failed="0" inconclusive="0" skipped="0" asserts="0">
              <properties />
              <test-case id="1290" name="BindBoard_PlacesAstralHousesAtOuterRing" fullname="Kismeta.UI.Tests.SpringBoardBindings_Tests.BindBoard_PlacesAstralHousesAtOuterRing" methodname="BindBoard_PlacesAstralHousesAtOuterRing" classname="Kismeta.UI.Tests.SpringBoardBindings_Tests" runstate="Runnable" seed="54339386" result="Passed" start-time="2026-07-10 23:04:06Z" end-time="2026-07-10 23:04:06Z" duration="0.002830" asserts="0">
                <properties>
                  <property name="retryIteration" value="0" />
                  <property name="repeatIteration" value="0" />
                </properties>
              </test-case>
              <test-case id="1289" name="BindBoard_PlacesMeeplesAtOuterSegmentCenters" fullname="Kismeta.UI.Tests.SpringBoardBindings_Tests.BindBoard_PlacesMeeplesAtOuterSegmentCenters" methodname="BindBoard_PlacesMeeplesAtOuterSegmentCenters" classname="Kismeta.UI.Tests.SpringBoardBindings_Tests" runstate="Runnable" seed="1801358258" result="Passed" start-time="2026-07-10 23:04:06Z" end-time="2026-07-10 23:04:06Z" duration="0.001141" asserts="0">
                <properties>
                  <property name="retryIteration" value="0" />
                  <property name="repeatIteration" value="0" />
                </properties>
              </test-case>
              <test-case id="1288" name="SegmentCenterAngleRad_DoesNotUseLegacyMinus90Offset" fullname="Kismeta.UI.Tests.SpringBoardBindings_Tests.SegmentCenterAngleRad_DoesNotUseLegacyMinus90Offset" methodname="SegmentCenterAngleRad_DoesNotUseLegacyMinus90Offset" classname="Kismeta.UI.Tests.SpringBoardBindings_Tests" runstate="Runnable" seed="1006666975" result="Passed" start-time="2026-07-10 23:04:06Z" end-time="2026-07-10 23:04:06Z" duration="0.000113" asserts="0">
                <properties>
                  <property name="retryIteration" value="0" />
                  <property name="repeatIteration" value="0" />
                </properties>
              </test-case>
              <test-suite type="ParameterizedMethod" id="1287" name="SegmentCenterAngleRad_MatchesOuterSegmentCenters" fullname="Kismeta.UI.Tests.SpringBoardBindings_Tests.SegmentCenterAngleRad_MatchesOuterSegmentCenters" classname="Kismeta.UI.Tests.SpringBoardBindings_Tests" runstate="Runnable" testcasecount="4" result="Passed" start-time="2026-07-10 23:04:06Z" end-time="2026-07-10 23:04:06Z" duration="0.003170" total="4" passed="4" failed="0" inconclusive="0" skipped="0" asserts="0">
                <properties />
                <test-case id="1283" name="SegmentCenterAngleRad_MatchesOuterSegmentCenters(Gemini,0,-15.0f)" fullname="Kismeta.UI.Tests.SpringBoardBindings_Tests.SegmentCenterAngleRad_MatchesOuterSegmentCenters(Gemini,0,-15.0f)" methodname="SegmentCenterAngleRad_MatchesOuterSegmentCenters" classname="Kismeta.UI.Tests.SpringBoardBindings_Tests" runstate="Runnable" seed="956087328" result="Passed" start-time="2026-07-10 23:04:06Z" end-time="2026-07-10 23:04:06Z" duration="0.000287" asserts="0">
                  <properties>
                    <property name="retryIteration" value="0" />
                    <property name="repeatIteration" value="0" />
                  </properties>
                </test-case>
                <test-case id="1284" name="SegmentCenterAngleRad_MatchesOuterSegmentCenters(Virgo,3,75.0f)" fullname="Kismeta.UI.Tests.SpringBoardBindings_Tests.SegmentCenterAngleRad_MatchesOuterSegmentCenters(Virgo,3,75.0f)" methodname="SegmentCenterAngleRad_MatchesOuterSegmentCenters" classname="Kismeta.UI.Tests.SpringBoardBindings_Tests" runstate="Runnable" seed="491209222" result="Passed" start-time="2026-07-10 23:04:06Z" end-time="2026-07-10 23:04:06Z" duration="0.000047" asserts="0">
                  <properties>
                    <property name="retryIteration" value="0" />
                    <property name="repeatIteration" value="0" />
                  </properties>
                </test-case>
                <test-case id="1285" name="SegmentCenterAngleRad_MatchesOuterSegmentCenters(Libra,4,105.0f)" fullname="Kismeta.UI.Tests.SpringBoardBindings_Tests.SegmentCenterAngleRad_MatchesOuterSegmentCenters(Libra,4,105.0f)" methodname="SegmentCenterAngleRad_MatchesOuterSegmentCenters" classname="Kismeta.UI.Tests.SpringBoardBindings_Tests" runstate="Runnable" seed="112997307" result="Passed" start-time="2026-07-10 23:04:06Z" end-time="2026-07-10 23:04:06Z" duration="0.000038" asserts="0">
                  <properties>
                    <property name="retryIteration" value="0" />
                    <property name="repeatIteration" value="0" />
                  </properties>
                </test-case>
                <test-case id="1286" name="SegmentCenterAngleRad_MatchesOuterSegmentCenters(Taurus,11,315.0f)" fullname="Kismeta.UI.Tests.SpringBoardBindings_Tests.SegmentCenterAngleRad_MatchesOuterSegmentCenters(Taurus,11,315.0f)" methodname="SegmentCenterAngleRad_MatchesOuterSegmentCenters" classname="Kismeta.UI.Tests.SpringBoardBindings_Tests" runstate="Runnable" seed="1185378617" result="Passed" start-time="2026-07-10 23:04:06Z" end-time="2026-07-10 23:04:06Z" duration="0.000034" asserts="0">
                  <properties>
                    <property name="retryIteration" value="0" />
                    <property name="repeatIteration" value="0" />
                  </properties>
                </test-case>
              </test-suite>
            </test-suite>
            <test-suite type="TestFixture" id="1291" name="SpringBoardInspectBindings_Tests" fullname="Kismeta.UI.Tests.SpringBoardInspectBindings_Tests" classname="Kismeta.UI.Tests.SpringBoardInspectBindings_Tests" runstate="Runnable" testcasecount="5" result="Passed" start-time="2026-07-10 23:04:06Z" end-time="2026-07-10 23:04:06Z" duration="0.020091" total="5" passed="5" failed="0" inconclusive="0" skipped="0" asserts="0">
              <properties />
              <output><![CDATA[[CardDatabase] Loaded 156 cards successfully.
]]></output>
              <test-case id="1296" name="AstralHousesSection_ListsHousesFromMultiplePlayers" fullname="Kismeta.UI.Tests.SpringBoardInspectBindings_Tests.AstralHousesSection_ListsHousesFromMultiplePlayers" methodname="AstralHousesSection_ListsHousesFromMultiplePlayers" classname="Kismeta.UI.Tests.SpringBoardInspectBindings_Tests" runstate="Runnable" seed="64388377" result="Passed" start-time="2026-07-10 23:04:06Z" end-time="2026-07-10 23:04:06Z" duration="0.011963" asserts="0">
                <properties>
                  <property name="retryIteration" value="0" />
                  <property name="repeatIteration" value="0" />
                </properties>
                <output><![CDATA[Unknown pseudo class "last-child" in StyleSheet SpringSteps
Unknown pseudo class "last-child" in StyleSheet SpringSteps
Unknown pseudo class "first-child" in StyleSheet ActiveEffects
]]></output>
              </test-case>
              <test-case id="1295" name="AstralHousesSection_ShowsEmptyStateWhenNoneBuilt" fullname="Kismeta.UI.Tests.SpringBoardInspectBindings_Tests.AstralHousesSection_ShowsEmptyStateWhenNoneBuilt" methodname="AstralHousesSection_ShowsEmptyStateWhenNoneBuilt" classname="Kismeta.UI.Tests.SpringBoardInspectBindings_Tests" runstate="Runnable" seed="1917937468" result="Passed" start-time="2026-07-10 23:04:06Z" end-time="2026-07-10 23:04:06Z" duration="0.000819" asserts="0">
                <properties>
                  <property name="retryIteration" value="0" />
                  <property name="repeatIteration" value="0" />
                </properties>
              </test-case>
              <test-case id="1292" name="CosmicAgeSection_ShowsEffectWhenAgeIsSet" fullname="Kismeta.UI.Tests.SpringBoardInspectBindings_Tests.CosmicAgeSection_ShowsEffectWhenAgeIsSet" methodname="CosmicAgeSection_ShowsEffectWhenAgeIsSet" classname="Kismeta.UI.Tests.SpringBoardInspectBindings_Tests" runstate="Runnable" seed="2067485055" result="Passed" start-time="2026-07-10 23:04:06Z" end-time="2026-07-10 23:04:06Z" duration="0.000776" asserts="0">
                <properties>
                  <property name="retryIteration" value="0" />
                  <property name="repeatIteration" value="0" />
                </properties>
              </test-case>
              <test-case id="1293" name="CosmicAgeSection_ShowsUncastMessageWhenAgeIsNone" fullname="Kismeta.UI.Tests.SpringBoardInspectBindings_Tests.CosmicAgeSection_ShowsUncastMessageWhenAgeIsNone" methodname="CosmicAgeSection_ShowsUncastMessageWhenAgeIsNone" classname="Kismeta.UI.Tests.SpringBoardInspectBindings_Tests" runstate="Runnable" seed="1359530527" result="Passed" start-time="2026-07-10 23:04:06Z" end-time="2026-07-10 23:04:06Z" duration="0.000695" asserts="0">
                <properties>
                  <property name="retryIteration" value="0" />
                  <property name="repeatIteration" value="0" />
                </properties>
              </test-case>
              <test-case id="1294" name="PlayersSection_ListsAllPlayerSigns" fullname="Kismeta.UI.Tests.SpringBoardInspectBindings_Tests.PlayersSection_ListsAllPlayerSigns" methodname="PlayersSection_ListsAllPlayerSigns" classname="Kismeta.UI.Tests.SpringBoardInspectBindings_Tests" runstate="Runnable" seed="300506904" result="Passed" start-time="2026-07-10 23:04:06Z" end-time="2026-07-10 23:04:06Z" duration="0.001085" asserts="0">
                <properties>
                  <property name="retryIteration" value="0" />
                  <property name="repeatIteration" value="0" />
                </properties>
              </test-case>
            </test-suite>
            <test-suite type="TestFixture" id="1297" name="SummerRosterBindings_Tests" fullname="Kismeta.UI.Tests.SummerRosterBindings_Tests" classname="Kismeta.UI.Tests.SummerRosterBindings_Tests" runstate="Runnable" testcasecount="3" result="Passed" start-time="2026-07-10 23:04:06Z" end-time="2026-07-10 23:04:06Z" duration="0.050376" total="3" passed="3" failed="0" inconclusive="0" skipped="0" asserts="0">
              <properties />
              <output><![CDATA[[CardDatabase] Loaded 156 cards successfully.
]]></output>
              <test-case id="1300" name="ArcanumChips_ShowFateAdeptStylesAndRomanNumerals" fullname="Kismeta.UI.Tests.SummerRosterBindings_Tests.ArcanumChips_ShowFateAdeptStylesAndRomanNumerals" methodname="ArcanumChips_ShowFateAdeptStylesAndRomanNumerals" classname="Kismeta.UI.Tests.SummerRosterBindings_Tests" runstate="Runnable" seed="2066229796" result="Passed" start-time="2026-07-10 23:04:06Z" end-time="2026-07-10 23:04:06Z" duration="0.006124" asserts="0">
                <properties>
                  <property name="retryIteration" value="0" />
                  <property name="repeatIteration" value="0" />
                </properties>
              </test-case>
              <test-case id="1298" name="SpreadChip_Click_InvokesOnInspectWithCardId" fullname="Kismeta.UI.Tests.SummerRosterBindings_Tests.SpreadChip_Click_InvokesOnInspectWithCardId" methodname="SpreadChip_Click_InvokesOnInspectWithCardId" classname="Kismeta.UI.Tests.SummerRosterBindings_Tests" runstate="Runnable" seed="1443089069" result="Passed" start-time="2026-07-10 23:04:06Z" end-time="2026-07-10 23:04:06Z" duration="0.038621" asserts="0">
                <properties>
                  <property name="retryIteration" value="0" />
                  <property name="repeatIteration" value="0" />
                </properties>
              </test-case>
              <test-case id="1299" name="SpreadChip_HasInspectableClass" fullname="Kismeta.UI.Tests.SummerRosterBindings_Tests.SpreadChip_HasInspectableClass" methodname="SpreadChip_HasInspectableClass" classname="Kismeta.UI.Tests.SummerRosterBindings_Tests" runstate="Runnable" seed="1968532533" result="Passed" start-time="2026-07-10 23:04:06Z" end-time="2026-07-10 23:04:06Z" duration="0.001093" asserts="0">
                <properties>
                  <property name="retryIteration" value="0" />
                  <property name="repeatIteration" value="0" />
                </properties>
                <output><![CDATA[Saving results to: C:/Users/Catnipsey/AppData/LocalLow/Goodmagik/Kismeta_ Alchemists of the Great Year\TestResults.xml
]]></output>
              </test-case>
            </test-suite>
          </test-suite>
        </test-suite>
      </test-suite>
    </test-suite>
  </test-suite>
</test-run>