<?xml version="1.0" encoding="utf-8"?>
<test-run id="2" testcasecount="103" result="Failed(Child)" total="103" passed="95" failed="8" inconclusive="0" skipped="0" asserts="0" engine-version="3.5.0.0" clr-version="4.0.30319.42000" start-time="2026-06-14 15:14:54Z" end-time="2026-06-14 15:15:15Z" duration="20.3348723">
  <test-suite type="TestSuite" id="1120" name="Kismeta AGY" fullname="Kismeta AGY" runstate="Runnable" testcasecount="103" result="Failed" site="Child" start-time="2026-06-14 15:14:54Z" end-time="2026-06-14 15:15:15Z" duration="20.334872" total="103" passed="95" failed="8" inconclusive="0" skipped="0" asserts="0">
    <properties>
      <property name="platform" value="EditMode" />
    </properties>
    <failure>
      <message><![CDATA[One or more child tests had errors]]></message>
    </failure>
    <test-suite type="Assembly" id="1111" name="Kismeta.Core.Tests.dll" fullname="D:/Unity/KismetaAGY/Library/ScriptAssemblies/Kismeta.Core.Tests.dll" runstate="Runnable" testcasecount="103" result="Failed" site="Child" start-time="2026-06-14 15:14:54Z" end-time="2026-06-14 15:15:15Z" duration="20.327946" total="103" passed="95" failed="8" inconclusive="0" skipped="0" asserts="0">
      <properties>
        <property name="_PID" value="11360" />
        <property name="_APPDOMAIN" value="Unity Child Domain" />
        <property name="platform" value="EditMode" />
        <property name="EditorOnly" value="True" />
      </properties>
      <failure>
        <message><![CDATA[One or more child tests had errors]]></message>
      </failure>
      <test-suite type="TestSuite" id="1112" name="Kismeta" fullname="Kismeta" runstate="Runnable" testcasecount="103" result="Failed" site="Child" start-time="2026-06-14 15:14:54Z" end-time="2026-06-14 15:15:15Z" duration="20.327390" total="103" passed="95" failed="8" inconclusive="0" skipped="0" asserts="0">
        <properties />
        <failure>
          <message><![CDATA[One or more child tests had errors]]></message>
        </failure>
        <test-suite type="TestSuite" id="1113" name="Core" fullname="Kismeta.Core" runstate="Runnable" testcasecount="103" result="Failed" site="Child" start-time="2026-06-14 15:14:54Z" end-time="2026-06-14 15:15:15Z" duration="20.327184" total="103" passed="95" failed="8" inconclusive="0" skipped="0" asserts="0">
          <properties />
          <failure>
            <message><![CDATA[One or more child tests had errors]]></message>
          </failure>
          <test-suite type="TestSuite" id="1114" name="Tests" fullname="Kismeta.Core.Tests" runstate="Runnable" testcasecount="103" result="Failed" site="Child" start-time="2026-06-14 15:14:54Z" end-time="2026-06-14 15:15:15Z" duration="20.326732" total="103" passed="95" failed="8" inconclusive="0" skipped="0" asserts="0">
            <properties />
            <failure>
              <message><![CDATA[One or more child tests had errors]]></message>
            </failure>
            <test-suite type="TestFixture" id="1001" name="CardDatabase_Tests" fullname="Kismeta.Core.Tests.CardDatabase_Tests" classname="Kismeta.Core.Tests.CardDatabase_Tests" runstate="Runnable" testcasecount="8" result="Passed" start-time="2026-06-14 15:14:54Z" end-time="2026-06-14 15:14:54Z" duration="0.029349" total="8" passed="8" failed="0" inconclusive="0" skipped="0" asserts="0">
              <properties />
              <output><![CDATA[[CardDatabase] Loaded 156 cards successfully.
]]></output>
              <test-case id="1009" name="All_Adept_Cards_Have_Sign" fullname="Kismeta.Core.Tests.CardDatabase_Tests.All_Adept_Cards_Have_Sign" methodname="All_Adept_Cards_Have_Sign" classname="Kismeta.Core.Tests.CardDatabase_Tests" runstate="Runnable" seed="201301447" result="Passed" start-time="2026-06-14 15:14:54Z" end-time="2026-06-14 15:14:54Z" duration="0.009143" asserts="0">
                <properties>
                  <property name="retryIteration" value="0" />
                  <property name="repeatIteration" value="0" />
                </properties>
              </test-case>
              <test-case id="1004" name="Crucible_Count_Is_22" fullname="Kismeta.Core.Tests.CardDatabase_Tests.Crucible_Count_Is_22" methodname="Crucible_Count_Is_22" classname="Kismeta.Core.Tests.CardDatabase_Tests" runstate="Runnable" seed="58416978" result="Passed" start-time="2026-06-14 15:14:54Z" end-time="2026-06-14 15:14:54Z" duration="0.000669" asserts="0">
                <properties>
                  <property name="retryIteration" value="0" />
                  <property name="repeatIteration" value="0" />
                </properties>
              </test-case>
              <test-case id="1007" name="Crucible_GroupA_Has_4_Cards" fullname="Kismeta.Core.Tests.CardDatabase_Tests.Crucible_GroupA_Has_4_Cards" methodname="Crucible_GroupA_Has_4_Cards" classname="Kismeta.Core.Tests.CardDatabase_Tests" runstate="Runnable" seed="216021022" result="Passed" start-time="2026-06-14 15:14:54Z" end-time="2026-06-14 15:14:54Z" duration="0.000561" asserts="0">
                <properties>
                  <property name="retryIteration" value="0" />
                  <property name="repeatIteration" value="0" />
                </properties>
              </test-case>
              <test-case id="1006" name="Each_Suit_Has_28_Minor_Arcana_Cards" fullname="Kismeta.Core.Tests.CardDatabase_Tests.Each_Suit_Has_28_Minor_Arcana_Cards" methodname="Each_Suit_Has_28_Minor_Arcana_Cards" classname="Kismeta.Core.Tests.CardDatabase_Tests" runstate="Runnable" seed="952562130" result="Passed" start-time="2026-06-14 15:14:54Z" end-time="2026-06-14 15:14:54Z" duration="0.000568" asserts="0">
                <properties>
                  <property name="retryIteration" value="0" />
                  <property name="repeatIteration" value="0" />
                </properties>
              </test-case>
              <test-case id="1008" name="Known_Card_Id_Resolves_Correctly" fullname="Kismeta.Core.Tests.CardDatabase_Tests.Known_Card_Id_Resolves_Correctly" methodname="Known_Card_Id_Resolves_Correctly" classname="Kismeta.Core.Tests.CardDatabase_Tests" runstate="Runnable" seed="82352237" result="Passed" start-time="2026-06-14 15:14:54Z" end-time="2026-06-14 15:14:54Z" duration="0.000313" asserts="0">
                <properties>
                  <property name="retryIteration" value="0" />
                  <property name="repeatIteration" value="0" />
                </properties>
              </test-case>
              <test-case id="1002" name="Loads_All_156_Cards" fullname="Kismeta.Core.Tests.CardDatabase_Tests.Loads_All_156_Cards" methodname="Loads_All_156_Cards" classname="Kismeta.Core.Tests.CardDatabase_Tests" runstate="Runnable" seed="127171964" result="Passed" start-time="2026-06-14 15:14:54Z" end-time="2026-06-14 15:14:54Z" duration="0.000113" asserts="0">
                <properties>
                  <property name="retryIteration" value="0" />
                  <property name="repeatIteration" value="0" />
                </properties>
              </test-case>
              <test-case id="1003" name="MajorArcana_Count_Is_22" fullname="Kismeta.Core.Tests.CardDatabase_Tests.MajorArcana_Count_Is_22" methodname="MajorArcana_Count_Is_22" classname="Kismeta.Core.Tests.CardDatabase_Tests" runstate="Runnable" seed="1360884890" result="Passed" start-time="2026-06-14 15:14:54Z" end-time="2026-06-14 15:14:54Z" duration="0.000147" asserts="0">
                <properties>
                  <property name="retryIteration" value="0" />
                  <property name="repeatIteration" value="0" />
                </properties>
              </test-case>
              <test-case id="1005" name="MinorArcana_Count_Is_112" fullname="Kismeta.Core.Tests.CardDatabase_Tests.MinorArcana_Count_Is_112" methodname="MinorArcana_Count_Is_112" classname="Kismeta.Core.Tests.CardDatabase_Tests" runstate="Runnable" seed="1137538975" result="Passed" start-time="2026-06-14 15:14:54Z" end-time="2026-06-14 15:14:54Z" duration="0.000161" asserts="0">
                <properties>
                  <property name="retryIteration" value="0" />
                  <property name="repeatIteration" value="0" />
                </properties>
              </test-case>
            </test-suite>
            <test-suite type="TestFixture" id="1010" name="CodexFormulaValidator_Tests" fullname="Kismeta.Core.Tests.CodexFormulaValidator_Tests" classname="Kismeta.Core.Tests.CodexFormulaValidator_Tests" runstate="Runnable" testcasecount="13" result="Passed" start-time="2026-06-14 15:14:54Z" end-time="2026-06-14 15:14:54Z" duration="0.032099" total="13" passed="13" failed="0" inconclusive="0" skipped="0" asserts="0">
              <properties />
              <test-case id="1015" name="Planet_EmptyList_Fails" fullname="Kismeta.Core.Tests.CodexFormulaValidator_Tests.Planet_EmptyList_Fails" methodname="Planet_EmptyList_Fails" classname="Kismeta.Core.Tests.CodexFormulaValidator_Tests" runstate="Runnable" seed="398822242" result="Passed" start-time="2026-06-14 15:14:54Z" end-time="2026-06-14 15:14:54Z" duration="0.003490" asserts="0">
                <properties>
                  <property name="retryIteration" value="0" />
                  <property name="repeatIteration" value="0" />
                </properties>
                <output><![CDATA[[CardDatabase] Loaded 156 cards successfully.
]]></output>
              </test-case>
              <test-case id="1011" name="Planet_ExactlyThreeMars_Succeeds" fullname="Kismeta.Core.Tests.CodexFormulaValidator_Tests.Planet_ExactlyThreeMars_Succeeds" methodname="Planet_ExactlyThreeMars_Succeeds" classname="Kismeta.Core.Tests.CodexFormulaValidator_Tests" runstate="Runnable" seed="1800694547" result="Passed" start-time="2026-06-14 15:14:54Z" end-time="2026-06-14 15:14:54Z" duration="0.002322" asserts="0">
                <properties>
                  <property name="retryIteration" value="0" />
                  <property name="repeatIteration" value="0" />
                </properties>
                <output><![CDATA[[CardDatabase] Loaded 156 cards successfully.
]]></output>
              </test-case>
              <test-case id="1013" name="Planet_FourMars_Fails" fullname="Kismeta.Core.Tests.CodexFormulaValidator_Tests.Planet_FourMars_Fails" methodname="Planet_FourMars_Fails" classname="Kismeta.Core.Tests.CodexFormulaValidator_Tests" runstate="Runnable" seed="161023287" result="Passed" start-time="2026-06-14 15:14:54Z" end-time="2026-06-14 15:14:54Z" duration="0.002005" asserts="0">
                <properties>
                  <property name="retryIteration" value="0" />
                  <property name="repeatIteration" value="0" />
                </properties>
                <output><![CDATA[[CardDatabase] Loaded 156 cards successfully.
]]></output>
              </test-case>
              <test-case id="1012" name="Planet_TwoMars_Fails" fullname="Kismeta.Core.Tests.CodexFormulaValidator_Tests.Planet_TwoMars_Fails" methodname="Planet_TwoMars_Fails" classname="Kismeta.Core.Tests.CodexFormulaValidator_Tests" runstate="Runnable" seed="1913793281" result="Passed" start-time="2026-06-14 15:14:54Z" end-time="2026-06-14 15:14:54Z" duration="0.001946" asserts="0">
                <properties>
                  <property name="retryIteration" value="0" />
                  <property name="repeatIteration" value="0" />
                </properties>
                <output><![CDATA[[CardDatabase] Loaded 156 cards successfully.
]]></output>
              </test-case>
              <test-case id="1014" name="Planet_WrongPlanet_Fails" fullname="Kismeta.Core.Tests.CodexFormulaValidator_Tests.Planet_WrongPlanet_Fails" methodname="Planet_WrongPlanet_Fails" classname="Kismeta.Core.Tests.CodexFormulaValidator_Tests" runstate="Runnable" seed="1276950137" result="Passed" start-time="2026-06-14 15:14:54Z" end-time="2026-06-14 15:14:54Z" duration="0.001904" asserts="0">
                <properties>
                  <property name="retryIteration" value="0" />
                  <property name="repeatIteration" value="0" />
                </properties>
                <output><![CDATA[[CardDatabase] Loaded 156 cards successfully.
]]></output>
              </test-case>
              <test-case id="1021" name="RankSum_AceAs1_DoesNotMeetThreshold_AceAs15_Does" fullname="Kismeta.Core.Tests.CodexFormulaValidator_Tests.RankSum_AceAs1_DoesNotMeetThreshold_AceAs15_Does" methodname="RankSum_AceAs1_DoesNotMeetThreshold_AceAs15_Does" classname="Kismeta.Core.Tests.CodexFormulaValidator_Tests" runstate="Runnable" seed="1305981425" result="Passed" start-time="2026-06-14 15:14:54Z" end-time="2026-06-14 15:14:54Z" duration="0.002222" asserts="0">
                <properties>
                  <property name="retryIteration" value="0" />
                  <property name="repeatIteration" value="0" />
                </properties>
                <output><![CDATA[[CardDatabase] Loaded 156 cards successfully.
]]></output>
              </test-case>
              <test-case id="1020" name="RankSum_AceAs15_MeetsThreshold" fullname="Kismeta.Core.Tests.CodexFormulaValidator_Tests.RankSum_AceAs15_MeetsThreshold" methodname="RankSum_AceAs15_MeetsThreshold" classname="Kismeta.Core.Tests.CodexFormulaValidator_Tests" runstate="Runnable" seed="1856592057" result="Passed" start-time="2026-06-14 15:14:54Z" end-time="2026-06-14 15:14:54Z" duration="0.002027" asserts="0">
                <properties>
                  <property name="retryIteration" value="0" />
                  <property name="repeatIteration" value="0" />
                </properties>
                <output><![CDATA[[CardDatabase] Loaded 156 cards successfully.
]]></output>
              </test-case>
              <test-case id="1023" name="RankSum_AllAcesAsLow_CannotReachThreshold_Fails" fullname="Kismeta.Core.Tests.CodexFormulaValidator_Tests.RankSum_AllAcesAsLow_CannotReachThreshold_Fails" methodname="RankSum_AllAcesAsLow_CannotReachThreshold_Fails" classname="Kismeta.Core.Tests.CodexFormulaValidator_Tests" runstate="Runnable" seed="885874992" result="Passed" start-time="2026-06-14 15:14:54Z" end-time="2026-06-14 15:14:54Z" duration="0.001938" asserts="0">
                <properties>
                  <property name="retryIteration" value="0" />
                  <property name="repeatIteration" value="0" />
                </properties>
                <output><![CDATA[[CardDatabase] Loaded 156 cards successfully.
]]></output>
              </test-case>
              <test-case id="1019" name="RankSum_OneCardExactlyAtThreshold_Succeeds" fullname="Kismeta.Core.Tests.CodexFormulaValidator_Tests.RankSum_OneCardExactlyAtThreshold_Succeeds" methodname="RankSum_OneCardExactlyAtThreshold_Succeeds" classname="Kismeta.Core.Tests.CodexFormulaValidator_Tests" runstate="Runnable" seed="1553094570" result="Passed" start-time="2026-06-14 15:14:54Z" end-time="2026-06-14 15:14:54Z" duration="0.001818" asserts="0">
                <properties>
                  <property name="retryIteration" value="0" />
                  <property name="repeatIteration" value="0" />
                </properties>
                <output><![CDATA[[CardDatabase] Loaded 156 cards successfully.
]]></output>
              </test-case>
              <test-case id="1017" name="RankSum_ThreeWands_InsufficientSum_Fails" fullname="Kismeta.Core.Tests.CodexFormulaValidator_Tests.RankSum_ThreeWands_InsufficientSum_Fails" methodname="RankSum_ThreeWands_InsufficientSum_Fails" classname="Kismeta.Core.Tests.CodexFormulaValidator_Tests" runstate="Runnable" seed="448338347" result="Passed" start-time="2026-06-14 15:14:54Z" end-time="2026-06-14 15:14:54Z" duration="0.001924" asserts="0">
                <properties>
                  <property name="retryIteration" value="0" />
                  <property name="repeatIteration" value="0" />
                </properties>
                <output><![CDATA[[CardDatabase] Loaded 156 cards successfully.
]]></output>
              </test-case>
              <test-case id="1016" name="RankSum_ThreeWands_SufficientSum_Succeeds" fullname="Kismeta.Core.Tests.CodexFormulaValidator_Tests.RankSum_ThreeWands_SufficientSum_Succeeds" methodname="RankSum_ThreeWands_SufficientSum_Succeeds" classname="Kismeta.Core.Tests.CodexFormulaValidator_Tests" runstate="Runnable" seed="1036550885" result="Passed" start-time="2026-06-14 15:14:54Z" end-time="2026-06-14 15:14:54Z" duration="0.001880" asserts="0">
                <properties>
                  <property name="retryIteration" value="0" />
                  <property name="repeatIteration" value="0" />
                </properties>
                <output><![CDATA[[CardDatabase] Loaded 156 cards successfully.
]]></output>
              </test-case>
              <test-case id="1022" name="RankSum_TwoAces_BothAs1_Fails_BothAs15_Succeeds" fullname="Kismeta.Core.Tests.CodexFormulaValidator_Tests.RankSum_TwoAces_BothAs1_Fails_BothAs15_Succeeds" methodname="RankSum_TwoAces_BothAs1_Fails_BothAs15_Succeeds" classname="Kismeta.Core.Tests.CodexFormulaValidator_Tests" runstate="Runnable" seed="92362590" result="Passed" start-time="2026-06-14 15:14:54Z" end-time="2026-06-14 15:14:54Z" duration="0.001907" asserts="0">
                <properties>
                  <property name="retryIteration" value="0" />
                  <property name="repeatIteration" value="0" />
                </properties>
                <output><![CDATA[[CardDatabase] Loaded 156 cards successfully.
]]></output>
              </test-case>
              <test-case id="1018" name="RankSum_WrongSuit_Fails" fullname="Kismeta.Core.Tests.CodexFormulaValidator_Tests.RankSum_WrongSuit_Fails" methodname="RankSum_WrongSuit_Fails" classname="Kismeta.Core.Tests.CodexFormulaValidator_Tests" runstate="Runnable" seed="235394930" result="Passed" start-time="2026-06-14 15:14:54Z" end-time="2026-06-14 15:14:54Z" duration="0.001871" asserts="0">
                <properties>
                  <property name="retryIteration" value="0" />
                  <property name="repeatIteration" value="0" />
                </properties>
                <output><![CDATA[[CardDatabase] Loaded 156 cards successfully.
]]></output>
              </test-case>
            </test-suite>
            <test-suite type="TestFixture" id="1024" name="GameLoop_Tests" fullname="Kismeta.Core.Tests.GameLoop_Tests" classname="Kismeta.Core.Tests.GameLoop_Tests" runstate="Runnable" testcasecount="8" result="Failed" site="Child" start-time="2026-06-14 15:14:54Z" end-time="2026-06-14 15:15:14Z" duration="20.055596" total="8" passed="7" failed="1" inconclusive="0" skipped="0" asserts="0">
              <properties />
              <failure>
                <message><![CDATA[One or more child tests had errors]]></message>
              </failure>
              <test-case id="1032" name="ActionValidator_Accepts_Agekeeper_Roll_From_Agekeeper" fullname="Kismeta.Core.Tests.GameLoop_Tests.ActionValidator_Accepts_Agekeeper_Roll_From_Agekeeper" methodname="ActionValidator_Accepts_Agekeeper_Roll_From_Agekeeper" classname="Kismeta.Core.Tests.GameLoop_Tests" runstate="Runnable" seed="1519282727" result="Passed" start-time="2026-06-14 15:14:54Z" end-time="2026-06-14 15:14:54Z" duration="0.003347" asserts="0">
                <properties>
                  <property name="retryIteration" value="0" />
                  <property name="repeatIteration" value="0" />
                </properties>
                <output><![CDATA[[CardDatabase] Loaded 156 cards successfully.
]]></output>
              </test-case>
              <test-case id="1031" name="ActionValidator_Rejects_Agekeeper_Roll_From_Non_Agekeeper" fullname="Kismeta.Core.Tests.GameLoop_Tests.ActionValidator_Rejects_Agekeeper_Roll_From_Non_Agekeeper" methodname="ActionValidator_Rejects_Agekeeper_Roll_From_Non_Agekeeper" classname="Kismeta.Core.Tests.GameLoop_Tests" runstate="Runnable" seed="157948066" result="Passed" start-time="2026-06-14 15:14:54Z" end-time="2026-06-14 15:14:54Z" duration="0.002305" asserts="0">
                <properties>
                  <property name="retryIteration" value="0" />
                  <property name="repeatIteration" value="0" />
                </properties>
                <output><![CDATA[[CardDatabase] Loaded 156 cards successfully.
]]></output>
              </test-case>
              <test-case id="1029" name="GameLoop_Event_Log_Is_Non_Empty_After_Setup" fullname="Kismeta.Core.Tests.GameLoop_Tests.GameLoop_Event_Log_Is_Non_Empty_After_Setup" methodname="GameLoop_Event_Log_Is_Non_Empty_After_Setup" classname="Kismeta.Core.Tests.GameLoop_Tests" runstate="Runnable" seed="1935869773" result="Passed" start-time="2026-06-14 15:14:54Z" end-time="2026-06-14 15:14:54Z" duration="0.004618" asserts="0">
                <properties>
                  <property name="retryIteration" value="0" />
                  <property name="repeatIteration" value="0" />
                </properties>
                <output><![CDATA[[CardDatabase] Loaded 156 cards successfully.
]]></output>
              </test-case>
              <test-case id="1026" name="GameLoop_Setup_Populates_All_Decks" fullname="Kismeta.Core.Tests.GameLoop_Tests.GameLoop_Setup_Populates_All_Decks" methodname="GameLoop_Setup_Populates_All_Decks" classname="Kismeta.Core.Tests.GameLoop_Tests" runstate="Runnable" seed="926122210" result="Passed" start-time="2026-06-14 15:14:54Z" end-time="2026-06-14 15:14:54Z" duration="0.002379" asserts="0">
                <properties>
                  <property name="retryIteration" value="0" />
                  <property name="repeatIteration" value="0" />
                </properties>
                <output><![CDATA[[CardDatabase] Loaded 156 cards successfully.
]]></output>
              </test-case>
              <test-case id="1027" name="GameLoop_Spring_Gives_Each_Player_At_Least_3_Cards_In_Hand" fullname="Kismeta.Core.Tests.GameLoop_Tests.GameLoop_Spring_Gives_Each_Player_At_Least_3_Cards_In_Hand" methodname="GameLoop_Spring_Gives_Each_Player_At_Least_3_Cards_In_Hand" classname="Kismeta.Core.Tests.GameLoop_Tests" runstate="Runnable" seed="436780128" result="Failed" start-time="2026-06-14 15:14:54Z" end-time="2026-06-14 15:14:54Z" duration="0.005442" asserts="0">
                <properties>
                  <property name="retryIteration" value="0" />
                  <property name="repeatIteration" value="0" />
                </properties>
                <failure>
                  <message><![CDATA[  Player 0 should have at least 3 cards in Hand after Harvest.
  Expected: greater than or equal to 3
  But was:  2
]]></message>
                  <stack-trace><![CDATA[at Kismeta.Core.Tests.GameLoop_Tests.GameLoop_Spring_Gives_Each_Player_At_Least_3_Cards_In_Hand () [0x000b9] in D:\Unity\KismetaAGY\Assets\_Project\Tests\EditMode\GameLoop_Tests.cs:131
]]></stack-trace>
                </failure>
                <output><![CDATA[[CardDatabase] Loaded 156 cards successfully.
]]></output>
              </test-case>
              <test-case id="1025" name="GameLoop_Starts_And_Runs_Without_Exception" fullname="Kismeta.Core.Tests.GameLoop_Tests.GameLoop_Starts_And_Runs_Without_Exception" methodname="GameLoop_Starts_And_Runs_Without_Exception" classname="Kismeta.Core.Tests.GameLoop_Tests" runstate="Runnable" seed="1240944694" result="Passed" start-time="2026-06-14 15:14:54Z" end-time="2026-06-14 15:15:09Z" duration="15.010924" asserts="0">
                <properties>
                  <property name="retryIteration" value="0" />
                  <property name="repeatIteration" value="0" />
                </properties>
                <output><![CDATA[[CardDatabase] Loaded 156 cards successfully.
]]></output>
              </test-case>
              <test-case id="1030" name="GameLoop_Two_Players_Two_Seeds_Produce_Different_Setup" fullname="Kismeta.Core.Tests.GameLoop_Tests.GameLoop_Two_Players_Two_Seeds_Produce_Different_Setup" methodname="GameLoop_Two_Players_Two_Seeds_Produce_Different_Setup" classname="Kismeta.Core.Tests.GameLoop_Tests" runstate="Runnable" seed="74930684" result="Passed" start-time="2026-06-14 15:15:09Z" end-time="2026-06-14 15:15:09Z" duration="0.003104" asserts="0">
                <properties>
                  <property name="retryIteration" value="0" />
                  <property name="repeatIteration" value="0" />
                </properties>
                <output><![CDATA[[CardDatabase] Loaded 156 cards successfully.
Seed 42 first crucible: inst-crucible.a.3
Seed 99 first crucible: inst-crucible.a.1
]]></output>
              </test-case>
              <test-case id="1028" name="GameLoop_Winter_Rotates_Agekeeper_Each_Round" fullname="Kismeta.Core.Tests.GameLoop_Tests.GameLoop_Winter_Rotates_Agekeeper_Each_Round" methodname="GameLoop_Winter_Rotates_Agekeeper_Each_Round" classname="Kismeta.Core.Tests.GameLoop_Tests" runstate="Runnable" seed="1705989637" result="Passed" start-time="2026-06-14 15:15:09Z" end-time="2026-06-14 15:15:14Z" duration="5.020160" asserts="0">
                <properties>
                  <property name="retryIteration" value="0" />
                  <property name="repeatIteration" value="0" />
                </properties>
                <output><![CDATA[[CardDatabase] Loaded 156 cards successfully.
]]></output>
              </test-case>
            </test-suite>
            <test-suite type="TestFixture" id="1033" name="GameSession_Tests" fullname="Kismeta.Core.Tests.GameSession_Tests" classname="Kismeta.Core.Tests.GameSession_Tests" runstate="Runnable" testcasecount="9" result="Passed" start-time="2026-06-14 15:15:14Z" end-time="2026-06-14 15:15:14Z" duration="0.029336" total="9" passed="9" failed="0" inconclusive="0" skipped="0" asserts="0">
              <properties />
              <test-case id="1036" name="Apply_AdvancePhaseCommand_Emits_PhaseChangedEvent" fullname="Kismeta.Core.Tests.GameSession_Tests.Apply_AdvancePhaseCommand_Emits_PhaseChangedEvent" methodname="Apply_AdvancePhaseCommand_Emits_PhaseChangedEvent" classname="Kismeta.Core.Tests.GameSession_Tests" runstate="Runnable" seed="92956869" result="Passed" start-time="2026-06-14 15:15:14Z" end-time="2026-06-14 15:15:14Z" duration="0.001348" asserts="0">
                <properties>
                  <property name="retryIteration" value="0" />
                  <property name="repeatIteration" value="0" />
                </properties>
              </test-case>
              <test-case id="1035" name="Apply_AdvancePhaseCommand_Moves_To_Next_Step" fullname="Kismeta.Core.Tests.GameSession_Tests.Apply_AdvancePhaseCommand_Moves_To_Next_Step" methodname="Apply_AdvancePhaseCommand_Moves_To_Next_Step" classname="Kismeta.Core.Tests.GameSession_Tests" runstate="Runnable" seed="1062778391" result="Passed" start-time="2026-06-14 15:15:14Z" end-time="2026-06-14 15:15:14Z" duration="0.000281" asserts="0">
                <properties>
                  <property name="retryIteration" value="0" />
                  <property name="repeatIteration" value="0" />
                </properties>
              </test-case>
              <test-case id="1038" name="Apply_SetCardLock_Engages_CardLock" fullname="Kismeta.Core.Tests.GameSession_Tests.Apply_SetCardLock_Engages_CardLock" methodname="Apply_SetCardLock_Engages_CardLock" classname="Kismeta.Core.Tests.GameSession_Tests" runstate="Runnable" seed="558857296" result="Passed" start-time="2026-06-14 15:15:14Z" end-time="2026-06-14 15:15:14Z" duration="0.000192" asserts="0">
                <properties>
                  <property name="retryIteration" value="0" />
                  <property name="repeatIteration" value="0" />
                </properties>
              </test-case>
              <test-case id="1037" name="Apply_UnhandledCommand_Returns_NotImplemented" fullname="Kismeta.Core.Tests.GameSession_Tests.Apply_UnhandledCommand_Returns_NotImplemented" methodname="Apply_UnhandledCommand_Returns_NotImplemented" classname="Kismeta.Core.Tests.GameSession_Tests" runstate="Runnable" seed="2046203476" result="Passed" start-time="2026-06-14 15:15:14Z" end-time="2026-06-14 15:15:14Z" duration="0.000194" asserts="0">
                <properties>
                  <property name="retryIteration" value="0" />
                  <property name="repeatIteration" value="0" />
                </properties>
              </test-case>
              <test-case id="1042" name="Full_Spring_Sequence_Advances_To_Summer" fullname="Kismeta.Core.Tests.GameSession_Tests.Full_Spring_Sequence_Advances_To_Summer" methodname="Full_Spring_Sequence_Advances_To_Summer" classname="Kismeta.Core.Tests.GameSession_Tests" runstate="Runnable" seed="1576931869" result="Passed" start-time="2026-06-14 15:15:14Z" end-time="2026-06-14 15:15:14Z" duration="0.000162" asserts="0">
                <properties>
                  <property name="retryIteration" value="0" />
                  <property name="repeatIteration" value="0" />
                </properties>
              </test-case>
              <test-case id="1039" name="Register_And_Retrieve_CardInstance" fullname="Kismeta.Core.Tests.GameSession_Tests.Register_And_Retrieve_CardInstance" methodname="Register_And_Retrieve_CardInstance" classname="Kismeta.Core.Tests.GameSession_Tests" runstate="Runnable" seed="1365909551" result="Passed" start-time="2026-06-14 15:15:14Z" end-time="2026-06-14 15:15:14Z" duration="0.000223" asserts="0">
                <properties>
                  <property name="retryIteration" value="0" />
                  <property name="repeatIteration" value="0" />
                </properties>
              </test-case>
              <test-case id="1034" name="Session_Initialises_With_Spring_Phase" fullname="Kismeta.Core.Tests.GameSession_Tests.Session_Initialises_With_Spring_Phase" methodname="Session_Initialises_With_Spring_Phase" classname="Kismeta.Core.Tests.GameSession_Tests" runstate="Runnable" seed="99616795" result="Passed" start-time="2026-06-14 15:15:14Z" end-time="2026-06-14 15:15:14Z" duration="0.000112" asserts="0">
                <properties>
                  <property name="retryIteration" value="0" />
                  <property name="repeatIteration" value="0" />
                </properties>
              </test-case>
              <test-case id="1040" name="Session_Requires_Two_To_Four_Players" fullname="Kismeta.Core.Tests.GameSession_Tests.Session_Requires_Two_To_Four_Players" methodname="Session_Requires_Two_To_Four_Players" classname="Kismeta.Core.Tests.GameSession_Tests" runstate="Runnable" seed="1701282326" result="Passed" start-time="2026-06-14 15:15:14Z" end-time="2026-06-14 15:15:14Z" duration="0.000819" asserts="0">
                <properties>
                  <property name="retryIteration" value="0" />
                  <property name="repeatIteration" value="0" />
                </properties>
              </test-case>
              <test-case id="1041" name="SetWinner_Marks_Session_Over" fullname="Kismeta.Core.Tests.GameSession_Tests.SetWinner_Marks_Session_Over" methodname="SetWinner_Marks_Session_Over" classname="Kismeta.Core.Tests.GameSession_Tests" runstate="Runnable" seed="433825333" result="Passed" start-time="2026-06-14 15:15:14Z" end-time="2026-06-14 15:15:14Z" duration="0.000282" asserts="0">
                <properties>
                  <property name="retryIteration" value="0" />
                  <property name="repeatIteration" value="0" />
                </properties>
              </test-case>
            </test-suite>
            <test-suite type="TestFixture" id="1043" name="PhaseController_Tests" fullname="Kismeta.Core.Tests.PhaseController_Tests" classname="Kismeta.Core.Tests.PhaseController_Tests" runstate="Runnable" testcasecount="8" result="Passed" start-time="2026-06-14 15:15:14Z" end-time="2026-06-14 15:15:14Z" duration="0.003365" total="8" passed="8" failed="0" inconclusive="0" skipped="0" asserts="0">
              <properties />
              <test-case id="1047" name="Advancing_Through_All_Spring_Steps_Transitions_To_Summer" fullname="Kismeta.Core.Tests.PhaseController_Tests.Advancing_Through_All_Spring_Steps_Transitions_To_Summer" methodname="Advancing_Through_All_Spring_Steps_Transitions_To_Summer" classname="Kismeta.Core.Tests.PhaseController_Tests" runstate="Runnable" seed="1382197111" result="Passed" start-time="2026-06-14 15:15:14Z" end-time="2026-06-14 15:15:14Z" duration="0.000139" asserts="0">
                <properties>
                  <property name="retryIteration" value="0" />
                  <property name="repeatIteration" value="0" />
                </properties>
              </test-case>
              <test-case id="1051" name="Full_Round_Cycle_Completes_Without_Error" fullname="Kismeta.Core.Tests.PhaseController_Tests.Full_Round_Cycle_Completes_Without_Error" methodname="Full_Round_Cycle_Completes_Without_Error" classname="Kismeta.Core.Tests.PhaseController_Tests" runstate="Runnable" seed="205765698" result="Passed" start-time="2026-06-14 15:15:14Z" end-time="2026-06-14 15:15:14Z" duration="0.000131" asserts="0">
                <properties>
                  <property name="retryIteration" value="0" />
                  <property name="repeatIteration" value="0" />
                </properties>
              </test-case>
              <test-case id="1049" name="SetSeason_Resets_Step_Index" fullname="Kismeta.Core.Tests.PhaseController_Tests.SetSeason_Resets_Step_Index" methodname="SetSeason_Resets_Step_Index" classname="Kismeta.Core.Tests.PhaseController_Tests" runstate="Runnable" seed="848691194" result="Passed" start-time="2026-06-14 15:15:14Z" end-time="2026-06-14 15:15:14Z" duration="0.000119" asserts="0">
                <properties>
                  <property name="retryIteration" value="0" />
                  <property name="repeatIteration" value="0" />
                </properties>
              </test-case>
              <test-case id="1045" name="Spring_Has_5_Steps" fullname="Kismeta.Core.Tests.PhaseController_Tests.Spring_Has_5_Steps" methodname="Spring_Has_5_Steps" classname="Kismeta.Core.Tests.PhaseController_Tests" runstate="Runnable" seed="206770429" result="Passed" start-time="2026-06-14 15:15:14Z" end-time="2026-06-14 15:15:14Z" duration="0.000091" asserts="0">
                <properties>
                  <property name="retryIteration" value="0" />
                  <property name="repeatIteration" value="0" />
                </properties>
              </test-case>
              <test-case id="1044" name="Starts_In_Spring_Step_0" fullname="Kismeta.Core.Tests.PhaseController_Tests.Starts_In_Spring_Step_0" methodname="Starts_In_Spring_Step_0" classname="Kismeta.Core.Tests.PhaseController_Tests" runstate="Runnable" seed="204157137" result="Passed" start-time="2026-06-14 15:15:14Z" end-time="2026-06-14 15:15:14Z" duration="0.000099" asserts="0">
                <properties>
                  <property name="retryIteration" value="0" />
                  <property name="repeatIteration" value="0" />
                </properties>
              </test-case>
              <test-case id="1050" name="Step5_Of_Spring_Is_CardLock" fullname="Kismeta.Core.Tests.PhaseController_Tests.Step5_Of_Spring_Is_CardLock" methodname="Step5_Of_Spring_Is_CardLock" classname="Kismeta.Core.Tests.PhaseController_Tests" runstate="Runnable" seed="697020853" result="Passed" start-time="2026-06-14 15:15:14Z" end-time="2026-06-14 15:15:14Z" duration="0.000086" asserts="0">
                <properties>
                  <property name="retryIteration" value="0" />
                  <property name="repeatIteration" value="0" />
                </properties>
              </test-case>
              <test-case id="1046" name="Summer_Has_6_Steps_All_Unordered" fullname="Kismeta.Core.Tests.PhaseController_Tests.Summer_Has_6_Steps_All_Unordered" methodname="Summer_Has_6_Steps_All_Unordered" classname="Kismeta.Core.Tests.PhaseController_Tests" runstate="Runnable" seed="1028616998" result="Passed" start-time="2026-06-14 15:15:14Z" end-time="2026-06-14 15:15:14Z" duration="0.000255" asserts="0">
                <properties>
                  <property name="retryIteration" value="0" />
                  <property name="repeatIteration" value="0" />
                </properties>
              </test-case>
              <test-case id="1048" name="Winter_Transitions_Back_To_Spring" fullname="Kismeta.Core.Tests.PhaseController_Tests.Winter_Transitions_Back_To_Spring" methodname="Winter_Transitions_Back_To_Spring" classname="Kismeta.Core.Tests.PhaseController_Tests" runstate="Runnable" seed="1751486122" result="Passed" start-time="2026-06-14 15:15:14Z" end-time="2026-06-14 15:15:14Z" duration="0.000131" asserts="0">
                <properties>
                  <property name="retryIteration" value="0" />
                  <property name="repeatIteration" value="0" />
                </properties>
              </test-case>
            </test-suite>
            <test-suite type="TestFixture" id="1052" name="PlayerView_Tests" fullname="Kismeta.Core.Tests.PlayerView_Tests" classname="Kismeta.Core.Tests.PlayerView_Tests" runstate="Runnable" testcasecount="5" result="Passed" start-time="2026-06-14 15:15:14Z" end-time="2026-06-14 15:15:14Z" duration="0.004186" total="5" passed="5" failed="0" inconclusive="0" skipped="0" asserts="0">
              <properties />
              <test-case id="1053" name="GamePublicView_Does_Not_Expose_Hand_Contents" fullname="Kismeta.Core.Tests.PlayerView_Tests.GamePublicView_Does_Not_Expose_Hand_Contents" methodname="GamePublicView_Does_Not_Expose_Hand_Contents" classname="Kismeta.Core.Tests.PlayerView_Tests" runstate="Runnable" seed="592670740" result="Passed" start-time="2026-06-14 15:15:14Z" end-time="2026-06-14 15:15:14Z" duration="0.000509" asserts="0">
                <properties>
                  <property name="retryIteration" value="0" />
                  <property name="repeatIteration" value="0" />
                </properties>
              </test-case>
              <test-case id="1054" name="GamePublicView_HandCardCount_Is_Correct" fullname="Kismeta.Core.Tests.PlayerView_Tests.GamePublicView_HandCardCount_Is_Correct" methodname="GamePublicView_HandCardCount_Is_Correct" classname="Kismeta.Core.Tests.PlayerView_Tests" runstate="Runnable" seed="1102233715" result="Passed" start-time="2026-06-14 15:15:14Z" end-time="2026-06-14 15:15:14Z" duration="0.000158" asserts="0">
                <properties>
                  <property name="retryIteration" value="0" />
                  <property name="repeatIteration" value="0" />
                </properties>
              </test-case>
              <test-case id="1057" name="GamePublicView_Shows_Current_Phase" fullname="Kismeta.Core.Tests.PlayerView_Tests.GamePublicView_Shows_Current_Phase" methodname="GamePublicView_Shows_Current_Phase" classname="Kismeta.Core.Tests.PlayerView_Tests" runstate="Runnable" seed="1541296729" result="Passed" start-time="2026-06-14 15:15:14Z" end-time="2026-06-14 15:15:14Z" duration="0.000120" asserts="0">
                <properties>
                  <property name="retryIteration" value="0" />
                  <property name="repeatIteration" value="0" />
                </properties>
              </test-case>
              <test-case id="1055" name="PlayerPrivateView_Reveals_Only_Requesting_Players_Hand" fullname="Kismeta.Core.Tests.PlayerView_Tests.PlayerPrivateView_Reveals_Only_Requesting_Players_Hand" methodname="PlayerPrivateView_Reveals_Only_Requesting_Players_Hand" classname="Kismeta.Core.Tests.PlayerView_Tests" runstate="Runnable" seed="205190293" result="Passed" start-time="2026-06-14 15:15:14Z" end-time="2026-06-14 15:15:14Z" duration="0.001138" asserts="0">
                <properties>
                  <property name="retryIteration" value="0" />
                  <property name="repeatIteration" value="0" />
                </properties>
              </test-case>
              <test-case id="1056" name="PublicView_Spread_Is_Visible" fullname="Kismeta.Core.Tests.PlayerView_Tests.PublicView_Spread_Is_Visible" methodname="PublicView_Spread_Is_Visible" classname="Kismeta.Core.Tests.PlayerView_Tests" runstate="Runnable" seed="1221104752" result="Passed" start-time="2026-06-14 15:15:14Z" end-time="2026-06-14 15:15:14Z" duration="0.000495" asserts="0">
                <properties>
                  <property name="retryIteration" value="0" />
                  <property name="repeatIteration" value="0" />
                </properties>
              </test-case>
            </test-suite>
            <test-suite type="TestFixture" id="1058" name="RuleServices_Tests" fullname="Kismeta.Core.Tests.RuleServices_Tests" classname="Kismeta.Core.Tests.RuleServices_Tests" runstate="Runnable" testcasecount="52" result="Failed" site="Child" start-time="2026-06-14 15:15:14Z" end-time="2026-06-14 15:15:15Z" duration="0.170867" total="52" passed="45" failed="7" inconclusive="0" skipped="0" asserts="0">
              <properties />
              <failure>
                <message><![CDATA[One or more child tests had errors]]></message>
              </failure>
              <test-case id="1074" name="Activate_Fails_If_Slot_Not_Dormant" fullname="Kismeta.Core.Tests.RuleServices_Tests.Activate_Fails_If_Slot_Not_Dormant" methodname="Activate_Fails_If_Slot_Not_Dormant" classname="Kismeta.Core.Tests.RuleServices_Tests" runstate="Runnable" seed="2100629239" result="Passed" start-time="2026-06-14 15:15:14Z" end-time="2026-06-14 15:15:14Z" duration="0.003323" asserts="0">
                <properties>
                  <property name="retryIteration" value="0" />
                  <property name="repeatIteration" value="0" />
                </properties>
                <output><![CDATA[[CardDatabase] Loaded 156 cards successfully.
]]></output>
              </test-case>
              <test-case id="1098" name="Activate_Fails_When_Cards_Not_In_Spread" fullname="Kismeta.Core.Tests.RuleServices_Tests.Activate_Fails_When_Cards_Not_In_Spread" methodname="Activate_Fails_When_Cards_Not_In_Spread" classname="Kismeta.Core.Tests.RuleServices_Tests" runstate="Runnable" seed="1423562897" result="Passed" start-time="2026-06-14 15:15:14Z" end-time="2026-06-14 15:15:14Z" duration="0.002675" asserts="0">
                <properties>
                  <property name="retryIteration" value="0" />
                  <property name="repeatIteration" value="0" />
                </properties>
                <output><![CDATA[[CardDatabase] Loaded 156 cards successfully.
]]></output>
              </test-case>
              <test-case id="1075" name="Activate_Fails_With_Fewer_Than_3_Cards" fullname="Kismeta.Core.Tests.RuleServices_Tests.Activate_Fails_With_Fewer_Than_3_Cards" methodname="Activate_Fails_With_Fewer_Than_3_Cards" classname="Kismeta.Core.Tests.RuleServices_Tests" runstate="Runnable" seed="787066625" result="Passed" start-time="2026-06-14 15:15:14Z" end-time="2026-06-14 15:15:14Z" duration="0.002386" asserts="0">
                <properties>
                  <property name="retryIteration" value="0" />
                  <property name="repeatIteration" value="0" />
                </properties>
                <output><![CDATA[[CardDatabase] Loaded 156 cards successfully.
]]></output>
              </test-case>
              <test-case id="1097" name="Activate_Fails_With_No_Coal" fullname="Kismeta.Core.Tests.RuleServices_Tests.Activate_Fails_With_No_Coal" methodname="Activate_Fails_With_No_Coal" classname="Kismeta.Core.Tests.RuleServices_Tests" runstate="Runnable" seed="482432342" result="Passed" start-time="2026-06-14 15:15:14Z" end-time="2026-06-14 15:15:14Z" duration="0.002442" asserts="0">
                <properties>
                  <property name="retryIteration" value="0" />
                  <property name="repeatIteration" value="0" />
                </properties>
                <output><![CDATA[[CardDatabase] Loaded 156 cards successfully.
]]></output>
              </test-case>
              <test-case id="1092" name="Activate_Fails_With_Wrong_Planet_Cards" fullname="Kismeta.Core.Tests.RuleServices_Tests.Activate_Fails_With_Wrong_Planet_Cards" methodname="Activate_Fails_With_Wrong_Planet_Cards" classname="Kismeta.Core.Tests.RuleServices_Tests" runstate="Runnable" seed="1842995135" result="Passed" start-time="2026-06-14 15:15:14Z" end-time="2026-06-14 15:15:14Z" duration="0.002354" asserts="0">
                <properties>
                  <property name="retryIteration" value="0" />
                  <property name="repeatIteration" value="0" />
                </properties>
                <output><![CDATA[[CardDatabase] Loaded 156 cards successfully.
]]></output>
              </test-case>
              <test-case id="1094" name="Activate_Lights_Correct_Cauldron" fullname="Kismeta.Core.Tests.RuleServices_Tests.Activate_Lights_Correct_Cauldron" methodname="Activate_Lights_Correct_Cauldron" classname="Kismeta.Core.Tests.RuleServices_Tests" runstate="Runnable" seed="1662151333" result="Passed" start-time="2026-06-14 15:15:14Z" end-time="2026-06-14 15:15:14Z" duration="0.002461" asserts="0">
                <properties>
                  <property name="retryIteration" value="0" />
                  <property name="repeatIteration" value="0" />
                </properties>
                <output><![CDATA[[CardDatabase] Loaded 156 cards successfully.
]]></output>
              </test-case>
              <test-case id="1096" name="Activate_RankSum_Fails_With_Insufficient_Sum" fullname="Kismeta.Core.Tests.RuleServices_Tests.Activate_RankSum_Fails_With_Insufficient_Sum" methodname="Activate_RankSum_Fails_With_Insufficient_Sum" classname="Kismeta.Core.Tests.RuleServices_Tests" runstate="Runnable" seed="86220576" result="Passed" start-time="2026-06-14 15:15:14Z" end-time="2026-06-14 15:15:14Z" duration="0.002497" asserts="0">
                <properties>
                  <property name="retryIteration" value="0" />
                  <property name="repeatIteration" value="0" />
                </properties>
                <output><![CDATA[[CardDatabase] Loaded 156 cards successfully.
]]></output>
              </test-case>
              <test-case id="1095" name="Activate_RankSum_Succeeds_With_Enough_Wands" fullname="Kismeta.Core.Tests.RuleServices_Tests.Activate_RankSum_Succeeds_With_Enough_Wands" methodname="Activate_RankSum_Succeeds_With_Enough_Wands" classname="Kismeta.Core.Tests.RuleServices_Tests" runstate="Runnable" seed="1438964445" result="Passed" start-time="2026-06-14 15:15:14Z" end-time="2026-06-14 15:15:14Z" duration="0.002357" asserts="0">
                <properties>
                  <property name="retryIteration" value="0" />
                  <property name="repeatIteration" value="0" />
                </properties>
                <output><![CDATA[[CardDatabase] Loaded 156 cards successfully.
]]></output>
              </test-case>
              <test-case id="1093" name="Activate_Removes_Coal_From_Slot" fullname="Kismeta.Core.Tests.RuleServices_Tests.Activate_Removes_Coal_From_Slot" methodname="Activate_Removes_Coal_From_Slot" classname="Kismeta.Core.Tests.RuleServices_Tests" runstate="Runnable" seed="1600981088" result="Failed" start-time="2026-06-14 15:15:14Z" end-time="2026-06-14 15:15:14Z" duration="0.002441" asserts="0">
                <properties>
                  <property name="retryIteration" value="0" />
                  <property name="repeatIteration" value="0" />
                </properties>
                <failure>
                  <message><![CDATA[  Formula not satisfied: Card 'minor.swords.six.2' has planet Saturn, but formula requires Mars.
  Expected: True
  But was:  False
]]></message>
                  <stack-trace><![CDATA[at Kismeta.Core.Tests.RuleServices_Tests.Activate_Removes_Coal_From_Slot () [0x00081] in D:\Unity\KismetaAGY\Assets\_Project\Tests\EditMode\RuleServices_Tests.cs:573
]]></stack-trace>
                </failure>
                <output><![CDATA[[CardDatabase] Loaded 156 cards successfully.
]]></output>
              </test-case>
              <test-case id="1076" name="Activate_Success_Makes_Slot_Active" fullname="Kismeta.Core.Tests.RuleServices_Tests.Activate_Success_Makes_Slot_Active" methodname="Activate_Success_Makes_Slot_Active" classname="Kismeta.Core.Tests.RuleServices_Tests" runstate="Runnable" seed="1774352022" result="Failed" start-time="2026-06-14 15:15:14Z" end-time="2026-06-14 15:15:14Z" duration="0.002377" asserts="0">
                <properties>
                  <property name="retryIteration" value="0" />
                  <property name="repeatIteration" value="0" />
                </properties>
                <failure>
                  <message><![CDATA[  Formula not satisfied: Card 'minor.swords.six.2' has planet Saturn, but formula requires Mars.
  Expected: True
  But was:  False
]]></message>
                  <stack-trace><![CDATA[at Kismeta.Core.Tests.RuleServices_Tests.Activate_Success_Makes_Slot_Active () [0x00057] in D:\Unity\KismetaAGY\Assets\_Project\Tests\EditMode\RuleServices_Tests.cs:288
]]></stack-trace>
                </failure>
                <output><![CDATA[[CardDatabase] Loaded 156 cards successfully.
]]></output>
              </test-case>
              <test-case id="1102" name="BuyAdept_Rejects_MajorArcana_Payment" fullname="Kismeta.Core.Tests.RuleServices_Tests.BuyAdept_Rejects_MajorArcana_Payment" methodname="BuyAdept_Rejects_MajorArcana_Payment" classname="Kismeta.Core.Tests.RuleServices_Tests" runstate="Runnable" seed="476770738" result="Passed" start-time="2026-06-14 15:15:14Z" end-time="2026-06-14 15:15:14Z" duration="0.002580" asserts="0">
                <properties>
                  <property name="retryIteration" value="0" />
                  <property name="repeatIteration" value="0" />
                </properties>
                <output><![CDATA[[CardDatabase] Loaded 156 cards successfully.
]]></output>
              </test-case>
              <test-case id="1073" name="Commune_Fails_If_Cards_Not_Owned" fullname="Kismeta.Core.Tests.RuleServices_Tests.Commune_Fails_If_Cards_Not_Owned" methodname="Commune_Fails_If_Cards_Not_Owned" classname="Kismeta.Core.Tests.RuleServices_Tests" runstate="Runnable" seed="463799168" result="Passed" start-time="2026-06-14 15:15:14Z" end-time="2026-06-14 15:15:14Z" duration="0.002349" asserts="0">
                <properties>
                  <property name="retryIteration" value="0" />
                  <property name="repeatIteration" value="0" />
                </properties>
                <output><![CDATA[[CardDatabase] Loaded 156 cards successfully.
]]></output>
              </test-case>
              <test-case id="1072" name="Commune_Moves_Cards_To_Correct_Zones" fullname="Kismeta.Core.Tests.RuleServices_Tests.Commune_Moves_Cards_To_Correct_Zones" methodname="Commune_Moves_Cards_To_Correct_Zones" classname="Kismeta.Core.Tests.RuleServices_Tests" runstate="Runnable" seed="1657138050" result="Passed" start-time="2026-06-14 15:15:14Z" end-time="2026-06-14 15:15:14Z" duration="0.002419" asserts="0">
                <properties>
                  <property name="retryIteration" value="0" />
                  <property name="repeatIteration" value="0" />
                </properties>
                <output><![CDATA[[CardDatabase] Loaded 156 cards successfully.
]]></output>
              </test-case>
              <test-case id="1101" name="Commune_Rejects_MajorArcana_InSpread" fullname="Kismeta.Core.Tests.RuleServices_Tests.Commune_Rejects_MajorArcana_InSpread" methodname="Commune_Rejects_MajorArcana_InSpread" classname="Kismeta.Core.Tests.RuleServices_Tests" runstate="Runnable" seed="736590031" result="Passed" start-time="2026-06-14 15:15:14Z" end-time="2026-06-14 15:15:14Z" duration="0.002355" asserts="0">
                <properties>
                  <property name="retryIteration" value="0" />
                  <property name="repeatIteration" value="0" />
                </properties>
                <output><![CDATA[[CardDatabase] Loaded 156 cards successfully.
]]></output>
              </test-case>
              <test-case id="1084" name="Craft_Elemental_Fails_Without_Lit_Cauldron" fullname="Kismeta.Core.Tests.RuleServices_Tests.Craft_Elemental_Fails_Without_Lit_Cauldron" methodname="Craft_Elemental_Fails_Without_Lit_Cauldron" classname="Kismeta.Core.Tests.RuleServices_Tests" runstate="Runnable" seed="219020437" result="Passed" start-time="2026-06-14 15:15:14Z" end-time="2026-06-14 15:15:14Z" duration="0.002639" asserts="0">
                <properties>
                  <property name="retryIteration" value="0" />
                  <property name="repeatIteration" value="0" />
                </properties>
                <output><![CDATA[[CardDatabase] Loaded 156 cards successfully.
]]></output>
              </test-case>
              <test-case id="1085" name="Craft_Elemental_Succeeds_With_Lit_Cauldron" fullname="Kismeta.Core.Tests.RuleServices_Tests.Craft_Elemental_Succeeds_With_Lit_Cauldron" methodname="Craft_Elemental_Succeeds_With_Lit_Cauldron" classname="Kismeta.Core.Tests.RuleServices_Tests" runstate="Runnable" seed="761514489" result="Passed" start-time="2026-06-14 15:15:14Z" end-time="2026-06-14 15:15:14Z" duration="0.002207" asserts="0">
                <properties>
                  <property name="retryIteration" value="0" />
                  <property name="repeatIteration" value="0" />
                </properties>
                <output><![CDATA[[CardDatabase] Loaded 156 cards successfully.
]]></output>
              </test-case>
              <test-case id="1083" name="Craft_Salt_Fails_With_Fewer_Than_3_Cards" fullname="Kismeta.Core.Tests.RuleServices_Tests.Craft_Salt_Fails_With_Fewer_Than_3_Cards" methodname="Craft_Salt_Fails_With_Fewer_Than_3_Cards" classname="Kismeta.Core.Tests.RuleServices_Tests" runstate="Runnable" seed="1105930931" result="Passed" start-time="2026-06-14 15:15:14Z" end-time="2026-06-14 15:15:14Z" duration="0.005307" asserts="0">
                <properties>
                  <property name="retryIteration" value="0" />
                  <property name="repeatIteration" value="0" />
                </properties>
                <output><![CDATA[[CardDatabase] Loaded 156 cards successfully.
]]></output>
              </test-case>
              <test-case id="1082" name="Craft_Salt_With_3_Cards_Succeeds" fullname="Kismeta.Core.Tests.RuleServices_Tests.Craft_Salt_With_3_Cards_Succeeds" methodname="Craft_Salt_With_3_Cards_Succeeds" classname="Kismeta.Core.Tests.RuleServices_Tests" runstate="Runnable" seed="1418693804" result="Passed" start-time="2026-06-14 15:15:14Z" end-time="2026-06-14 15:15:14Z" duration="0.002432" asserts="0">
                <properties>
                  <property name="retryIteration" value="0" />
                  <property name="repeatIteration" value="0" />
                </properties>
                <output><![CDATA[[CardDatabase] Loaded 156 cards successfully.
]]></output>
              </test-case>
              <test-case id="1109" name="DiscardToLimit_Over5_PlayerChooses" fullname="Kismeta.Core.Tests.RuleServices_Tests.DiscardToLimit_Over5_PlayerChooses" methodname="DiscardToLimit_Over5_PlayerChooses" classname="Kismeta.Core.Tests.RuleServices_Tests" runstate="Runnable" seed="2020217057" result="Failed" start-time="2026-06-14 15:15:14Z" end-time="2026-06-14 15:15:14Z" duration="0.002831" asserts="0">
                <properties>
                  <property name="retryIteration" value="0" />
                  <property name="repeatIteration" value="0" />
                </properties>
                <failure>
                  <message><![CDATA[  After discarding, Spread would still be 6 (limit 5).
  Expected: True
  But was:  False
]]></message>
                  <stack-trace><![CDATA[at Kismeta.Core.Tests.RuleServices_Tests.DiscardToLimit_Over5_PlayerChooses () [0x000a9] in D:\Unity\KismetaAGY\Assets\_Project\Tests\EditMode\RuleServices_Tests.cs:941
]]></stack-trace>
                </failure>
                <output><![CDATA[[CardDatabase] Loaded 156 cards successfully.
]]></output>
              </test-case>
              <test-case id="1110" name="DiscardToLimit_Under5_AutoPasses" fullname="Kismeta.Core.Tests.RuleServices_Tests.DiscardToLimit_Under5_AutoPasses" methodname="DiscardToLimit_Under5_AutoPasses" classname="Kismeta.Core.Tests.RuleServices_Tests" runstate="Runnable" seed="953597198" result="Failed" start-time="2026-06-14 15:15:14Z" end-time="2026-06-14 15:15:14Z" duration="0.003518" asserts="0">
                <properties>
                  <property name="retryIteration" value="0" />
                  <property name="repeatIteration" value="0" />
                </properties>
                <failure>
                  <message><![CDATA[  Spread count unchanged when already within limit.
  Expected: 3
  But was:  4
]]></message>
                  <stack-trace><![CDATA[at Kismeta.Core.Tests.RuleServices_Tests.DiscardToLimit_Under5_AutoPasses () [0x00099] in D:\Unity\KismetaAGY\Assets\_Project\Tests\EditMode\RuleServices_Tests.cs:967
]]></stack-trace>
                </failure>
                <output><![CDATA[[CardDatabase] Loaded 156 cards successfully.
]]></output>
              </test-case>
              <test-case id="1086" name="EnforceLimits_Trims_Spread_To_5" fullname="Kismeta.Core.Tests.RuleServices_Tests.EnforceLimits_Trims_Spread_To_5" methodname="EnforceLimits_Trims_Spread_To_5" classname="Kismeta.Core.Tests.RuleServices_Tests" runstate="Runnable" seed="362559212" result="Passed" start-time="2026-06-14 15:15:14Z" end-time="2026-06-14 15:15:14Z" duration="0.003318" asserts="0">
                <properties>
                  <property name="retryIteration" value="0" />
                  <property name="repeatIteration" value="0" />
                </properties>
                <output><![CDATA[[CardDatabase] Loaded 156 cards successfully.
]]></output>
              </test-case>
              <test-case id="1107" name="FatefulWager_CorrectSign_DoublesCards" fullname="Kismeta.Core.Tests.RuleServices_Tests.FatefulWager_CorrectSign_DoublesCards" methodname="FatefulWager_CorrectSign_DoublesCards" classname="Kismeta.Core.Tests.RuleServices_Tests" runstate="Runnable" seed="735142649" result="Passed" start-time="2026-06-14 15:15:14Z" end-time="2026-06-14 15:15:14Z" duration="0.003599" asserts="0">
                <properties>
                  <property name="retryIteration" value="0" />
                  <property name="repeatIteration" value="0" />
                </properties>
                <output><![CDATA[[CardDatabase] Loaded 156 cards successfully.
]]></output>
              </test-case>
              <test-case id="1106" name="FatefulWager_Placed_CardsRemovedFromSpread" fullname="Kismeta.Core.Tests.RuleServices_Tests.FatefulWager_Placed_CardsRemovedFromSpread" methodname="FatefulWager_Placed_CardsRemovedFromSpread" classname="Kismeta.Core.Tests.RuleServices_Tests" runstate="Runnable" seed="117793893" result="Passed" start-time="2026-06-14 15:15:14Z" end-time="2026-06-14 15:15:14Z" duration="0.003018" asserts="0">
                <properties>
                  <property name="retryIteration" value="0" />
                  <property name="repeatIteration" value="0" />
                </properties>
                <output><![CDATA[[CardDatabase] Loaded 156 cards successfully.
]]></output>
              </test-case>
              <test-case id="1108" name="FatefulWager_WrongSign_DiscardedCards" fullname="Kismeta.Core.Tests.RuleServices_Tests.FatefulWager_WrongSign_DiscardedCards" methodname="FatefulWager_WrongSign_DiscardedCards" classname="Kismeta.Core.Tests.RuleServices_Tests" runstate="Runnable" seed="1398980065" result="Passed" start-time="2026-06-14 15:15:14Z" end-time="2026-06-14 15:15:14Z" duration="0.003213" asserts="0">
                <properties>
                  <property name="retryIteration" value="0" />
                  <property name="repeatIteration" value="0" />
                </properties>
                <output><![CDATA[[CardDatabase] Loaded 156 cards successfully.
]]></output>
              </test-case>
              <test-case id="1077" name="Fire_Fails_If_Slot_Not_Active" fullname="Kismeta.Core.Tests.RuleServices_Tests.Fire_Fails_If_Slot_Not_Active" methodname="Fire_Fails_If_Slot_Not_Active" classname="Kismeta.Core.Tests.RuleServices_Tests" runstate="Runnable" seed="208602905" result="Passed" start-time="2026-06-14 15:15:14Z" end-time="2026-06-14 15:15:14Z" duration="0.003780" asserts="0">
                <properties>
                  <property name="retryIteration" value="0" />
                  <property name="repeatIteration" value="0" />
                </properties>
                <output><![CDATA[[CardDatabase] Loaded 156 cards successfully.
]]></output>
              </test-case>
              <test-case id="1078" name="Fire_Fails_When_Stone_In_Stasis" fullname="Kismeta.Core.Tests.RuleServices_Tests.Fire_Fails_When_Stone_In_Stasis" methodname="Fire_Fails_When_Stone_In_Stasis" classname="Kismeta.Core.Tests.RuleServices_Tests" runstate="Runnable" seed="2135910502" result="Passed" start-time="2026-06-14 15:15:14Z" end-time="2026-06-14 15:15:14Z" duration="0.003201" asserts="0">
                <properties>
                  <property name="retryIteration" value="0" />
                  <property name="repeatIteration" value="0" />
                </properties>
                <output><![CDATA[[CardDatabase] Loaded 156 cards successfully.
]]></output>
              </test-case>
              <test-case id="1069" name="Harvest_Adds_Cards_To_Player_Hand" fullname="Kismeta.Core.Tests.RuleServices_Tests.Harvest_Adds_Cards_To_Player_Hand" methodname="Harvest_Adds_Cards_To_Player_Hand" classname="Kismeta.Core.Tests.RuleServices_Tests" runstate="Runnable" seed="401237070" result="Passed" start-time="2026-06-14 15:15:14Z" end-time="2026-06-14 15:15:14Z" duration="0.006471" asserts="0">
                <properties>
                  <property name="retryIteration" value="0" />
                  <property name="repeatIteration" value="0" />
                </properties>
                <output><![CDATA[[CardDatabase] Loaded 156 cards successfully.
]]></output>
              </test-case>
              <test-case id="1070" name="Harvest_Count_At_Least_3" fullname="Kismeta.Core.Tests.RuleServices_Tests.Harvest_Count_At_Least_3" methodname="Harvest_Count_At_Least_3" classname="Kismeta.Core.Tests.RuleServices_Tests" runstate="Runnable" seed="1325130371" result="Failed" start-time="2026-06-14 15:15:14Z" end-time="2026-06-14 15:15:14Z" duration="0.009371" asserts="0">
                <properties>
                  <property name="retryIteration" value="0" />
                  <property name="repeatIteration" value="0" />
                </properties>
                <failure>
                  <message><![CDATA[  Expected: greater than or equal to 3
  But was:  2
]]></message>
                  <stack-trace><![CDATA[at Kismeta.Core.Tests.RuleServices_Tests.Harvest_Count_At_Least_3 () [0x00039] in D:\Unity\KismetaAGY\Assets\_Project\Tests\EditMode\RuleServices_Tests.cs:195
]]></stack-trace>
                </failure>
                <output><![CDATA[[CardDatabase] Loaded 156 cards successfully.
]]></output>
              </test-case>
              <test-case id="1071" name="Harvest_Count_Bonus_For_Matching_Sign" fullname="Kismeta.Core.Tests.RuleServices_Tests.Harvest_Count_Bonus_For_Matching_Sign" methodname="Harvest_Count_Bonus_For_Matching_Sign" classname="Kismeta.Core.Tests.RuleServices_Tests" runstate="Runnable" seed="490962665" result="Failed" start-time="2026-06-14 15:15:14Z" end-time="2026-06-14 15:15:15Z" duration="0.017723" asserts="0">
                <properties>
                  <property name="retryIteration" value="0" />
                  <property name="repeatIteration" value="0" />
                </properties>
                <failure>
                  <message><![CDATA[  Same Sign (non-Agekeeper, no Boon) should yield base 3 + alignment 3 = 6 cards.
  Expected: 6
  But was:  5
]]></message>
                  <stack-trace><![CDATA[at Kismeta.Core.Tests.RuleServices_Tests.Harvest_Count_Bonus_For_Matching_Sign () [0x0006a] in D:\Unity\KismetaAGY\Assets\_Project\Tests\EditMode\RuleServices_Tests.cs:210
]]></stack-trace>
                </failure>
                <output><![CDATA[[CardDatabase] Loaded 156 cards successfully.
]]></output>
              </test-case>
              <test-case id="1103" name="MoonDraw_MajorArcana_NotInMoonPool" fullname="Kismeta.Core.Tests.RuleServices_Tests.MoonDraw_MajorArcana_NotInMoonPool" methodname="MoonDraw_MajorArcana_NotInMoonPool" classname="Kismeta.Core.Tests.RuleServices_Tests" runstate="Runnable" seed="1405831258" result="Passed" start-time="2026-06-14 15:15:15Z" end-time="2026-06-14 15:15:15Z" duration="0.002887" asserts="0">
                <properties>
                  <property name="retryIteration" value="0" />
                  <property name="repeatIteration" value="0" />
                </properties>
                <output><![CDATA[[CardDatabase] Loaded 156 cards successfully.
]]></output>
              </test-case>
              <test-case id="1081" name="Opposition_Sends_Loser_To_Stasis" fullname="Kismeta.Core.Tests.RuleServices_Tests.Opposition_Sends_Loser_To_Stasis" methodname="Opposition_Sends_Loser_To_Stasis" classname="Kismeta.Core.Tests.RuleServices_Tests" runstate="Runnable" seed="1289966927" result="Passed" start-time="2026-06-14 15:15:15Z" end-time="2026-06-14 15:15:15Z" duration="0.003898" asserts="0">
                <properties>
                  <property name="retryIteration" value="0" />
                  <property name="repeatIteration" value="0" />
                </properties>
                <output><![CDATA[[CardDatabase] Loaded 156 cards successfully.
]]></output>
              </test-case>
              <test-case id="1067" name="RollCosmicAge_Emits_CosmicAgeSetEvent" fullname="Kismeta.Core.Tests.RuleServices_Tests.RollCosmicAge_Emits_CosmicAgeSetEvent" methodname="RollCosmicAge_Emits_CosmicAgeSetEvent" classname="Kismeta.Core.Tests.RuleServices_Tests" runstate="Runnable" seed="1156363433" result="Passed" start-time="2026-06-14 15:15:15Z" end-time="2026-06-14 15:15:15Z" duration="0.002242" asserts="0">
                <properties>
                  <property name="retryIteration" value="0" />
                  <property name="repeatIteration" value="0" />
                </properties>
                <output><![CDATA[[CardDatabase] Loaded 156 cards successfully.
]]></output>
              </test-case>
              <test-case id="1066" name="RollCosmicAge_Sets_NonNone_Sign" fullname="Kismeta.Core.Tests.RuleServices_Tests.RollCosmicAge_Sets_NonNone_Sign" methodname="RollCosmicAge_Sets_NonNone_Sign" classname="Kismeta.Core.Tests.RuleServices_Tests" runstate="Runnable" seed="1022757711" result="Passed" start-time="2026-06-14 15:15:15Z" end-time="2026-06-14 15:15:15Z" duration="0.002483" asserts="0">
                <properties>
                  <property name="retryIteration" value="0" />
                  <property name="repeatIteration" value="0" />
                </properties>
                <output><![CDATA[[CardDatabase] Loaded 156 cards successfully.
]]></output>
              </test-case>
              <test-case id="1068" name="RollZodiac_Sets_Player_Sign" fullname="Kismeta.Core.Tests.RuleServices_Tests.RollZodiac_Sets_Player_Sign" methodname="RollZodiac_Sets_Player_Sign" classname="Kismeta.Core.Tests.RuleServices_Tests" runstate="Runnable" seed="1840784463" result="Passed" start-time="2026-06-14 15:15:15Z" end-time="2026-06-14 15:15:15Z" duration="0.002223" asserts="0">
                <properties>
                  <property name="retryIteration" value="0" />
                  <property name="repeatIteration" value="0" />
                </properties>
                <output><![CDATA[[CardDatabase] Loaded 156 cards successfully.
]]></output>
              </test-case>
              <test-case id="1100" name="RouteDrawnCard_Adept_Queued_NotHand" fullname="Kismeta.Core.Tests.RuleServices_Tests.RouteDrawnCard_Adept_Queued_NotHand" methodname="RouteDrawnCard_Adept_Queued_NotHand" classname="Kismeta.Core.Tests.RuleServices_Tests" runstate="Runnable" seed="1657945473" result="Passed" start-time="2026-06-14 15:15:15Z" end-time="2026-06-14 15:15:15Z" duration="0.002300" asserts="0">
                <properties>
                  <property name="retryIteration" value="0" />
                  <property name="repeatIteration" value="0" />
                </properties>
                <output><![CDATA[[CardDatabase] Loaded 156 cards successfully.
]]></output>
              </test-case>
              <test-case id="1099" name="RouteDrawnCard_Fate_GoesToArcanum_NotHand" fullname="Kismeta.Core.Tests.RuleServices_Tests.RouteDrawnCard_Fate_GoesToArcanum_NotHand" methodname="RouteDrawnCard_Fate_GoesToArcanum_NotHand" classname="Kismeta.Core.Tests.RuleServices_Tests" runstate="Runnable" seed="730544171" result="Passed" start-time="2026-06-14 15:15:15Z" end-time="2026-06-14 15:15:15Z" duration="0.002684" asserts="0">
                <properties>
                  <property name="retryIteration" value="0" />
                  <property name="repeatIteration" value="0" />
                </properties>
                <output><![CDATA[[CardDatabase] Loaded 156 cards successfully.
]]></output>
              </test-case>
              <test-case id="1090" name="Setup_Assigns_Codex_To_Each_Player" fullname="Kismeta.Core.Tests.RuleServices_Tests.Setup_Assigns_Codex_To_Each_Player" methodname="Setup_Assigns_Codex_To_Each_Player" classname="Kismeta.Core.Tests.RuleServices_Tests" runstate="Runnable" seed="1040976140" result="Passed" start-time="2026-06-14 15:15:15Z" end-time="2026-06-14 15:15:15Z" duration="0.002299" asserts="0">
                <properties>
                  <property name="retryIteration" value="0" />
                  <property name="repeatIteration" value="0" />
                </properties>
                <output><![CDATA[[CardDatabase] Loaded 156 cards successfully.
]]></output>
              </test-case>
              <test-case id="1061" name="Setup_CrucibleSlots_Are_Dormant_With_Coal" fullname="Kismeta.Core.Tests.RuleServices_Tests.Setup_CrucibleSlots_Are_Dormant_With_Coal" methodname="Setup_CrucibleSlots_Are_Dormant_With_Coal" classname="Kismeta.Core.Tests.RuleServices_Tests" runstate="Runnable" seed="485854412" result="Passed" start-time="2026-06-14 15:15:15Z" end-time="2026-06-14 15:15:15Z" duration="0.002235" asserts="0">
                <properties>
                  <property name="retryIteration" value="0" />
                  <property name="repeatIteration" value="0" />
                </properties>
                <output><![CDATA[[CardDatabase] Loaded 156 cards successfully.
]]></output>
              </test-case>
              <test-case id="1060" name="Setup_Deals_Four_CrucibleSlots_Per_Player" fullname="Kismeta.Core.Tests.RuleServices_Tests.Setup_Deals_Four_CrucibleSlots_Per_Player" methodname="Setup_Deals_Four_CrucibleSlots_Per_Player" classname="Kismeta.Core.Tests.RuleServices_Tests" runstate="Runnable" seed="1656578362" result="Passed" start-time="2026-06-14 15:15:15Z" end-time="2026-06-14 15:15:15Z" duration="0.002705" asserts="0">
                <properties>
                  <property name="retryIteration" value="0" />
                  <property name="repeatIteration" value="0" />
                </properties>
                <output><![CDATA[[CardDatabase] Loaded 156 cards successfully.
]]></output>
              </test-case>
              <test-case id="1062" name="Setup_Deals_Starter_Spread_Card_To_Each_Player" fullname="Kismeta.Core.Tests.RuleServices_Tests.Setup_Deals_Starter_Spread_Card_To_Each_Player" methodname="Setup_Deals_Starter_Spread_Card_To_Each_Player" classname="Kismeta.Core.Tests.RuleServices_Tests" runstate="Runnable" seed="1925083340" result="Passed" start-time="2026-06-14 15:15:15Z" end-time="2026-06-14 15:15:15Z" duration="0.002175" asserts="0">
                <properties>
                  <property name="retryIteration" value="0" />
                  <property name="repeatIteration" value="0" />
                </properties>
                <output><![CDATA[[CardDatabase] Loaded 156 cards successfully.
]]></output>
              </test-case>
              <test-case id="1091" name="Setup_Players_Get_Unique_Codex_Variants_TwoPlayer" fullname="Kismeta.Core.Tests.RuleServices_Tests.Setup_Players_Get_Unique_Codex_Variants_TwoPlayer" methodname="Setup_Players_Get_Unique_Codex_Variants_TwoPlayer" classname="Kismeta.Core.Tests.RuleServices_Tests" runstate="Runnable" seed="474320937" result="Passed" start-time="2026-06-14 15:15:15Z" end-time="2026-06-14 15:15:15Z" duration="0.002168" asserts="0">
                <properties>
                  <property name="retryIteration" value="0" />
                  <property name="repeatIteration" value="0" />
                </properties>
                <output><![CDATA[[CardDatabase] Loaded 156 cards successfully.
]]></output>
              </test-case>
              <test-case id="1059" name="Setup_Populates_CommonDeck" fullname="Kismeta.Core.Tests.RuleServices_Tests.Setup_Populates_CommonDeck" methodname="Setup_Populates_CommonDeck" classname="Kismeta.Core.Tests.RuleServices_Tests" runstate="Runnable" seed="657385330" result="Passed" start-time="2026-06-14 15:15:15Z" end-time="2026-06-14 15:15:15Z" duration="0.002384" asserts="0">
                <properties>
                  <property name="retryIteration" value="0" />
                  <property name="repeatIteration" value="0" />
                </properties>
                <output><![CDATA[[CardDatabase] Loaded 156 cards successfully.
]]></output>
              </test-case>
              <test-case id="1065" name="Setup_Registers_All_Cards_In_Session" fullname="Kismeta.Core.Tests.RuleServices_Tests.Setup_Registers_All_Cards_In_Session" methodname="Setup_Registers_All_Cards_In_Session" classname="Kismeta.Core.Tests.RuleServices_Tests" runstate="Runnable" seed="1393878708" result="Passed" start-time="2026-06-14 15:15:15Z" end-time="2026-06-14 15:15:15Z" duration="0.002193" asserts="0">
                <properties>
                  <property name="retryIteration" value="0" />
                  <property name="repeatIteration" value="0" />
                </properties>
                <output><![CDATA[[CardDatabase] Loaded 156 cards successfully.
]]></output>
              </test-case>
              <test-case id="1064" name="Setup_Sets_Player0_As_Agekeeper" fullname="Kismeta.Core.Tests.RuleServices_Tests.Setup_Sets_Player0_As_Agekeeper" methodname="Setup_Sets_Player0_As_Agekeeper" classname="Kismeta.Core.Tests.RuleServices_Tests" runstate="Runnable" seed="1983590208" result="Passed" start-time="2026-06-14 15:15:15Z" end-time="2026-06-14 15:15:15Z" duration="0.002223" asserts="0">
                <properties>
                  <property name="retryIteration" value="0" />
                  <property name="repeatIteration" value="0" />
                </properties>
                <output><![CDATA[[CardDatabase] Loaded 156 cards successfully.
]]></output>
              </test-case>
              <test-case id="1063" name="Setup_Starter_Spread_Card_Is_Not_Major_Arcana" fullname="Kismeta.Core.Tests.RuleServices_Tests.Setup_Starter_Spread_Card_Is_Not_Major_Arcana" methodname="Setup_Starter_Spread_Card_Is_Not_Major_Arcana" classname="Kismeta.Core.Tests.RuleServices_Tests" runstate="Runnable" seed="1456394175" result="Passed" start-time="2026-06-14 15:15:15Z" end-time="2026-06-14 15:15:15Z" duration="0.002528" asserts="0">
                <properties>
                  <property name="retryIteration" value="0" />
                  <property name="repeatIteration" value="0" />
                </properties>
                <output><![CDATA[[CardDatabase] Loaded 156 cards successfully.
]]></output>
              </test-case>
              <test-case id="1080" name="Temper_Advances_Stone_And_Discards_Slot" fullname="Kismeta.Core.Tests.RuleServices_Tests.Temper_Advances_Stone_And_Discards_Slot" methodname="Temper_Advances_Stone_And_Discards_Slot" classname="Kismeta.Core.Tests.RuleServices_Tests" runstate="Runnable" seed="1066257635" result="Failed" start-time="2026-06-14 15:15:15Z" end-time="2026-06-14 15:15:15Z" duration="0.002973" asserts="0">
                <properties>
                  <property name="retryIteration" value="0" />
                  <property name="repeatIteration" value="0" />
                </properties>
                <failure>
                  <message><![CDATA[  Stone must be at a Forge position to Temper (currently Lead (Mantle)).
  Expected: True
  But was:  False
]]></message>
                  <stack-trace><![CDATA[at Kismeta.Core.Tests.RuleServices_Tests.Temper_Advances_Stone_And_Discards_Slot () [0x0007b] in D:\Unity\KismetaAGY\Assets\_Project\Tests\EditMode\RuleServices_Tests.cs:335
]]></stack-trace>
                </failure>
                <output><![CDATA[[CardDatabase] Loaded 156 cards successfully.
]]></output>
              </test-case>
              <test-case id="1079" name="Temper_Fails_If_No_Fired_Slot_From_Previous_Round" fullname="Kismeta.Core.Tests.RuleServices_Tests.Temper_Fails_If_No_Fired_Slot_From_Previous_Round" methodname="Temper_Fails_If_No_Fired_Slot_From_Previous_Round" classname="Kismeta.Core.Tests.RuleServices_Tests" runstate="Runnable" seed="1699986715" result="Passed" start-time="2026-06-14 15:15:15Z" end-time="2026-06-14 15:15:15Z" duration="0.002357" asserts="0">
                <properties>
                  <property name="retryIteration" value="0" />
                  <property name="repeatIteration" value="0" />
                </properties>
                <output><![CDATA[[CardDatabase] Loaded 156 cards successfully.
]]></output>
              </test-case>
              <test-case id="1087" name="Transit_Increments_Round_Number" fullname="Kismeta.Core.Tests.RuleServices_Tests.Transit_Increments_Round_Number" methodname="Transit_Increments_Round_Number" classname="Kismeta.Core.Tests.RuleServices_Tests" runstate="Runnable" seed="1139539249" result="Passed" start-time="2026-06-14 15:15:15Z" end-time="2026-06-14 15:15:15Z" duration="0.002178" asserts="0">
                <properties>
                  <property name="retryIteration" value="0" />
                  <property name="repeatIteration" value="0" />
                </properties>
                <output><![CDATA[[CardDatabase] Loaded 156 cards successfully.
]]></output>
              </test-case>
              <test-case id="1089" name="Transit_Reshuffles_Discard_Into_Deck" fullname="Kismeta.Core.Tests.RuleServices_Tests.Transit_Reshuffles_Discard_Into_Deck" methodname="Transit_Reshuffles_Discard_Into_Deck" classname="Kismeta.Core.Tests.RuleServices_Tests" runstate="Runnable" seed="1847729621" result="Passed" start-time="2026-06-14 15:15:15Z" end-time="2026-06-14 15:15:15Z" duration="0.002302" asserts="0">
                <properties>
                  <property name="retryIteration" value="0" />
                  <property name="repeatIteration" value="0" />
                </properties>
                <output><![CDATA[[CardDatabase] Loaded 156 cards successfully.
]]></output>
              </test-case>
              <test-case id="1088" name="Transit_Rotates_Agekeeper" fullname="Kismeta.Core.Tests.RuleServices_Tests.Transit_Rotates_Agekeeper" methodname="Transit_Rotates_Agekeeper" classname="Kismeta.Core.Tests.RuleServices_Tests" runstate="Runnable" seed="2068343942" result="Passed" start-time="2026-06-14 15:15:15Z" end-time="2026-06-14 15:15:15Z" duration="0.002687" asserts="0">
                <properties>
                  <property name="retryIteration" value="0" />
                  <property name="repeatIteration" value="0" />
                </properties>
                <output><![CDATA[[CardDatabase] Loaded 156 cards successfully.
]]></output>
              </test-case>
              <test-case id="1104" name="WinterMoveCard_HandToSpread_Works" fullname="Kismeta.Core.Tests.RuleServices_Tests.WinterMoveCard_HandToSpread_Works" methodname="WinterMoveCard_HandToSpread_Works" classname="Kismeta.Core.Tests.RuleServices_Tests" runstate="Runnable" seed="1799277671" result="Passed" start-time="2026-06-14 15:15:15Z" end-time="2026-06-14 15:15:15Z" duration="0.002540" asserts="0">
                <properties>
                  <property name="retryIteration" value="0" />
                  <property name="repeatIteration" value="0" />
                </properties>
                <output><![CDATA[[CardDatabase] Loaded 156 cards successfully.
]]></output>
              </test-case>
              <test-case id="1105" name="WinterMoveCard_Rejects_NonOwned" fullname="Kismeta.Core.Tests.RuleServices_Tests.WinterMoveCard_Rejects_NonOwned" methodname="WinterMoveCard_Rejects_NonOwned" classname="Kismeta.Core.Tests.RuleServices_Tests" runstate="Runnable" seed="2028598758" result="Passed" start-time="2026-06-14 15:15:15Z" end-time="2026-06-14 15:15:15Z" duration="0.002166" asserts="0">
                <properties>
                  <property name="retryIteration" value="0" />
                  <property name="repeatIteration" value="0" />
                </properties>
                <output><![CDATA[[CardDatabase] Loaded 156 cards successfully.
Saving results to: C:/Users/Catnipsey/AppData/LocalLow/Goodmagik/Kismeta AGY\TestResults.xml
]]></output>
              </test-case>
            </test-suite>
          </test-suite>
        </test-suite>
      </test-suite>
    </test-suite>
  </test-suite>
</test-run>