<?xml version="1.0" encoding="utf-8"?>
<test-run id="2" testcasecount="69" result="Failed(Child)" total="69" passed="66" failed="3" inconclusive="0" skipped="0" asserts="0" engine-version="3.5.0.0" clr-version="4.0.30319.42000" start-time="2026-06-13 17:49:27Z" end-time="2026-06-13 17:49:47Z" duration="20.2246346">
  <test-suite type="TestSuite" id="1085" name="Kismeta AGY" fullname="Kismeta AGY" runstate="Runnable" testcasecount="69" result="Failed" site="Child" start-time="2026-06-13 17:49:27Z" end-time="2026-06-13 17:49:47Z" duration="20.224635" total="69" passed="66" failed="3" inconclusive="0" skipped="0" asserts="0">
    <properties>
      <property name="platform" value="EditMode" />
    </properties>
    <failure>
      <message><![CDATA[One or more child tests had errors]]></message>
    </failure>
    <test-suite type="Assembly" id="1076" name="Kismeta.Core.Tests.dll" fullname="D:/Unity/KismetaAGY/Library/ScriptAssemblies/Kismeta.Core.Tests.dll" runstate="Runnable" testcasecount="69" result="Failed" site="Child" start-time="2026-06-13 17:49:27Z" end-time="2026-06-13 17:49:47Z" duration="20.217777" total="69" passed="66" failed="3" inconclusive="0" skipped="0" asserts="0">
      <properties>
        <property name="_PID" value="39596" />
        <property name="_APPDOMAIN" value="Unity Child Domain" />
        <property name="platform" value="EditMode" />
        <property name="EditorOnly" value="True" />
      </properties>
      <failure>
        <message><![CDATA[One or more child tests had errors]]></message>
      </failure>
      <test-suite type="TestSuite" id="1077" name="Kismeta" fullname="Kismeta" runstate="Runnable" testcasecount="69" result="Failed" site="Child" start-time="2026-06-13 17:49:27Z" end-time="2026-06-13 17:49:47Z" duration="20.216219" total="69" passed="66" failed="3" inconclusive="0" skipped="0" asserts="0">
        <properties />
        <failure>
          <message><![CDATA[One or more child tests had errors]]></message>
        </failure>
        <test-suite type="TestSuite" id="1078" name="Core" fullname="Kismeta.Core" runstate="Runnable" testcasecount="69" result="Failed" site="Child" start-time="2026-06-13 17:49:27Z" end-time="2026-06-13 17:49:47Z" duration="20.214975" total="69" passed="66" failed="3" inconclusive="0" skipped="0" asserts="0">
          <properties />
          <failure>
            <message><![CDATA[One or more child tests had errors]]></message>
          </failure>
          <test-suite type="TestSuite" id="1079" name="Tests" fullname="Kismeta.Core.Tests" runstate="Runnable" testcasecount="69" result="Failed" site="Child" start-time="2026-06-13 17:49:27Z" end-time="2026-06-13 17:49:47Z" duration="20.214748" total="69" passed="66" failed="3" inconclusive="0" skipped="0" asserts="0">
            <properties />
            <failure>
              <message><![CDATA[One or more child tests had errors]]></message>
            </failure>
            <test-suite type="TestFixture" id="1001" name="CardDatabase_Tests" fullname="Kismeta.Core.Tests.CardDatabase_Tests" classname="Kismeta.Core.Tests.CardDatabase_Tests" runstate="Runnable" testcasecount="8" result="Passed" start-time="2026-06-13 17:49:27Z" end-time="2026-06-13 17:49:27Z" duration="0.029107" total="8" passed="8" failed="0" inconclusive="0" skipped="0" asserts="0">
              <properties />
              <output><![CDATA[[CardDatabase] Loaded 156 cards successfully.
]]></output>
              <test-case id="1009" name="All_Adept_Cards_Have_Sign" fullname="Kismeta.Core.Tests.CardDatabase_Tests.All_Adept_Cards_Have_Sign" methodname="All_Adept_Cards_Have_Sign" classname="Kismeta.Core.Tests.CardDatabase_Tests" runstate="Runnable" seed="1031288972" result="Passed" start-time="2026-06-13 17:49:27Z" end-time="2026-06-13 17:49:27Z" duration="0.009089" asserts="0">
                <properties>
                  <property name="retryIteration" value="0" />
                  <property name="repeatIteration" value="0" />
                </properties>
              </test-case>
              <test-case id="1004" name="Crucible_Count_Is_22" fullname="Kismeta.Core.Tests.CardDatabase_Tests.Crucible_Count_Is_22" methodname="Crucible_Count_Is_22" classname="Kismeta.Core.Tests.CardDatabase_Tests" runstate="Runnable" seed="1047135558" result="Passed" start-time="2026-06-13 17:49:27Z" end-time="2026-06-13 17:49:27Z" duration="0.000580" asserts="0">
                <properties>
                  <property name="retryIteration" value="0" />
                  <property name="repeatIteration" value="0" />
                </properties>
              </test-case>
              <test-case id="1007" name="Crucible_GroupA_Has_4_Cards" fullname="Kismeta.Core.Tests.CardDatabase_Tests.Crucible_GroupA_Has_4_Cards" methodname="Crucible_GroupA_Has_4_Cards" classname="Kismeta.Core.Tests.CardDatabase_Tests" runstate="Runnable" seed="1101831011" result="Passed" start-time="2026-06-13 17:49:27Z" end-time="2026-06-13 17:49:27Z" duration="0.000535" asserts="0">
                <properties>
                  <property name="retryIteration" value="0" />
                  <property name="repeatIteration" value="0" />
                </properties>
              </test-case>
              <test-case id="1006" name="Each_Suit_Has_28_Minor_Arcana_Cards" fullname="Kismeta.Core.Tests.CardDatabase_Tests.Each_Suit_Has_28_Minor_Arcana_Cards" methodname="Each_Suit_Has_28_Minor_Arcana_Cards" classname="Kismeta.Core.Tests.CardDatabase_Tests" runstate="Runnable" seed="1622052522" result="Passed" start-time="2026-06-13 17:49:27Z" end-time="2026-06-13 17:49:27Z" duration="0.000518" asserts="0">
                <properties>
                  <property name="retryIteration" value="0" />
                  <property name="repeatIteration" value="0" />
                </properties>
              </test-case>
              <test-case id="1008" name="Known_Card_Id_Resolves_Correctly" fullname="Kismeta.Core.Tests.CardDatabase_Tests.Known_Card_Id_Resolves_Correctly" methodname="Known_Card_Id_Resolves_Correctly" classname="Kismeta.Core.Tests.CardDatabase_Tests" runstate="Runnable" seed="474673498" result="Passed" start-time="2026-06-13 17:49:27Z" end-time="2026-06-13 17:49:27Z" duration="0.000379" asserts="0">
                <properties>
                  <property name="retryIteration" value="0" />
                  <property name="repeatIteration" value="0" />
                </properties>
              </test-case>
              <test-case id="1002" name="Loads_All_156_Cards" fullname="Kismeta.Core.Tests.CardDatabase_Tests.Loads_All_156_Cards" methodname="Loads_All_156_Cards" classname="Kismeta.Core.Tests.CardDatabase_Tests" runstate="Runnable" seed="1214474843" result="Passed" start-time="2026-06-13 17:49:27Z" end-time="2026-06-13 17:49:27Z" duration="0.000096" asserts="0">
                <properties>
                  <property name="retryIteration" value="0" />
                  <property name="repeatIteration" value="0" />
                </properties>
              </test-case>
              <test-case id="1003" name="MajorArcana_Count_Is_22" fullname="Kismeta.Core.Tests.CardDatabase_Tests.MajorArcana_Count_Is_22" methodname="MajorArcana_Count_Is_22" classname="Kismeta.Core.Tests.CardDatabase_Tests" runstate="Runnable" seed="1426577270" result="Passed" start-time="2026-06-13 17:49:27Z" end-time="2026-06-13 17:49:27Z" duration="0.000125" asserts="0">
                <properties>
                  <property name="retryIteration" value="0" />
                  <property name="repeatIteration" value="0" />
                </properties>
              </test-case>
              <test-case id="1005" name="MinorArcana_Count_Is_112" fullname="Kismeta.Core.Tests.CardDatabase_Tests.MinorArcana_Count_Is_112" methodname="MinorArcana_Count_Is_112" classname="Kismeta.Core.Tests.CardDatabase_Tests" runstate="Runnable" seed="394628513" result="Passed" start-time="2026-06-13 17:49:27Z" end-time="2026-06-13 17:49:27Z" duration="0.000146" asserts="0">
                <properties>
                  <property name="retryIteration" value="0" />
                  <property name="repeatIteration" value="0" />
                </properties>
              </test-case>
            </test-suite>
            <test-suite type="TestFixture" id="1010" name="GameLoop_Tests" fullname="Kismeta.Core.Tests.GameLoop_Tests" classname="Kismeta.Core.Tests.GameLoop_Tests" runstate="Runnable" testcasecount="8" result="Failed" site="Child" start-time="2026-06-13 17:49:27Z" end-time="2026-06-13 17:49:47Z" duration="20.056171" total="8" passed="7" failed="1" inconclusive="0" skipped="0" asserts="0">
              <properties />
              <failure>
                <message><![CDATA[One or more child tests had errors]]></message>
              </failure>
              <test-case id="1018" name="ActionValidator_Accepts_Agekeeper_Roll_From_Agekeeper" fullname="Kismeta.Core.Tests.GameLoop_Tests.ActionValidator_Accepts_Agekeeper_Roll_From_Agekeeper" methodname="ActionValidator_Accepts_Agekeeper_Roll_From_Agekeeper" classname="Kismeta.Core.Tests.GameLoop_Tests" runstate="Runnable" seed="331757963" result="Passed" start-time="2026-06-13 17:49:27Z" end-time="2026-06-13 17:49:27Z" duration="0.007776" asserts="0">
                <properties>
                  <property name="retryIteration" value="0" />
                  <property name="repeatIteration" value="0" />
                </properties>
                <output><![CDATA[[CardDatabase] Loaded 156 cards successfully.
]]></output>
              </test-case>
              <test-case id="1017" name="ActionValidator_Rejects_Agekeeper_Roll_From_Non_Agekeeper" fullname="Kismeta.Core.Tests.GameLoop_Tests.ActionValidator_Rejects_Agekeeper_Roll_From_Non_Agekeeper" methodname="ActionValidator_Rejects_Agekeeper_Roll_From_Non_Agekeeper" classname="Kismeta.Core.Tests.GameLoop_Tests" runstate="Runnable" seed="149055575" result="Passed" start-time="2026-06-13 17:49:27Z" end-time="2026-06-13 17:49:27Z" duration="0.002322" asserts="0">
                <properties>
                  <property name="retryIteration" value="0" />
                  <property name="repeatIteration" value="0" />
                </properties>
                <output><![CDATA[[CardDatabase] Loaded 156 cards successfully.
]]></output>
              </test-case>
              <test-case id="1015" name="GameLoop_Event_Log_Is_Non_Empty_After_Setup" fullname="Kismeta.Core.Tests.GameLoop_Tests.GameLoop_Event_Log_Is_Non_Empty_After_Setup" methodname="GameLoop_Event_Log_Is_Non_Empty_After_Setup" classname="Kismeta.Core.Tests.GameLoop_Tests" runstate="Runnable" seed="1663634411" result="Passed" start-time="2026-06-13 17:49:27Z" end-time="2026-06-13 17:49:27Z" duration="0.004589" asserts="0">
                <properties>
                  <property name="retryIteration" value="0" />
                  <property name="repeatIteration" value="0" />
                </properties>
                <output><![CDATA[[CardDatabase] Loaded 156 cards successfully.
]]></output>
              </test-case>
              <test-case id="1012" name="GameLoop_Setup_Populates_All_Decks" fullname="Kismeta.Core.Tests.GameLoop_Tests.GameLoop_Setup_Populates_All_Decks" methodname="GameLoop_Setup_Populates_All_Decks" classname="Kismeta.Core.Tests.GameLoop_Tests" runstate="Runnable" seed="1048979900" result="Failed" start-time="2026-06-13 17:49:27Z" end-time="2026-06-13 17:49:27Z" duration="0.003565" asserts="0">
                <properties>
                  <property name="retryIteration" value="0" />
                  <property name="repeatIteration" value="0" />
                </properties>
                <failure>
                  <message><![CDATA[  CrucibleDeck should be empty after dealing (all cards dealt to players).
  Expected: 0
  But was:  8
]]></message>
                  <stack-trace><![CDATA[at Kismeta.Core.Tests.GameLoop_Tests.GameLoop_Setup_Populates_All_Decks () [0x00041] in D:\Unity\KismetaAGY\Assets\_Project\Tests\EditMode\GameLoop_Tests.cs:94
]]></stack-trace>
                </failure>
                <output><![CDATA[[CardDatabase] Loaded 156 cards successfully.
]]></output>
              </test-case>
              <test-case id="1013" name="GameLoop_Spring_Gives_Each_Player_At_Least_3_Cards_In_Hand" fullname="Kismeta.Core.Tests.GameLoop_Tests.GameLoop_Spring_Gives_Each_Player_At_Least_3_Cards_In_Hand" methodname="GameLoop_Spring_Gives_Each_Player_At_Least_3_Cards_In_Hand" classname="Kismeta.Core.Tests.GameLoop_Tests" runstate="Runnable" seed="378729731" result="Passed" start-time="2026-06-13 17:49:27Z" end-time="2026-06-13 17:49:27Z" duration="0.003193" asserts="0">
                <properties>
                  <property name="retryIteration" value="0" />
                  <property name="repeatIteration" value="0" />
                </properties>
                <output><![CDATA[[CardDatabase] Loaded 156 cards successfully.
]]></output>
              </test-case>
              <test-case id="1011" name="GameLoop_Starts_And_Runs_Without_Exception" fullname="Kismeta.Core.Tests.GameLoop_Tests.GameLoop_Starts_And_Runs_Without_Exception" methodname="GameLoop_Starts_And_Runs_Without_Exception" classname="Kismeta.Core.Tests.GameLoop_Tests" runstate="Runnable" seed="1005943628" result="Passed" start-time="2026-06-13 17:49:27Z" end-time="2026-06-13 17:49:42Z" duration="15.013252" asserts="0">
                <properties>
                  <property name="retryIteration" value="0" />
                  <property name="repeatIteration" value="0" />
                </properties>
                <output><![CDATA[[CardDatabase] Loaded 156 cards successfully.
]]></output>
              </test-case>
              <test-case id="1016" name="GameLoop_Two_Players_Two_Seeds_Produce_Different_Setup" fullname="Kismeta.Core.Tests.GameLoop_Tests.GameLoop_Two_Players_Two_Seeds_Produce_Different_Setup" methodname="GameLoop_Two_Players_Two_Seeds_Produce_Different_Setup" classname="Kismeta.Core.Tests.GameLoop_Tests" runstate="Runnable" seed="810991440" result="Passed" start-time="2026-06-13 17:49:42Z" end-time="2026-06-13 17:49:42Z" duration="0.002926" asserts="0">
                <properties>
                  <property name="retryIteration" value="0" />
                  <property name="repeatIteration" value="0" />
                </properties>
                <output><![CDATA[[CardDatabase] Loaded 156 cards successfully.
Seed 42 first crucible: inst-crucible.b.5
Seed 99 first crucible: inst-crucible.c.14
]]></output>
              </test-case>
              <test-case id="1014" name="GameLoop_Winter_Rotates_Agekeeper_Each_Round" fullname="Kismeta.Core.Tests.GameLoop_Tests.GameLoop_Winter_Rotates_Agekeeper_Each_Round" methodname="GameLoop_Winter_Rotates_Agekeeper_Each_Round" classname="Kismeta.Core.Tests.GameLoop_Tests" runstate="Runnable" seed="960400596" result="Passed" start-time="2026-06-13 17:49:42Z" end-time="2026-06-13 17:49:47Z" duration="5.014881" asserts="0">
                <properties>
                  <property name="retryIteration" value="0" />
                  <property name="repeatIteration" value="0" />
                </properties>
                <output><![CDATA[[CardDatabase] Loaded 156 cards successfully.
]]></output>
              </test-case>
            </test-suite>
            <test-suite type="TestFixture" id="1019" name="GameSession_Tests" fullname="Kismeta.Core.Tests.GameSession_Tests" classname="Kismeta.Core.Tests.GameSession_Tests" runstate="Runnable" testcasecount="9" result="Passed" start-time="2026-06-13 17:49:47Z" end-time="2026-06-13 17:49:47Z" duration="0.017720" total="9" passed="9" failed="0" inconclusive="0" skipped="0" asserts="0">
              <properties />
              <test-case id="1022" name="Apply_AdvancePhaseCommand_Emits_PhaseChangedEvent" fullname="Kismeta.Core.Tests.GameSession_Tests.Apply_AdvancePhaseCommand_Emits_PhaseChangedEvent" methodname="Apply_AdvancePhaseCommand_Emits_PhaseChangedEvent" classname="Kismeta.Core.Tests.GameSession_Tests" runstate="Runnable" seed="428225134" result="Passed" start-time="2026-06-13 17:49:47Z" end-time="2026-06-13 17:49:47Z" duration="0.001195" asserts="0">
                <properties>
                  <property name="retryIteration" value="0" />
                  <property name="repeatIteration" value="0" />
                </properties>
              </test-case>
              <test-case id="1021" name="Apply_AdvancePhaseCommand_Moves_To_Next_Step" fullname="Kismeta.Core.Tests.GameSession_Tests.Apply_AdvancePhaseCommand_Moves_To_Next_Step" methodname="Apply_AdvancePhaseCommand_Moves_To_Next_Step" classname="Kismeta.Core.Tests.GameSession_Tests" runstate="Runnable" seed="1257149" result="Passed" start-time="2026-06-13 17:49:47Z" end-time="2026-06-13 17:49:47Z" duration="0.000241" asserts="0">
                <properties>
                  <property name="retryIteration" value="0" />
                  <property name="repeatIteration" value="0" />
                </properties>
              </test-case>
              <test-case id="1024" name="Apply_SetCardLock_Engages_CardLock" fullname="Kismeta.Core.Tests.GameSession_Tests.Apply_SetCardLock_Engages_CardLock" methodname="Apply_SetCardLock_Engages_CardLock" classname="Kismeta.Core.Tests.GameSession_Tests" runstate="Runnable" seed="2063610386" result="Passed" start-time="2026-06-13 17:49:47Z" end-time="2026-06-13 17:49:47Z" duration="0.000191" asserts="0">
                <properties>
                  <property name="retryIteration" value="0" />
                  <property name="repeatIteration" value="0" />
                </properties>
              </test-case>
              <test-case id="1023" name="Apply_UnhandledCommand_Returns_NotImplemented" fullname="Kismeta.Core.Tests.GameSession_Tests.Apply_UnhandledCommand_Returns_NotImplemented" methodname="Apply_UnhandledCommand_Returns_NotImplemented" classname="Kismeta.Core.Tests.GameSession_Tests" runstate="Runnable" seed="1539130383" result="Passed" start-time="2026-06-13 17:49:47Z" end-time="2026-06-13 17:49:47Z" duration="0.000257" asserts="0">
                <properties>
                  <property name="retryIteration" value="0" />
                  <property name="repeatIteration" value="0" />
                </properties>
              </test-case>
              <test-case id="1028" name="Full_Spring_Sequence_Advances_To_Summer" fullname="Kismeta.Core.Tests.GameSession_Tests.Full_Spring_Sequence_Advances_To_Summer" methodname="Full_Spring_Sequence_Advances_To_Summer" classname="Kismeta.Core.Tests.GameSession_Tests" runstate="Runnable" seed="177672899" result="Passed" start-time="2026-06-13 17:49:47Z" end-time="2026-06-13 17:49:47Z" duration="0.000240" asserts="0">
                <properties>
                  <property name="retryIteration" value="0" />
                  <property name="repeatIteration" value="0" />
                </properties>
              </test-case>
              <test-case id="1025" name="Register_And_Retrieve_CardInstance" fullname="Kismeta.Core.Tests.GameSession_Tests.Register_And_Retrieve_CardInstance" methodname="Register_And_Retrieve_CardInstance" classname="Kismeta.Core.Tests.GameSession_Tests" runstate="Runnable" seed="1271376542" result="Passed" start-time="2026-06-13 17:49:47Z" end-time="2026-06-13 17:49:47Z" duration="0.000361" asserts="0">
                <properties>
                  <property name="retryIteration" value="0" />
                  <property name="repeatIteration" value="0" />
                </properties>
              </test-case>
              <test-case id="1020" name="Session_Initialises_With_Spring_Phase" fullname="Kismeta.Core.Tests.GameSession_Tests.Session_Initialises_With_Spring_Phase" methodname="Session_Initialises_With_Spring_Phase" classname="Kismeta.Core.Tests.GameSession_Tests" runstate="Runnable" seed="1577860379" result="Passed" start-time="2026-06-13 17:49:47Z" end-time="2026-06-13 17:49:47Z" duration="0.000208" asserts="0">
                <properties>
                  <property name="retryIteration" value="0" />
                  <property name="repeatIteration" value="0" />
                </properties>
              </test-case>
              <test-case id="1026" name="Session_Requires_Two_To_Four_Players" fullname="Kismeta.Core.Tests.GameSession_Tests.Session_Requires_Two_To_Four_Players" methodname="Session_Requires_Two_To_Four_Players" classname="Kismeta.Core.Tests.GameSession_Tests" runstate="Runnable" seed="1554275013" result="Passed" start-time="2026-06-13 17:49:47Z" end-time="2026-06-13 17:49:47Z" duration="0.001129" asserts="0">
                <properties>
                  <property name="retryIteration" value="0" />
                  <property name="repeatIteration" value="0" />
                </properties>
              </test-case>
              <test-case id="1027" name="SetWinner_Marks_Session_Over" fullname="Kismeta.Core.Tests.GameSession_Tests.SetWinner_Marks_Session_Over" methodname="SetWinner_Marks_Session_Over" classname="Kismeta.Core.Tests.GameSession_Tests" runstate="Runnable" seed="2060472677" result="Passed" start-time="2026-06-13 17:49:47Z" end-time="2026-06-13 17:49:47Z" duration="0.000411" asserts="0">
                <properties>
                  <property name="retryIteration" value="0" />
                  <property name="repeatIteration" value="0" />
                </properties>
              </test-case>
            </test-suite>
            <test-suite type="TestFixture" id="1029" name="PhaseController_Tests" fullname="Kismeta.Core.Tests.PhaseController_Tests" classname="Kismeta.Core.Tests.PhaseController_Tests" runstate="Runnable" testcasecount="8" result="Passed" start-time="2026-06-13 17:49:47Z" end-time="2026-06-13 17:49:47Z" duration="0.007830" total="8" passed="8" failed="0" inconclusive="0" skipped="0" asserts="0">
              <properties />
              <test-case id="1033" name="Advancing_Through_All_Spring_Steps_Transitions_To_Summer" fullname="Kismeta.Core.Tests.PhaseController_Tests.Advancing_Through_All_Spring_Steps_Transitions_To_Summer" methodname="Advancing_Through_All_Spring_Steps_Transitions_To_Summer" classname="Kismeta.Core.Tests.PhaseController_Tests" runstate="Runnable" seed="237789488" result="Passed" start-time="2026-06-13 17:49:47Z" end-time="2026-06-13 17:49:47Z" duration="0.000233" asserts="0">
                <properties>
                  <property name="retryIteration" value="0" />
                  <property name="repeatIteration" value="0" />
                </properties>
              </test-case>
              <test-case id="1037" name="Full_Round_Cycle_Completes_Without_Error" fullname="Kismeta.Core.Tests.PhaseController_Tests.Full_Round_Cycle_Completes_Without_Error" methodname="Full_Round_Cycle_Completes_Without_Error" classname="Kismeta.Core.Tests.PhaseController_Tests" runstate="Runnable" seed="185236662" result="Passed" start-time="2026-06-13 17:49:47Z" end-time="2026-06-13 17:49:47Z" duration="0.000169" asserts="0">
                <properties>
                  <property name="retryIteration" value="0" />
                  <property name="repeatIteration" value="0" />
                </properties>
              </test-case>
              <test-case id="1035" name="SetSeason_Resets_Step_Index" fullname="Kismeta.Core.Tests.PhaseController_Tests.SetSeason_Resets_Step_Index" methodname="SetSeason_Resets_Step_Index" classname="Kismeta.Core.Tests.PhaseController_Tests" runstate="Runnable" seed="1233325471" result="Passed" start-time="2026-06-13 17:49:47Z" end-time="2026-06-13 17:49:47Z" duration="0.000180" asserts="0">
                <properties>
                  <property name="retryIteration" value="0" />
                  <property name="repeatIteration" value="0" />
                </properties>
              </test-case>
              <test-case id="1031" name="Spring_Has_5_Steps" fullname="Kismeta.Core.Tests.PhaseController_Tests.Spring_Has_5_Steps" methodname="Spring_Has_5_Steps" classname="Kismeta.Core.Tests.PhaseController_Tests" runstate="Runnable" seed="195723599" result="Passed" start-time="2026-06-13 17:49:47Z" end-time="2026-06-13 17:49:47Z" duration="0.000154" asserts="0">
                <properties>
                  <property name="retryIteration" value="0" />
                  <property name="repeatIteration" value="0" />
                </properties>
              </test-case>
              <test-case id="1030" name="Starts_In_Spring_Step_0" fullname="Kismeta.Core.Tests.PhaseController_Tests.Starts_In_Spring_Step_0" methodname="Starts_In_Spring_Step_0" classname="Kismeta.Core.Tests.PhaseController_Tests" runstate="Runnable" seed="1917194237" result="Passed" start-time="2026-06-13 17:49:47Z" end-time="2026-06-13 17:49:47Z" duration="0.000193" asserts="0">
                <properties>
                  <property name="retryIteration" value="0" />
                  <property name="repeatIteration" value="0" />
                </properties>
              </test-case>
              <test-case id="1036" name="Step5_Of_Spring_Is_CardLock" fullname="Kismeta.Core.Tests.PhaseController_Tests.Step5_Of_Spring_Is_CardLock" methodname="Step5_Of_Spring_Is_CardLock" classname="Kismeta.Core.Tests.PhaseController_Tests" runstate="Runnable" seed="1809389279" result="Passed" start-time="2026-06-13 17:49:47Z" end-time="2026-06-13 17:49:47Z" duration="0.000190" asserts="0">
                <properties>
                  <property name="retryIteration" value="0" />
                  <property name="repeatIteration" value="0" />
                </properties>
              </test-case>
              <test-case id="1032" name="Summer_Has_6_Steps_All_Unordered" fullname="Kismeta.Core.Tests.PhaseController_Tests.Summer_Has_6_Steps_All_Unordered" methodname="Summer_Has_6_Steps_All_Unordered" classname="Kismeta.Core.Tests.PhaseController_Tests" runstate="Runnable" seed="1093699554" result="Passed" start-time="2026-06-13 17:49:47Z" end-time="2026-06-13 17:49:47Z" duration="0.000378" asserts="0">
                <properties>
                  <property name="retryIteration" value="0" />
                  <property name="repeatIteration" value="0" />
                </properties>
              </test-case>
              <test-case id="1034" name="Winter_Transitions_Back_To_Spring" fullname="Kismeta.Core.Tests.PhaseController_Tests.Winter_Transitions_Back_To_Spring" methodname="Winter_Transitions_Back_To_Spring" classname="Kismeta.Core.Tests.PhaseController_Tests" runstate="Runnable" seed="1366772857" result="Passed" start-time="2026-06-13 17:49:47Z" end-time="2026-06-13 17:49:47Z" duration="0.000275" asserts="0">
                <properties>
                  <property name="retryIteration" value="0" />
                  <property name="repeatIteration" value="0" />
                </properties>
              </test-case>
            </test-suite>
            <test-suite type="TestFixture" id="1038" name="PlayerView_Tests" fullname="Kismeta.Core.Tests.PlayerView_Tests" classname="Kismeta.Core.Tests.PlayerView_Tests" runstate="Runnable" testcasecount="5" result="Passed" start-time="2026-06-13 17:49:47Z" end-time="2026-06-13 17:49:47Z" duration="0.009199" total="5" passed="5" failed="0" inconclusive="0" skipped="0" asserts="0">
              <properties />
              <test-case id="1039" name="GamePublicView_Does_Not_Expose_Hand_Contents" fullname="Kismeta.Core.Tests.PlayerView_Tests.GamePublicView_Does_Not_Expose_Hand_Contents" methodname="GamePublicView_Does_Not_Expose_Hand_Contents" classname="Kismeta.Core.Tests.PlayerView_Tests" runstate="Runnable" seed="1820213630" result="Passed" start-time="2026-06-13 17:49:47Z" end-time="2026-06-13 17:49:47Z" duration="0.000642" asserts="0">
                <properties>
                  <property name="retryIteration" value="0" />
                  <property name="repeatIteration" value="0" />
                </properties>
              </test-case>
              <test-case id="1040" name="GamePublicView_HandCardCount_Is_Correct" fullname="Kismeta.Core.Tests.PlayerView_Tests.GamePublicView_HandCardCount_Is_Correct" methodname="GamePublicView_HandCardCount_Is_Correct" classname="Kismeta.Core.Tests.PlayerView_Tests" runstate="Runnable" seed="301617763" result="Passed" start-time="2026-06-13 17:49:47Z" end-time="2026-06-13 17:49:47Z" duration="0.000315" asserts="0">
                <properties>
                  <property name="retryIteration" value="0" />
                  <property name="repeatIteration" value="0" />
                </properties>
              </test-case>
              <test-case id="1043" name="GamePublicView_Shows_Current_Phase" fullname="Kismeta.Core.Tests.PlayerView_Tests.GamePublicView_Shows_Current_Phase" methodname="GamePublicView_Shows_Current_Phase" classname="Kismeta.Core.Tests.PlayerView_Tests" runstate="Runnable" seed="924177334" result="Passed" start-time="2026-06-13 17:49:47Z" end-time="2026-06-13 17:49:47Z" duration="0.000280" asserts="0">
                <properties>
                  <property name="retryIteration" value="0" />
                  <property name="repeatIteration" value="0" />
                </properties>
              </test-case>
              <test-case id="1041" name="PlayerPrivateView_Reveals_Only_Requesting_Players_Hand" fullname="Kismeta.Core.Tests.PlayerView_Tests.PlayerPrivateView_Reveals_Only_Requesting_Players_Hand" methodname="PlayerPrivateView_Reveals_Only_Requesting_Players_Hand" classname="Kismeta.Core.Tests.PlayerView_Tests" runstate="Runnable" seed="563883072" result="Passed" start-time="2026-06-13 17:49:47Z" end-time="2026-06-13 17:49:47Z" duration="0.003380" asserts="0">
                <properties>
                  <property name="retryIteration" value="0" />
                  <property name="repeatIteration" value="0" />
                </properties>
              </test-case>
              <test-case id="1042" name="PublicView_Spread_Is_Visible" fullname="Kismeta.Core.Tests.PlayerView_Tests.PublicView_Spread_Is_Visible" methodname="PublicView_Spread_Is_Visible" classname="Kismeta.Core.Tests.PlayerView_Tests" runstate="Runnable" seed="709213142" result="Passed" start-time="2026-06-13 17:49:47Z" end-time="2026-06-13 17:49:47Z" duration="0.000606" asserts="0">
                <properties>
                  <property name="retryIteration" value="0" />
                  <property name="repeatIteration" value="0" />
                </properties>
              </test-case>
            </test-suite>
            <test-suite type="TestFixture" id="1044" name="RuleServices_Tests" fullname="Kismeta.Core.Tests.RuleServices_Tests" classname="Kismeta.Core.Tests.RuleServices_Tests" runstate="Runnable" testcasecount="31" result="Failed" site="Child" start-time="2026-06-13 17:49:47Z" end-time="2026-06-13 17:49:47Z" duration="0.091071" total="31" passed="29" failed="2" inconclusive="0" skipped="0" asserts="0">
              <properties />
              <failure>
                <message><![CDATA[One or more child tests had errors]]></message>
              </failure>
              <test-case id="1060" name="Activate_Fails_If_Slot_Not_Dormant" fullname="Kismeta.Core.Tests.RuleServices_Tests.Activate_Fails_If_Slot_Not_Dormant" methodname="Activate_Fails_If_Slot_Not_Dormant" classname="Kismeta.Core.Tests.RuleServices_Tests" runstate="Runnable" seed="875530285" result="Passed" start-time="2026-06-13 17:49:47Z" end-time="2026-06-13 17:49:47Z" duration="0.018990" asserts="0">
                <properties>
                  <property name="retryIteration" value="0" />
                  <property name="repeatIteration" value="0" />
                </properties>
                <output><![CDATA[[CardDatabase] Loaded 156 cards successfully.
]]></output>
              </test-case>
              <test-case id="1061" name="Activate_Fails_With_Fewer_Than_3_Cards" fullname="Kismeta.Core.Tests.RuleServices_Tests.Activate_Fails_With_Fewer_Than_3_Cards" methodname="Activate_Fails_With_Fewer_Than_3_Cards" classname="Kismeta.Core.Tests.RuleServices_Tests" runstate="Runnable" seed="30414678" result="Passed" start-time="2026-06-13 17:49:47Z" end-time="2026-06-13 17:49:47Z" duration="0.002392" asserts="0">
                <properties>
                  <property name="retryIteration" value="0" />
                  <property name="repeatIteration" value="0" />
                </properties>
                <output><![CDATA[[CardDatabase] Loaded 156 cards successfully.
]]></output>
              </test-case>
              <test-case id="1062" name="Activate_Success_Makes_Slot_Active" fullname="Kismeta.Core.Tests.RuleServices_Tests.Activate_Success_Makes_Slot_Active" methodname="Activate_Success_Makes_Slot_Active" classname="Kismeta.Core.Tests.RuleServices_Tests" runstate="Runnable" seed="1358584993" result="Passed" start-time="2026-06-13 17:49:47Z" end-time="2026-06-13 17:49:47Z" duration="0.002206" asserts="0">
                <properties>
                  <property name="retryIteration" value="0" />
                  <property name="repeatIteration" value="0" />
                </properties>
                <output><![CDATA[[CardDatabase] Loaded 156 cards successfully.
]]></output>
              </test-case>
              <test-case id="1059" name="Commune_Fails_If_Cards_Not_Owned" fullname="Kismeta.Core.Tests.RuleServices_Tests.Commune_Fails_If_Cards_Not_Owned" methodname="Commune_Fails_If_Cards_Not_Owned" classname="Kismeta.Core.Tests.RuleServices_Tests" runstate="Runnable" seed="523807512" result="Passed" start-time="2026-06-13 17:49:47Z" end-time="2026-06-13 17:49:47Z" duration="0.002189" asserts="0">
                <properties>
                  <property name="retryIteration" value="0" />
                  <property name="repeatIteration" value="0" />
                </properties>
                <output><![CDATA[[CardDatabase] Loaded 156 cards successfully.
]]></output>
              </test-case>
              <test-case id="1058" name="Commune_Moves_Cards_To_Correct_Zones" fullname="Kismeta.Core.Tests.RuleServices_Tests.Commune_Moves_Cards_To_Correct_Zones" methodname="Commune_Moves_Cards_To_Correct_Zones" classname="Kismeta.Core.Tests.RuleServices_Tests" runstate="Runnable" seed="730436829" result="Passed" start-time="2026-06-13 17:49:47Z" end-time="2026-06-13 17:49:47Z" duration="0.002193" asserts="0">
                <properties>
                  <property name="retryIteration" value="0" />
                  <property name="repeatIteration" value="0" />
                </properties>
                <output><![CDATA[[CardDatabase] Loaded 156 cards successfully.
]]></output>
              </test-case>
              <test-case id="1070" name="Craft_Elemental_Fails_Without_Lit_Cauldron" fullname="Kismeta.Core.Tests.RuleServices_Tests.Craft_Elemental_Fails_Without_Lit_Cauldron" methodname="Craft_Elemental_Fails_Without_Lit_Cauldron" classname="Kismeta.Core.Tests.RuleServices_Tests" runstate="Runnable" seed="496876712" result="Passed" start-time="2026-06-13 17:49:47Z" end-time="2026-06-13 17:49:47Z" duration="0.002936" asserts="0">
                <properties>
                  <property name="retryIteration" value="0" />
                  <property name="repeatIteration" value="0" />
                </properties>
                <output><![CDATA[[CardDatabase] Loaded 156 cards successfully.
]]></output>
              </test-case>
              <test-case id="1071" name="Craft_Elemental_Succeeds_With_Lit_Cauldron" fullname="Kismeta.Core.Tests.RuleServices_Tests.Craft_Elemental_Succeeds_With_Lit_Cauldron" methodname="Craft_Elemental_Succeeds_With_Lit_Cauldron" classname="Kismeta.Core.Tests.RuleServices_Tests" runstate="Runnable" seed="280766341" result="Failed" start-time="2026-06-13 17:49:47Z" end-time="2026-06-13 17:49:47Z" duration="0.002330" asserts="0">
                <properties>
                  <property name="retryIteration" value="0" />
                  <property name="repeatIteration" value="0" />
                </properties>
                <failure>
                  <message><![CDATA[  All cards must be Wands to craft Sulphur.
  Expected: True
  But was:  False
]]></message>
                  <stack-trace><![CDATA[at Kismeta.Core.Tests.RuleServices_Tests.Craft_Elemental_Succeeds_With_Lit_Cauldron () [0x00053] in D:\Unity\KismetaAGY\Assets\_Project\Tests\EditMode\RuleServices_Tests.cs:384
]]></stack-trace>
                </failure>
                <output><![CDATA[[CardDatabase] Loaded 156 cards successfully.
]]></output>
              </test-case>
              <test-case id="1069" name="Craft_Salt_Fails_With_Fewer_Than_3_Cards" fullname="Kismeta.Core.Tests.RuleServices_Tests.Craft_Salt_Fails_With_Fewer_Than_3_Cards" methodname="Craft_Salt_Fails_With_Fewer_Than_3_Cards" classname="Kismeta.Core.Tests.RuleServices_Tests" runstate="Runnable" seed="814033928" result="Passed" start-time="2026-06-13 17:49:47Z" end-time="2026-06-13 17:49:47Z" duration="0.002084" asserts="0">
                <properties>
                  <property name="retryIteration" value="0" />
                  <property name="repeatIteration" value="0" />
                </properties>
                <output><![CDATA[[CardDatabase] Loaded 156 cards successfully.
]]></output>
              </test-case>
              <test-case id="1068" name="Craft_Salt_With_3_Cards_Succeeds" fullname="Kismeta.Core.Tests.RuleServices_Tests.Craft_Salt_With_3_Cards_Succeeds" methodname="Craft_Salt_With_3_Cards_Succeeds" classname="Kismeta.Core.Tests.RuleServices_Tests" runstate="Runnable" seed="56767789" result="Passed" start-time="2026-06-13 17:49:47Z" end-time="2026-06-13 17:49:47Z" duration="0.002406" asserts="0">
                <properties>
                  <property name="retryIteration" value="0" />
                  <property name="repeatIteration" value="0" />
                </properties>
                <output><![CDATA[[CardDatabase] Loaded 156 cards successfully.
]]></output>
              </test-case>
              <test-case id="1072" name="EnforceLimits_Trims_Spread_To_5" fullname="Kismeta.Core.Tests.RuleServices_Tests.EnforceLimits_Trims_Spread_To_5" methodname="EnforceLimits_Trims_Spread_To_5" classname="Kismeta.Core.Tests.RuleServices_Tests" runstate="Runnable" seed="874189144" result="Passed" start-time="2026-06-13 17:49:47Z" end-time="2026-06-13 17:49:47Z" duration="0.002457" asserts="0">
                <properties>
                  <property name="retryIteration" value="0" />
                  <property name="repeatIteration" value="0" />
                </properties>
                <output><![CDATA[[CardDatabase] Loaded 156 cards successfully.
]]></output>
              </test-case>
              <test-case id="1063" name="Fire_Fails_If_Slot_Not_Active" fullname="Kismeta.Core.Tests.RuleServices_Tests.Fire_Fails_If_Slot_Not_Active" methodname="Fire_Fails_If_Slot_Not_Active" classname="Kismeta.Core.Tests.RuleServices_Tests" runstate="Runnable" seed="929144670" result="Passed" start-time="2026-06-13 17:49:47Z" end-time="2026-06-13 17:49:47Z" duration="0.001984" asserts="0">
                <properties>
                  <property name="retryIteration" value="0" />
                  <property name="repeatIteration" value="0" />
                </properties>
                <output><![CDATA[[CardDatabase] Loaded 156 cards successfully.
]]></output>
              </test-case>
              <test-case id="1064" name="Fire_Fails_When_Stone_In_Stasis" fullname="Kismeta.Core.Tests.RuleServices_Tests.Fire_Fails_When_Stone_In_Stasis" methodname="Fire_Fails_When_Stone_In_Stasis" classname="Kismeta.Core.Tests.RuleServices_Tests" runstate="Runnable" seed="1904153688" result="Passed" start-time="2026-06-13 17:49:47Z" end-time="2026-06-13 17:49:47Z" duration="0.002253" asserts="0">
                <properties>
                  <property name="retryIteration" value="0" />
                  <property name="repeatIteration" value="0" />
                </properties>
                <output><![CDATA[[CardDatabase] Loaded 156 cards successfully.
]]></output>
              </test-case>
              <test-case id="1055" name="Harvest_Adds_Cards_To_Player_Hand" fullname="Kismeta.Core.Tests.RuleServices_Tests.Harvest_Adds_Cards_To_Player_Hand" methodname="Harvest_Adds_Cards_To_Player_Hand" classname="Kismeta.Core.Tests.RuleServices_Tests" runstate="Runnable" seed="1546576741" result="Passed" start-time="2026-06-13 17:49:47Z" end-time="2026-06-13 17:49:47Z" duration="0.002018" asserts="0">
                <properties>
                  <property name="retryIteration" value="0" />
                  <property name="repeatIteration" value="0" />
                </properties>
                <output><![CDATA[[CardDatabase] Loaded 156 cards successfully.
]]></output>
              </test-case>
              <test-case id="1056" name="Harvest_Count_At_Least_3" fullname="Kismeta.Core.Tests.RuleServices_Tests.Harvest_Count_At_Least_3" methodname="Harvest_Count_At_Least_3" classname="Kismeta.Core.Tests.RuleServices_Tests" runstate="Runnable" seed="850111319" result="Passed" start-time="2026-06-13 17:49:47Z" end-time="2026-06-13 17:49:47Z" duration="0.002074" asserts="0">
                <properties>
                  <property name="retryIteration" value="0" />
                  <property name="repeatIteration" value="0" />
                </properties>
                <output><![CDATA[[CardDatabase] Loaded 156 cards successfully.
]]></output>
              </test-case>
              <test-case id="1057" name="Harvest_Count_Bonus_For_Matching_Sign" fullname="Kismeta.Core.Tests.RuleServices_Tests.Harvest_Count_Bonus_For_Matching_Sign" methodname="Harvest_Count_Bonus_For_Matching_Sign" classname="Kismeta.Core.Tests.RuleServices_Tests" runstate="Runnable" seed="1399640888" result="Failed" start-time="2026-06-13 17:49:47Z" end-time="2026-06-13 17:49:47Z" duration="0.002164" asserts="0">
                <properties>
                  <property name="retryIteration" value="0" />
                  <property name="repeatIteration" value="0" />
                </properties>
                <failure>
                  <message><![CDATA[  Same Sign should yield base 3 + alignment 3 = 6 cards.
  Expected: 6
  But was:  8
]]></message>
                  <stack-trace><![CDATA[at Kismeta.Core.Tests.RuleServices_Tests.Harvest_Count_Bonus_For_Matching_Sign () [0x00051] in D:\Unity\KismetaAGY\Assets\_Project\Tests\EditMode\RuleServices_Tests.cs:196
]]></stack-trace>
                </failure>
                <output><![CDATA[[CardDatabase] Loaded 156 cards successfully.
]]></output>
              </test-case>
              <test-case id="1067" name="Opposition_Sends_Loser_To_Stasis" fullname="Kismeta.Core.Tests.RuleServices_Tests.Opposition_Sends_Loser_To_Stasis" methodname="Opposition_Sends_Loser_To_Stasis" classname="Kismeta.Core.Tests.RuleServices_Tests" runstate="Runnable" seed="1428637723" result="Passed" start-time="2026-06-13 17:49:47Z" end-time="2026-06-13 17:49:47Z" duration="0.002880" asserts="0">
                <properties>
                  <property name="retryIteration" value="0" />
                  <property name="repeatIteration" value="0" />
                </properties>
                <output><![CDATA[[CardDatabase] Loaded 156 cards successfully.
]]></output>
              </test-case>
              <test-case id="1053" name="RollCosmicAge_Emits_CosmicAgeSetEvent" fullname="Kismeta.Core.Tests.RuleServices_Tests.RollCosmicAge_Emits_CosmicAgeSetEvent" methodname="RollCosmicAge_Emits_CosmicAgeSetEvent" classname="Kismeta.Core.Tests.RuleServices_Tests" runstate="Runnable" seed="1350600583" result="Passed" start-time="2026-06-13 17:49:47Z" end-time="2026-06-13 17:49:47Z" duration="0.002000" asserts="0">
                <properties>
                  <property name="retryIteration" value="0" />
                  <property name="repeatIteration" value="0" />
                </properties>
                <output><![CDATA[[CardDatabase] Loaded 156 cards successfully.
]]></output>
              </test-case>
              <test-case id="1052" name="RollCosmicAge_Sets_NonNone_Sign" fullname="Kismeta.Core.Tests.RuleServices_Tests.RollCosmicAge_Sets_NonNone_Sign" methodname="RollCosmicAge_Sets_NonNone_Sign" classname="Kismeta.Core.Tests.RuleServices_Tests" runstate="Runnable" seed="209804748" result="Passed" start-time="2026-06-13 17:49:47Z" end-time="2026-06-13 17:49:47Z" duration="0.001990" asserts="0">
                <properties>
                  <property name="retryIteration" value="0" />
                  <property name="repeatIteration" value="0" />
                </properties>
                <output><![CDATA[[CardDatabase] Loaded 156 cards successfully.
]]></output>
              </test-case>
              <test-case id="1054" name="RollZodiac_Sets_Player_Sign" fullname="Kismeta.Core.Tests.RuleServices_Tests.RollZodiac_Sets_Player_Sign" methodname="RollZodiac_Sets_Player_Sign" classname="Kismeta.Core.Tests.RuleServices_Tests" runstate="Runnable" seed="516225260" result="Passed" start-time="2026-06-13 17:49:47Z" end-time="2026-06-13 17:49:47Z" duration="0.001915" asserts="0">
                <properties>
                  <property name="retryIteration" value="0" />
                  <property name="repeatIteration" value="0" />
                </properties>
                <output><![CDATA[[CardDatabase] Loaded 156 cards successfully.
]]></output>
              </test-case>
              <test-case id="1047" name="Setup_CrucibleSlots_Are_Dormant_With_Coal" fullname="Kismeta.Core.Tests.RuleServices_Tests.Setup_CrucibleSlots_Are_Dormant_With_Coal" methodname="Setup_CrucibleSlots_Are_Dormant_With_Coal" classname="Kismeta.Core.Tests.RuleServices_Tests" runstate="Runnable" seed="588363345" result="Passed" start-time="2026-06-13 17:49:47Z" end-time="2026-06-13 17:49:47Z" duration="0.002059" asserts="0">
                <properties>
                  <property name="retryIteration" value="0" />
                  <property name="repeatIteration" value="0" />
                </properties>
                <output><![CDATA[[CardDatabase] Loaded 156 cards successfully.
]]></output>
              </test-case>
              <test-case id="1046" name="Setup_Deals_Four_CrucibleSlots_Per_Player" fullname="Kismeta.Core.Tests.RuleServices_Tests.Setup_Deals_Four_CrucibleSlots_Per_Player" methodname="Setup_Deals_Four_CrucibleSlots_Per_Player" classname="Kismeta.Core.Tests.RuleServices_Tests" runstate="Runnable" seed="1242506836" result="Passed" start-time="2026-06-13 17:49:47Z" end-time="2026-06-13 17:49:47Z" duration="0.001994" asserts="0">
                <properties>
                  <property name="retryIteration" value="0" />
                  <property name="repeatIteration" value="0" />
                </properties>
                <output><![CDATA[[CardDatabase] Loaded 156 cards successfully.
]]></output>
              </test-case>
              <test-case id="1048" name="Setup_Deals_Starter_Spread_Card_To_Each_Player" fullname="Kismeta.Core.Tests.RuleServices_Tests.Setup_Deals_Starter_Spread_Card_To_Each_Player" methodname="Setup_Deals_Starter_Spread_Card_To_Each_Player" classname="Kismeta.Core.Tests.RuleServices_Tests" runstate="Runnable" seed="1226788374" result="Passed" start-time="2026-06-13 17:49:47Z" end-time="2026-06-13 17:49:47Z" duration="0.001981" asserts="0">
                <properties>
                  <property name="retryIteration" value="0" />
                  <property name="repeatIteration" value="0" />
                </properties>
                <output><![CDATA[[CardDatabase] Loaded 156 cards successfully.
]]></output>
              </test-case>
              <test-case id="1045" name="Setup_Populates_CommonDeck" fullname="Kismeta.Core.Tests.RuleServices_Tests.Setup_Populates_CommonDeck" methodname="Setup_Populates_CommonDeck" classname="Kismeta.Core.Tests.RuleServices_Tests" runstate="Runnable" seed="1446610793" result="Passed" start-time="2026-06-13 17:49:47Z" end-time="2026-06-13 17:49:47Z" duration="0.001917" asserts="0">
                <properties>
                  <property name="retryIteration" value="0" />
                  <property name="repeatIteration" value="0" />
                </properties>
                <output><![CDATA[[CardDatabase] Loaded 156 cards successfully.
]]></output>
              </test-case>
              <test-case id="1051" name="Setup_Registers_All_Cards_In_Session" fullname="Kismeta.Core.Tests.RuleServices_Tests.Setup_Registers_All_Cards_In_Session" methodname="Setup_Registers_All_Cards_In_Session" classname="Kismeta.Core.Tests.RuleServices_Tests" runstate="Runnable" seed="759150254" result="Passed" start-time="2026-06-13 17:49:47Z" end-time="2026-06-13 17:49:47Z" duration="0.002010" asserts="0">
                <properties>
                  <property name="retryIteration" value="0" />
                  <property name="repeatIteration" value="0" />
                </properties>
                <output><![CDATA[[CardDatabase] Loaded 156 cards successfully.
]]></output>
              </test-case>
              <test-case id="1050" name="Setup_Sets_Player0_As_Agekeeper" fullname="Kismeta.Core.Tests.RuleServices_Tests.Setup_Sets_Player0_As_Agekeeper" methodname="Setup_Sets_Player0_As_Agekeeper" classname="Kismeta.Core.Tests.RuleServices_Tests" runstate="Runnable" seed="1498443105" result="Passed" start-time="2026-06-13 17:49:47Z" end-time="2026-06-13 17:49:47Z" duration="0.001940" asserts="0">
                <properties>
                  <property name="retryIteration" value="0" />
                  <property name="repeatIteration" value="0" />
                </properties>
                <output><![CDATA[[CardDatabase] Loaded 156 cards successfully.
]]></output>
              </test-case>
              <test-case id="1049" name="Setup_Starter_Spread_Card_Is_Not_Major_Arcana" fullname="Kismeta.Core.Tests.RuleServices_Tests.Setup_Starter_Spread_Card_Is_Not_Major_Arcana" methodname="Setup_Starter_Spread_Card_Is_Not_Major_Arcana" classname="Kismeta.Core.Tests.RuleServices_Tests" runstate="Runnable" seed="1970115587" result="Passed" start-time="2026-06-13 17:49:47Z" end-time="2026-06-13 17:49:47Z" duration="0.002007" asserts="0">
                <properties>
                  <property name="retryIteration" value="0" />
                  <property name="repeatIteration" value="0" />
                </properties>
                <output><![CDATA[[CardDatabase] Loaded 156 cards successfully.
]]></output>
              </test-case>
              <test-case id="1066" name="Temper_Advances_Stone_And_Discards_Slot" fullname="Kismeta.Core.Tests.RuleServices_Tests.Temper_Advances_Stone_And_Discards_Slot" methodname="Temper_Advances_Stone_And_Discards_Slot" classname="Kismeta.Core.Tests.RuleServices_Tests" runstate="Runnable" seed="81985389" result="Passed" start-time="2026-06-13 17:49:47Z" end-time="2026-06-13 17:49:47Z" duration="0.002596" asserts="0">
                <properties>
                  <property name="retryIteration" value="0" />
                  <property name="repeatIteration" value="0" />
                </properties>
                <output><![CDATA[[CardDatabase] Loaded 156 cards successfully.
]]></output>
              </test-case>
              <test-case id="1065" name="Temper_Fails_If_No_Fired_Slot_From_Previous_Round" fullname="Kismeta.Core.Tests.RuleServices_Tests.Temper_Fails_If_No_Fired_Slot_From_Previous_Round" methodname="Temper_Fails_If_No_Fired_Slot_From_Previous_Round" classname="Kismeta.Core.Tests.RuleServices_Tests" runstate="Runnable" seed="1132218948" result="Passed" start-time="2026-06-13 17:49:47Z" end-time="2026-06-13 17:49:47Z" duration="0.001983" asserts="0">
                <properties>
                  <property name="retryIteration" value="0" />
                  <property name="repeatIteration" value="0" />
                </properties>
                <output><![CDATA[[CardDatabase] Loaded 156 cards successfully.
]]></output>
              </test-case>
              <test-case id="1073" name="Transit_Increments_Round_Number" fullname="Kismeta.Core.Tests.RuleServices_Tests.Transit_Increments_Round_Number" methodname="Transit_Increments_Round_Number" classname="Kismeta.Core.Tests.RuleServices_Tests" runstate="Runnable" seed="73387679" result="Passed" start-time="2026-06-13 17:49:47Z" end-time="2026-06-13 17:49:47Z" duration="0.002769" asserts="0">
                <properties>
                  <property name="retryIteration" value="0" />
                  <property name="repeatIteration" value="0" />
                </properties>
                <output><![CDATA[[CardDatabase] Loaded 156 cards successfully.
]]></output>
              </test-case>
              <test-case id="1075" name="Transit_Reshuffles_Discard_Into_Deck" fullname="Kismeta.Core.Tests.RuleServices_Tests.Transit_Reshuffles_Discard_Into_Deck" methodname="Transit_Reshuffles_Discard_Into_Deck" classname="Kismeta.Core.Tests.RuleServices_Tests" runstate="Runnable" seed="1613120031" result="Passed" start-time="2026-06-13 17:49:47Z" end-time="2026-06-13 17:49:47Z" duration="0.002073" asserts="0">
                <properties>
                  <property name="retryIteration" value="0" />
                  <property name="repeatIteration" value="0" />
                </properties>
                <output><![CDATA[[CardDatabase] Loaded 156 cards successfully.
]]></output>
              </test-case>
              <test-case id="1074" name="Transit_Rotates_Agekeeper" fullname="Kismeta.Core.Tests.RuleServices_Tests.Transit_Rotates_Agekeeper" methodname="Transit_Rotates_Agekeeper" classname="Kismeta.Core.Tests.RuleServices_Tests" runstate="Runnable" seed="83932079" result="Passed" start-time="2026-06-13 17:49:47Z" end-time="2026-06-13 17:49:47Z" duration="0.001981" asserts="0">
                <properties>
                  <property name="retryIteration" value="0" />
                  <property name="repeatIteration" value="0" />
                </properties>
                <output><![CDATA[[CardDatabase] Loaded 156 cards successfully.
Saving results to: C:/Users/Catnipsey/AppData/LocalLow/Goodmagik/Kismeta AGY\TestResults.xml
]]></output>
              </test-case>
            </test-suite>
          </test-suite>
        </test-suite>
      </test-suite>
    </test-suite>
  </test-suite>
</test-run>